{"/Users/johnnyhammond/Documents/new-years-project/src/App.tsx": {"path":"/Users/johnnyhammond/Documents/new-years-project/src/App.tsx","statementMap":{"0":{"start":{"line":13,"column":6},"end":{"line":13,"column":null}},"1":{"start":{"line":13,"column":24},"end":{"line":13,"column":null}},"2":{"start":{"line":13,"column":65},"end":{"line":13,"column":null}},"3":{"start":{"line":14,"column":6},"end":{"line":14,"column":null}},"4":{"start":{"line":14,"column":28},"end":{"line":14,"column":null}},"5":{"start":{"line":14,"column":73},"end":{"line":14,"column":null}},"6":{"start":{"line":15,"column":6},"end":{"line":15,"column":null}},"7":{"start":{"line":15,"column":23},"end":{"line":15,"column":null}},"8":{"start":{"line":15,"column":63},"end":{"line":15,"column":null}},"9":{"start":{"line":18,"column":2},"end":{"line":31,"column":null}},"10":{"start":{"line":36,"column":2},"end":{"line":36,"column":null}}},"fnMap":{"0":{"name":"(anonymous_0)","decl":{"start":{"line":13,"column":18},"end":{"line":13,"column":24}},"loc":{"start":{"line":13,"column":24},"end":{"line":13,"column":null}},"line":13},"1":{"name":"(anonymous_1)","decl":{"start":{"line":13,"column":52},"end":{"line":13,"column":63}},"loc":{"start":{"line":13,"column":65},"end":{"line":13,"column":null}},"line":13},"2":{"name":"(anonymous_2)","decl":{"start":{"line":14,"column":22},"end":{"line":14,"column":28}},"loc":{"start":{"line":14,"column":28},"end":{"line":14,"column":null}},"line":14},"3":{"name":"(anonymous_3)","decl":{"start":{"line":14,"column":60},"end":{"line":14,"column":71}},"loc":{"start":{"line":14,"column":73},"end":{"line":14,"column":null}},"line":14},"4":{"name":"(anonymous_4)","decl":{"start":{"line":15,"column":17},"end":{"line":15,"column":23}},"loc":{"start":{"line":15,"column":23},"end":{"line":15,"column":null}},"line":15},"5":{"name":"(anonymous_5)","decl":{"start":{"line":15,"column":50},"end":{"line":15,"column":61}},"loc":{"start":{"line":15,"column":63},"end":{"line":15,"column":null}},"line":15},"6":{"name":"AppContent","decl":{"start":{"line":17,"column":9},"end":{"line":17,"column":22}},"loc":{"start":{"line":17,"column":22},"end":{"line":33,"column":null}},"line":17},"7":{"name":"App","decl":{"start":{"line":35,"column":24},"end":{"line":35,"column":30}},"loc":{"start":{"line":35,"column":30},"end":{"line":37,"column":null}},"line":35}},"branchMap":{},"s":{"0":2,"1":1,"2":1,"3":2,"4":1,"5":1,"6":2,"7":1,"8":1,"9":4,"10":4},"f":{"0":1,"1":1,"2":1,"3":1,"4":1,"5":1,"6":4,"7":4},"b":{},"meta":{"lastBranch":0,"lastFunction":8,"lastStatement":11,"seen":{"s:13:6:13:Infinity":0,"f:13:18:13:24":0,"s:13:24:13:Infinity":1,"f:13:52:13:63":1,"s:13:65:13:Infinity":2,"s:14:6:14:Infinity":3,"f:14:22:14:28":2,"s:14:28:14:Infinity":4,"f:14:60:14:71":3,"s:14:73:14:Infinity":5,"s:15:6:15:Infinity":6,"f:15:17:15:23":4,"s:15:23:15:Infinity":7,"f:15:50:15:61":5,"s:15:63:15:Infinity":8,"f:17:9:17:22":6,"s:18:2:31:Infinity":9,"f:35:24:35:30":7,"s:36:2:36:Infinity":10}}}
,"/Users/johnnyhammond/Documents/new-years-project/src/components/BlogSkeleton.tsx": {"path":"/Users/johnnyhammond/Documents/new-years-project/src/components/BlogSkeleton.tsx","statementMap":{"0":{"start":{"line":9,"column":2},"end":{"line":65,"column":null}},"1":{"start":{"line":51,"column":12},"end":{"line":58,"column":null}}},"fnMap":{"0":{"name":"BlogSkeleton","decl":{"start":{"line":8,"column":16},"end":{"line":8,"column":31}},"loc":{"start":{"line":8,"column":31},"end":{"line":67,"column":null}},"line":8},"1":{"name":"(anonymous_1)","decl":{"start":{"line":50,"column":41},"end":{"line":50,"column":42}},"loc":{"start":{"line":51,"column":12},"end":{"line":58,"column":null}},"line":51}},"branchMap":{},"s":{"0":4,"1":24},"f":{"0":4,"1":24},"b":{},"meta":{"lastBranch":0,"lastFunction":2,"lastStatement":2,"seen":{"f:8:16:8:31":0,"s:9:2:65:Infinity":0,"f:50:41:50:42":1,"s:51:12:58:Infinity":1}}}
,"/Users/johnnyhammond/Documents/new-years-project/src/components/Button.tsx": {"path":"/Users/johnnyhammond/Documents/new-years-project/src/components/Button.tsx","statementMap":{"0":{"start":{"line":12,"column":2},"end":{"line":14,"column":null}},"1":{"start":{"line":13,"column":4},"end":{"line":13,"column":null}},"2":{"start":{"line":15,"column":2},"end":{"line":17,"column":null}},"3":{"start":{"line":16,"column":4},"end":{"line":16,"column":null}},"4":{"start":{"line":18,"column":2},"end":{"line":18,"column":null}},"5":{"start":{"line":25,"column":2},"end":{"line":27,"column":null}},"6":{"start":{"line":26,"column":4},"end":{"line":26,"column":null}},"7":{"start":{"line":28,"column":2},"end":{"line":28,"column":null}},"8":{"start":{"line":32,"column":2},"end":{"line":34,"column":null}},"9":{"start":{"line":33,"column":4},"end":{"line":33,"column":null}},"10":{"start":{"line":35,"column":2},"end":{"line":35,"column":null}},"11":{"start":{"line":39,"column":2},"end":{"line":41,"column":null}},"12":{"start":{"line":40,"column":4},"end":{"line":40,"column":null}},"13":{"start":{"line":42,"column":2},"end":{"line":42,"column":null}},"14":{"start":{"line":53,"column":23},"end":{"line":53,"column":null}},"15":{"start":{"line":54,"column":28},"end":{"line":54,"column":null}},"16":{"start":{"line":55,"column":26},"end":{"line":55,"column":null}},"17":{"start":{"line":56,"column":27},"end":{"line":56,"column":null}},"18":{"start":{"line":58,"column":2},"end":{"line":63,"column":null}}},"fnMap":{"0":{"name":"getVariantClass","decl":{"start":{"line":11,"column":9},"end":{"line":11,"column":25}},"loc":{"start":{"line":11,"column":60},"end":{"line":19,"column":null}},"line":11},"1":{"name":"shouldDisplayChevron","decl":{"start":{"line":21,"column":9},"end":{"line":21,"column":null}},"loc":{"start":{"line":24,"column":11},"end":{"line":29,"column":null}},"line":24},"2":{"name":"renderLeftChevron","decl":{"start":{"line":31,"column":9},"end":{"line":31,"column":27}},"loc":{"start":{"line":31,"column":69},"end":{"line":36,"column":null}},"line":31},"3":{"name":"renderRightChevron","decl":{"start":{"line":38,"column":9},"end":{"line":38,"column":28}},"loc":{"start":{"line":38,"column":70},"end":{"line":43,"column":null}},"line":38},"4":{"name":"Button","decl":{"start":{"line":45,"column":16},"end":{"line":45,"column":23}},"loc":{"start":{"line":52,"column":10},"end":{"line":65,"column":null}},"line":52}},"branchMap":{"0":{"loc":{"start":{"line":12,"column":2},"end":{"line":14,"column":null}},"type":"if","locations":[{"start":{"line":12,"column":2},"end":{"line":14,"column":null}},{"start":{},"end":{}}],"line":12},"1":{"loc":{"start":{"line":15,"column":2},"end":{"line":17,"column":null}},"type":"if","locations":[{"start":{"line":15,"column":2},"end":{"line":17,"column":null}},{"start":{},"end":{}}],"line":15},"2":{"loc":{"start":{"line":25,"column":2},"end":{"line":27,"column":null}},"type":"if","locations":[{"start":{"line":25,"column":2},"end":{"line":27,"column":null}},{"start":{},"end":{}}],"line":25},"3":{"loc":{"start":{"line":28,"column":9},"end":{"line":28,"column":null}},"type":"binary-expr","locations":[{"start":{"line":28,"column":9},"end":{"line":28,"column":34}},{"start":{"line":28,"column":34},"end":{"line":28,"column":null}}],"line":28},"4":{"loc":{"start":{"line":32,"column":2},"end":{"line":34,"column":null}},"type":"if","locations":[{"start":{"line":32,"column":2},"end":{"line":34,"column":null}},{"start":{},"end":{}}],"line":32},"5":{"loc":{"start":{"line":39,"column":2},"end":{"line":41,"column":null}},"type":"if","locations":[{"start":{"line":39,"column":2},"end":{"line":41,"column":null}},{"start":{},"end":{}}],"line":39},"6":{"loc":{"start":{"line":46,"column":2},"end":{"line":46,"column":null}},"type":"default-arg","locations":[{"start":{"line":46,"column":12},"end":{"line":46,"column":null}}],"line":46},"7":{"loc":{"start":{"line":48,"column":2},"end":{"line":48,"column":null}},"type":"default-arg","locations":[{"start":{"line":48,"column":16},"end":{"line":48,"column":null}}],"line":48},"8":{"loc":{"start":{"line":49,"column":2},"end":{"line":49,"column":null}},"type":"default-arg","locations":[{"start":{"line":49,"column":20},"end":{"line":49,"column":null}}],"line":49},"9":{"loc":{"start":{"line":55,"column":26},"end":{"line":55,"column":null}},"type":"binary-expr","locations":[{"start":{"line":55,"column":26},"end":{"line":55,"column":47}},{"start":{"line":55,"column":47},"end":{"line":55,"column":null}}],"line":55},"10":{"loc":{"start":{"line":56,"column":27},"end":{"line":56,"column":null}},"type":"binary-expr","locations":[{"start":{"line":56,"column":27},"end":{"line":56,"column":48}},{"start":{"line":56,"column":48},"end":{"line":56,"column":null}}],"line":56}},"s":{"0":15,"1":3,"2":12,"3":2,"4":10,"5":15,"6":10,"7":5,"8":15,"9":14,"10":1,"11":15,"12":12,"13":3,"14":15,"15":15,"16":15,"17":15,"18":15},"f":{"0":15,"1":15,"2":15,"3":15,"4":15},"b":{"0":[3,12],"1":[2,10],"2":[10,5],"3":[5,2],"4":[14,1],"5":[12,3],"6":[15],"7":[15],"8":[15],"9":[15,4],"10":[15,4]},"meta":{"lastBranch":11,"lastFunction":5,"lastStatement":19,"seen":{"f:11:9:11:25":0,"b:12:2:14:Infinity:undefined:undefined:undefined:undefined":0,"s:12:2:14:Infinity":0,"s:13:4:13:Infinity":1,"b:15:2:17:Infinity:undefined:undefined:undefined:undefined":1,"s:15:2:17:Infinity":2,"s:16:4:16:Infinity":3,"s:18:2:18:Infinity":4,"f:21:9:21:Infinity":1,"b:25:2:27:Infinity:undefined:undefined:undefined:undefined":2,"s:25:2:27:Infinity":5,"s:26:4:26:Infinity":6,"s:28:2:28:Infinity":7,"b:28:9:28:34:28:34:28:Infinity":3,"f:31:9:31:27":2,"b:32:2:34:Infinity:undefined:undefined:undefined:undefined":4,"s:32:2:34:Infinity":8,"s:33:4:33:Infinity":9,"s:35:2:35:Infinity":10,"f:38:9:38:28":3,"b:39:2:41:Infinity:undefined:undefined:undefined:undefined":5,"s:39:2:41:Infinity":11,"s:40:4:40:Infinity":12,"s:42:2:42:Infinity":13,"f:45:16:45:23":4,"b:46:12:46:Infinity":6,"b:48:16:48:Infinity":7,"b:49:20:49:Infinity":8,"s:53:23:53:Infinity":14,"s:54:28:54:Infinity":15,"s:55:26:55:Infinity":16,"b:55:26:55:47:55:47:55:Infinity":9,"s:56:27:56:Infinity":17,"b:56:27:56:48:56:48:56:Infinity":10,"s:58:2:63:Infinity":18}}}
,"/Users/johnnyhammond/Documents/new-years-project/src/components/Icon.tsx": {"path":"/Users/johnnyhammond/Documents/new-years-project/src/components/Icon.tsx","statementMap":{"0":{"start":{"line":11,"column":2},"end":{"line":11,"column":null}}},"fnMap":{"0":{"name":"Icon","decl":{"start":{"line":10,"column":16},"end":{"line":10,"column":21}},"loc":{"start":{"line":10,"column":87},"end":{"line":12,"column":null}},"line":10}},"branchMap":{"0":{"loc":{"start":{"line":10,"column":39},"end":{"line":10,"column":50}},"type":"default-arg","locations":[{"start":{"line":10,"column":46},"end":{"line":10,"column":50}}],"line":10},"1":{"loc":{"start":{"line":10,"column":50},"end":{"line":10,"column":67}},"type":"default-arg","locations":[{"start":{"line":10,"column":64},"end":{"line":10,"column":67}}],"line":10}},"s":{"0":72},"f":{"0":72},"b":{"0":[72],"1":[72]},"meta":{"lastBranch":2,"lastFunction":1,"lastStatement":1,"seen":{"f:10:16:10:21":0,"b:10:46:10:50":0,"b:10:64:10:67":1,"s:11:2:11:Infinity":0}}}
,"/Users/johnnyhammond/Documents/new-years-project/src/components/MetaTags.tsx": {"path":"/Users/johnnyhammond/Documents/new-years-project/src/components/MetaTags.tsx","statementMap":{"0":{"start":{"line":8,"column":2},"end":{"line":8,"column":null}},"1":{"start":{"line":10,"column":2},"end":{"line":10,"column":null}}},"fnMap":{"0":{"name":"MetaTags","decl":{"start":{"line":7,"column":16},"end":{"line":7,"column":25}},"loc":{"start":{"line":7,"column":49},"end":{"line":11,"column":null}},"line":7}},"branchMap":{},"s":{"0":20,"1":20},"f":{"0":20},"b":{},"meta":{"lastBranch":0,"lastFunction":1,"lastStatement":2,"seen":{"f:7:16:7:25":0,"s:8:2:8:Infinity":0,"s:10:2:10:Infinity":1}}}
,"/Users/johnnyhammond/Documents/new-years-project/src/components/ScrollToTop.tsx": {"path":"/Users/johnnyhammond/Documents/new-years-project/src/components/ScrollToTop.tsx","statementMap":{"0":{"start":{"line":9,"column":25},"end":{"line":9,"column":null}},"1":{"start":{"line":11,"column":2},"end":{"line":32,"column":null}},"2":{"start":{"line":12,"column":4},"end":{"line":31,"column":null}},"3":{"start":{"line":14,"column":6},"end":{"line":27,"column":null}},"4":{"start":{"line":15,"column":24},"end":{"line":15,"column":null}},"5":{"start":{"line":16,"column":8},"end":{"line":26,"column":null}},"6":{"start":{"line":18,"column":31},"end":{"line":18,"column":null}},"7":{"start":{"line":19,"column":34},"end":{"line":19,"column":null}},"8":{"start":{"line":20,"column":33},"end":{"line":20,"column":null}},"9":{"start":{"line":22,"column":10},"end":{"line":25,"column":null}},"10":{"start":{"line":30,"column":6},"end":{"line":30,"column":null}},"11":{"start":{"line":34,"column":2},"end":{"line":34,"column":null}}},"fnMap":{"0":{"name":"ScrollToTop","decl":{"start":{"line":8,"column":16},"end":{"line":8,"column":30}},"loc":{"start":{"line":8,"column":30},"end":{"line":35,"column":null}},"line":8},"1":{"name":"(anonymous_1)","decl":{"start":{"line":11,"column":12},"end":{"line":11,"column":18}},"loc":{"start":{"line":11,"column":18},"end":{"line":32,"column":5}},"line":11},"2":{"name":"(anonymous_2)","decl":{"start":{"line":14,"column":17},"end":{"line":14,"column":23}},"loc":{"start":{"line":14,"column":23},"end":{"line":27,"column":9}},"line":14}},"branchMap":{"0":{"loc":{"start":{"line":12,"column":4},"end":{"line":31,"column":null}},"type":"if","locations":[{"start":{"line":12,"column":4},"end":{"line":31,"column":null}},{"start":{"line":28,"column":11},"end":{"line":31,"column":null}}],"line":12},"1":{"loc":{"start":{"line":16,"column":8},"end":{"line":26,"column":null}},"type":"if","locations":[{"start":{"line":16,"column":8},"end":{"line":26,"column":null}},{"start":{},"end":{}}],"line":16}},"s":{"0":17,"1":17,"2":17,"3":8,"4":8,"5":8,"6":7,"7":7,"8":7,"9":7,"10":9,"11":17},"f":{"0":17,"1":17,"2":8},"b":{"0":[8,9],"1":[7,1]},"meta":{"lastBranch":2,"lastFunction":3,"lastStatement":12,"seen":{"f:8:16:8:30":0,"s:9:25:9:Infinity":0,"s:11:2:32:Infinity":1,"f:11:12:11:18":1,"b:12:4:31:Infinity:28:11:31:Infinity":0,"s:12:4:31:Infinity":2,"s:14:6:27:Infinity":3,"f:14:17:14:23":2,"s:15:24:15:Infinity":4,"b:16:8:26:Infinity:undefined:undefined:undefined:undefined":1,"s:16:8:26:Infinity":5,"s:18:31:18:Infinity":6,"s:19:34:19:Infinity":7,"s:20:33:20:Infinity":8,"s:22:10:25:Infinity":9,"s:30:6:30:Infinity":10,"s:34:2:34:Infinity":11}}}
,"/Users/johnnyhammond/Documents/new-years-project/src/components/AudioControl/AudioControl.tsx": {"path":"/Users/johnnyhammond/Documents/new-years-project/src/components/AudioControl/AudioControl.tsx","statementMap":{"0":{"start":{"line":7,"column":26},"end":{"line":7,"column":null}},"1":{"start":{"line":8,"column":32},"end":{"line":8,"column":null}},"2":{"start":{"line":9,"column":8},"end":{"line":9,"column":null}},"3":{"start":{"line":11,"column":8},"end":{"line":11,"column":null}},"4":{"start":{"line":13,"column":8},"end":{"line":17,"column":null}},"5":{"start":{"line":20,"column":27},"end":{"line":20,"column":null}},"6":{"start":{"line":22,"column":2},"end":{"line":58,"column":null}},"7":{"start":{"line":24,"column":35},"end":{"line":24,"column":null}},"8":{"start":{"line":25,"column":4},"end":{"line":35,"column":null}},"9":{"start":{"line":26,"column":6},"end":{"line":26,"column":null}},"10":{"start":{"line":27,"column":4},"end":{"line":35,"column":null}},"11":{"start":{"line":28,"column":6},"end":{"line":28,"column":null}},"12":{"start":{"line":29,"column":4},"end":{"line":35,"column":null}},"13":{"start":{"line":30,"column":6},"end":{"line":30,"column":null}},"14":{"start":{"line":31,"column":4},"end":{"line":35,"column":null}},"15":{"start":{"line":32,"column":6},"end":{"line":32,"column":null}},"16":{"start":{"line":33,"column":4},"end":{"line":35,"column":null}},"17":{"start":{"line":34,"column":6},"end":{"line":34,"column":null}},"18":{"start":{"line":38,"column":4},"end":{"line":42,"column":null}},"19":{"start":{"line":39,"column":6},"end":{"line":39,"column":null}},"20":{"start":{"line":41,"column":6},"end":{"line":41,"column":null}},"21":{"start":{"line":45,"column":4},"end":{"line":57,"column":null}},"22":{"start":{"line":46,"column":6},"end":{"line":54,"column":null}},"23":{"start":{"line":47,"column":8},"end":{"line":47,"column":null}},"24":{"start":{"line":48,"column":8},"end":{"line":52,"column":null}},"25":{"start":{"line":49,"column":10},"end":{"line":49,"column":null}},"26":{"start":{"line":50,"column":10},"end":{"line":50,"column":null}},"27":{"start":{"line":51,"column":10},"end":{"line":51,"column":null}},"28":{"start":{"line":53,"column":8},"end":{"line":53,"column":null}},"29":{"start":{"line":55,"column":6},"end":{"line":55,"column":null}},"30":{"start":{"line":56,"column":6},"end":{"line":56,"column":null}},"31":{"start":{"line":61,"column":26},"end":{"line":92,"column":null}},"32":{"start":{"line":63,"column":4},"end":{"line":65,"column":null}},"33":{"start":{"line":64,"column":6},"end":{"line":64,"column":null}},"34":{"start":{"line":68,"column":4},"end":{"line":70,"column":null}},"35":{"start":{"line":69,"column":6},"end":{"line":69,"column":null}},"36":{"start":{"line":73,"column":18},"end":{"line":73,"column":null}},"37":{"start":{"line":75,"column":4},"end":{"line":75,"column":null}},"38":{"start":{"line":76,"column":4},"end":{"line":76,"column":null}},"39":{"start":{"line":79,"column":23},"end":{"line":79,"column":null}},"40":{"start":{"line":79,"column":29},"end":{"line":79,"column":null}},"41":{"start":{"line":80,"column":24},"end":{"line":80,"column":null}},"42":{"start":{"line":80,"column":30},"end":{"line":80,"column":null}},"43":{"start":{"line":81,"column":24},"end":{"line":81,"column":null}},"44":{"start":{"line":81,"column":30},"end":{"line":81,"column":null}},"45":{"start":{"line":84,"column":4},"end":{"line":84,"column":null}},"46":{"start":{"line":87,"column":4},"end":{"line":87,"column":null}},"47":{"start":{"line":88,"column":4},"end":{"line":88,"column":null}},"48":{"start":{"line":89,"column":4},"end":{"line":89,"column":null}},"49":{"start":{"line":91,"column":4},"end":{"line":91,"column":null}},"50":{"start":{"line":94,"column":26},"end":{"line":113,"column":null}},"51":{"start":{"line":96,"column":18},"end":{"line":96,"column":null}},"52":{"start":{"line":97,"column":4},"end":{"line":97,"column":null}},"53":{"start":{"line":97,"column":16},"end":{"line":97,"column":null}},"54":{"start":{"line":99,"column":4},"end":{"line":112,"column":null}},"55":{"start":{"line":101,"column":6},"end":{"line":101,"column":null}},"56":{"start":{"line":102,"column":6},"end":{"line":102,"column":null}},"57":{"start":{"line":105,"column":6},"end":{"line":111,"column":null}},"58":{"start":{"line":106,"column":8},"end":{"line":106,"column":null}},"59":{"start":{"line":107,"column":8},"end":{"line":107,"column":null}},"60":{"start":{"line":109,"column":8},"end":{"line":109,"column":null}},"61":{"start":{"line":110,"column":8},"end":{"line":110,"column":null}},"62":{"start":{"line":115,"column":2},"end":{"line":117,"column":null}},"63":{"start":{"line":116,"column":4},"end":{"line":116,"column":null}},"64":{"start":{"line":119,"column":2},"end":{"line":127,"column":null}}},"fnMap":{"0":{"name":"AudioControl","decl":{"start":{"line":6,"column":16},"end":{"line":6,"column":31}},"loc":{"start":{"line":6,"column":31},"end":{"line":129,"column":null}},"line":6},"1":{"name":"(anonymous_1)","decl":{"start":{"line":22,"column":12},"end":{"line":22,"column":18}},"loc":{"start":{"line":22,"column":18},"end":{"line":58,"column":5}},"line":22},"2":{"name":"(anonymous_2)","decl":{"start":{"line":45,"column":11},"end":{"line":45,"column":17}},"loc":{"start":{"line":45,"column":17},"end":{"line":57,"column":null}},"line":45},"3":{"name":"(anonymous_3)","decl":{"start":{"line":61,"column":26},"end":{"line":61,"column":57}},"loc":{"start":{"line":61,"column":57},"end":{"line":92,"column":null}},"line":61},"4":{"name":"(anonymous_4)","decl":{"start":{"line":79,"column":23},"end":{"line":79,"column":29}},"loc":{"start":{"line":79,"column":29},"end":{"line":79,"column":null}},"line":79},"5":{"name":"(anonymous_5)","decl":{"start":{"line":80,"column":24},"end":{"line":80,"column":30}},"loc":{"start":{"line":80,"column":30},"end":{"line":80,"column":null}},"line":80},"6":{"name":"(anonymous_6)","decl":{"start":{"line":81,"column":24},"end":{"line":81,"column":30}},"loc":{"start":{"line":81,"column":30},"end":{"line":81,"column":null}},"line":81},"7":{"name":"(anonymous_7)","decl":{"start":{"line":94,"column":26},"end":{"line":94,"column":38}},"loc":{"start":{"line":94,"column":38},"end":{"line":113,"column":null}},"line":94}},"branchMap":{"0":{"loc":{"start":{"line":20,"column":27},"end":{"line":20,"column":null}},"type":"binary-expr","locations":[{"start":{"line":20,"column":27},"end":{"line":20,"column":59}},{"start":{"line":20,"column":59},"end":{"line":20,"column":91}},{"start":{"line":20,"column":91},"end":{"line":20,"column":127}},{"start":{"line":20,"column":127},"end":{"line":20,"column":157}},{"start":{"line":20,"column":157},"end":{"line":20,"column":null}}],"line":20},"1":{"loc":{"start":{"line":25,"column":4},"end":{"line":35,"column":null}},"type":"if","locations":[{"start":{"line":25,"column":4},"end":{"line":35,"column":null}},{"start":{"line":27,"column":4},"end":{"line":35,"column":null}}],"line":25},"2":{"loc":{"start":{"line":27,"column":4},"end":{"line":35,"column":null}},"type":"if","locations":[{"start":{"line":27,"column":4},"end":{"line":35,"column":null}},{"start":{"line":29,"column":4},"end":{"line":35,"column":null}}],"line":27},"3":{"loc":{"start":{"line":29,"column":4},"end":{"line":35,"column":null}},"type":"if","locations":[{"start":{"line":29,"column":4},"end":{"line":35,"column":null}},{"start":{"line":31,"column":4},"end":{"line":35,"column":null}}],"line":29},"4":{"loc":{"start":{"line":31,"column":4},"end":{"line":35,"column":null}},"type":"if","locations":[{"start":{"line":31,"column":4},"end":{"line":35,"column":null}},{"start":{"line":33,"column":4},"end":{"line":35,"column":null}}],"line":31},"5":{"loc":{"start":{"line":33,"column":4},"end":{"line":35,"column":null}},"type":"if","locations":[{"start":{"line":33,"column":4},"end":{"line":35,"column":null}},{"start":{},"end":{}}],"line":33},"6":{"loc":{"start":{"line":38,"column":4},"end":{"line":42,"column":null}},"type":"if","locations":[{"start":{"line":38,"column":4},"end":{"line":42,"column":null}},{"start":{"line":40,"column":11},"end":{"line":42,"column":null}}],"line":38},"7":{"loc":{"start":{"line":38,"column":8},"end":{"line":38,"column":39}},"type":"binary-expr","locations":[{"start":{"line":38,"column":8},"end":{"line":38,"column":28}},{"start":{"line":38,"column":28},"end":{"line":38,"column":39}}],"line":38},"8":{"loc":{"start":{"line":46,"column":6},"end":{"line":54,"column":null}},"type":"if","locations":[{"start":{"line":46,"column":6},"end":{"line":54,"column":null}},{"start":{},"end":{}}],"line":46},"9":{"loc":{"start":{"line":48,"column":8},"end":{"line":52,"column":null}},"type":"if","locations":[{"start":{"line":48,"column":8},"end":{"line":52,"column":null}},{"start":{},"end":{}}],"line":48},"10":{"loc":{"start":{"line":63,"column":4},"end":{"line":65,"column":null}},"type":"if","locations":[{"start":{"line":63,"column":4},"end":{"line":65,"column":null}},{"start":{},"end":{}}],"line":63},"11":{"loc":{"start":{"line":68,"column":4},"end":{"line":70,"column":null}},"type":"if","locations":[{"start":{"line":68,"column":4},"end":{"line":70,"column":null}},{"start":{},"end":{}}],"line":68},"12":{"loc":{"start":{"line":97,"column":4},"end":{"line":97,"column":null}},"type":"if","locations":[{"start":{"line":97,"column":4},"end":{"line":97,"column":null}},{"start":{},"end":{}}],"line":97},"13":{"loc":{"start":{"line":99,"column":4},"end":{"line":112,"column":null}},"type":"if","locations":[{"start":{"line":99,"column":4},"end":{"line":112,"column":null}},{"start":{"line":103,"column":11},"end":{"line":112,"column":null}}],"line":99},"14":{"loc":{"start":{"line":115,"column":2},"end":{"line":117,"column":null}},"type":"if","locations":[{"start":{"line":115,"column":2},"end":{"line":117,"column":null}},{"start":{},"end":{}}],"line":115},"15":{"loc":{"start":{"line":123,"column":18},"end":{"line":123,"column":null}},"type":"cond-expr","locations":[{"start":{"line":123,"column":30},"end":{"line":123,"column":46}},{"start":{"line":123,"column":46},"end":{"line":123,"column":null}}],"line":123},"16":{"loc":{"start":{"line":124,"column":13},"end":{"line":124,"column":null}},"type":"cond-expr","locations":[{"start":{"line":124,"column":25},"end":{"line":124,"column":41}},{"start":{"line":124,"column":41},"end":{"line":124,"column":null}}],"line":124},"17":{"loc":{"start":{"line":126,"column":7},"end":{"line":126,"column":null}},"type":"cond-expr","locations":[{"start":{"line":126,"column":19},"end":{"line":126,"column":41}},{"start":{"line":126,"column":41},"end":{"line":126,"column":null}}],"line":126}},"s":{"0":38,"1":38,"2":38,"3":38,"4":38,"5":38,"6":38,"7":20,"8":20,"9":9,"10":11,"11":1,"12":10,"13":1,"14":9,"15":2,"16":7,"17":1,"18":20,"19":14,"20":6,"21":20,"22":20,"23":13,"24":13,"25":13,"26":13,"27":13,"28":13,"29":20,"30":20,"31":38,"32":16,"33":3,"34":13,"35":0,"36":13,"37":13,"38":13,"39":13,"40":0,"41":13,"42":0,"43":13,"44":0,"45":13,"46":13,"47":13,"48":13,"49":13,"50":38,"51":16,"52":16,"53":0,"54":16,"55":2,"56":2,"57":14,"58":14,"59":13,"60":1,"61":1,"62":38,"63":7,"64":31},"f":{"0":38,"1":20,"2":20,"3":16,"4":0,"5":0,"6":0,"7":16},"b":{"0":[38,36,16,14,9],"1":[9,11],"2":[1,10],"3":[1,9],"4":[2,7],"5":[1,6],"6":[14,6],"7":[20,14],"8":[13,7],"9":[13,0],"10":[3,13],"11":[0,13],"12":[0,16],"13":[2,14],"14":[7,31],"15":[14,17],"16":[14,17],"17":[14,17]},"meta":{"lastBranch":18,"lastFunction":8,"lastStatement":65,"seen":{"f:6:16:6:31":0,"s:7:26:7:Infinity":0,"s:8:32:8:Infinity":1,"s:9:8:9:Infinity":2,"s:11:8:11:Infinity":3,"s:13:8:17:Infinity":4,"s:20:27:20:Infinity":5,"b:20:27:20:59:20:59:20:91:20:91:20:127:20:127:20:157:20:157:20:Infinity":0,"s:22:2:58:Infinity":6,"f:22:12:22:18":1,"s:24:35:24:Infinity":7,"b:25:4:35:Infinity:27:4:35:Infinity":1,"s:25:4:35:Infinity":8,"s:26:6:26:Infinity":9,"b:27:4:35:Infinity:29:4:35:Infinity":2,"s:27:4:35:Infinity":10,"s:28:6:28:Infinity":11,"b:29:4:35:Infinity:31:4:35:Infinity":3,"s:29:4:35:Infinity":12,"s:30:6:30:Infinity":13,"b:31:4:35:Infinity:33:4:35:Infinity":4,"s:31:4:35:Infinity":14,"s:32:6:32:Infinity":15,"b:33:4:35:Infinity:undefined:undefined:undefined:undefined":5,"s:33:4:35:Infinity":16,"s:34:6:34:Infinity":17,"b:38:4:42:Infinity:40:11:42:Infinity":6,"s:38:4:42:Infinity":18,"b:38:8:38:28:38:28:38:39":7,"s:39:6:39:Infinity":19,"s:41:6:41:Infinity":20,"s:45:4:57:Infinity":21,"f:45:11:45:17":2,"b:46:6:54:Infinity:undefined:undefined:undefined:undefined":8,"s:46:6:54:Infinity":22,"s:47:8:47:Infinity":23,"b:48:8:52:Infinity:undefined:undefined:undefined:undefined":9,"s:48:8:52:Infinity":24,"s:49:10:49:Infinity":25,"s:50:10:50:Infinity":26,"s:51:10:51:Infinity":27,"s:53:8:53:Infinity":28,"s:55:6:55:Infinity":29,"s:56:6:56:Infinity":30,"s:61:26:92:Infinity":31,"f:61:26:61:57":3,"b:63:4:65:Infinity:undefined:undefined:undefined:undefined":10,"s:63:4:65:Infinity":32,"s:64:6:64:Infinity":33,"b:68:4:70:Infinity:undefined:undefined:undefined:undefined":11,"s:68:4:70:Infinity":34,"s:69:6:69:Infinity":35,"s:73:18:73:Infinity":36,"s:75:4:75:Infinity":37,"s:76:4:76:Infinity":38,"s:79:23:79:Infinity":39,"f:79:23:79:29":4,"s:79:29:79:Infinity":40,"s:80:24:80:Infinity":41,"f:80:24:80:30":5,"s:80:30:80:Infinity":42,"s:81:24:81:Infinity":43,"f:81:24:81:30":6,"s:81:30:81:Infinity":44,"s:84:4:84:Infinity":45,"s:87:4:87:Infinity":46,"s:88:4:88:Infinity":47,"s:89:4:89:Infinity":48,"s:91:4:91:Infinity":49,"s:94:26:113:Infinity":50,"f:94:26:94:38":7,"s:96:18:96:Infinity":51,"b:97:4:97:Infinity:undefined:undefined:undefined:undefined":12,"s:97:4:97:Infinity":52,"s:97:16:97:Infinity":53,"b:99:4:112:Infinity:103:11:112:Infinity":13,"s:99:4:112:Infinity":54,"s:101:6:101:Infinity":55,"s:102:6:102:Infinity":56,"s:105:6:111:Infinity":57,"s:106:8:106:Infinity":58,"s:107:8:107:Infinity":59,"s:109:8:109:Infinity":60,"s:110:8:110:Infinity":61,"b:115:2:117:Infinity:undefined:undefined:undefined:undefined":14,"s:115:2:117:Infinity":62,"s:116:4:116:Infinity":63,"s:119:2:127:Infinity":64,"b:123:30:123:46:123:46:123:Infinity":15,"b:124:25:124:41:124:41:124:Infinity":16,"b:126:19:126:41:126:41:126:Infinity":17}}}
,"/Users/johnnyhammond/Documents/new-years-project/src/components/ThemePicker/ThemePicker.tsx": {"path":"/Users/johnnyhammond/Documents/new-years-project/src/components/ThemePicker/ThemePicker.tsx","statementMap":{"0":{"start":{"line":21,"column":34},"end":{"line":67,"column":null}},"1":{"start":{"line":69,"column":63},"end":{"line":76,"column":null}},"2":{"start":{"line":90,"column":2},"end":{"line":119,"column":null}},"3":{"start":{"line":107,"column":25},"end":{"line":107,"column":null}},"4":{"start":{"line":112,"column":25},"end":{"line":112,"column":null}},"5":{"start":{"line":136,"column":2},"end":{"line":138,"column":null}},"6":{"start":{"line":137,"column":4},"end":{"line":137,"column":null}},"7":{"start":{"line":140,"column":2},"end":{"line":161,"column":null}},"8":{"start":{"line":145,"column":31},"end":{"line":145,"column":null}},"9":{"start":{"line":146,"column":28},"end":{"line":146,"column":null}},"10":{"start":{"line":147,"column":10},"end":{"line":157,"column":null}},"11":{"start":{"line":167,"column":2},"end":{"line":167,"column":null}},"12":{"start":{"line":171,"column":21},"end":{"line":176,"column":null}},"13":{"start":{"line":178,"column":26},"end":{"line":215,"column":null}},"14":{"start":{"line":217,"column":2},"end":{"line":219,"column":null}},"15":{"start":{"line":218,"column":4},"end":{"line":218,"column":null}},"16":{"start":{"line":221,"column":2},"end":{"line":221,"column":null}},"17":{"start":{"line":221,"column":40},"end":{"line":221,"column":67}},"18":{"start":{"line":231,"column":2},"end":{"line":233,"column":null}},"19":{"start":{"line":232,"column":4},"end":{"line":232,"column":null}},"20":{"start":{"line":235,"column":2},"end":{"line":260,"column":null}},"21":{"start":{"line":239,"column":8},"end":{"line":258,"column":null}},"22":{"start":{"line":302,"column":2},"end":{"line":405,"column":null}},"23":{"start":{"line":317,"column":12},"end":{"line":317,"column":null}},"24":{"start":{"line":318,"column":12},"end":{"line":318,"column":null}},"25":{"start":{"line":328,"column":28},"end":{"line":328,"column":null}},"26":{"start":{"line":329,"column":32},"end":{"line":329,"column":null}},"27":{"start":{"line":330,"column":29},"end":{"line":330,"column":null}},"28":{"start":{"line":331,"column":10},"end":{"line":365,"column":null}},"29":{"start":{"line":337,"column":31},"end":{"line":337,"column":null}},"30":{"start":{"line":339,"column":18},"end":{"line":342,"column":null}},"31":{"start":{"line":340,"column":20},"end":{"line":340,"column":null}},"32":{"start":{"line":341,"column":20},"end":{"line":341,"column":null}},"33":{"start":{"line":354,"column":24},"end":{"line":354,"column":null}},"34":{"start":{"line":355,"column":24},"end":{"line":355,"column":null}},"35":{"start":{"line":383,"column":33},"end":{"line":383,"column":null}},"36":{"start":{"line":439,"column":2},"end":{"line":524,"column":null}},"37":{"start":{"line":442,"column":31},"end":{"line":442,"column":null}},"38":{"start":{"line":442,"column":61},"end":{"line":442,"column":88}},"39":{"start":{"line":443,"column":8},"end":{"line":443,"column":null}},"40":{"start":{"line":443,"column":41},"end":{"line":443,"column":null}},"41":{"start":{"line":445,"column":31},"end":{"line":445,"column":null}},"42":{"start":{"line":445,"column":64},"end":{"line":445,"column":80}},"43":{"start":{"line":447,"column":8},"end":{"line":498,"column":null}},"44":{"start":{"line":448,"column":31},"end":{"line":448,"column":null}},"45":{"start":{"line":448,"column":58},"end":{"line":448,"column":112}},"46":{"start":{"line":449,"column":35},"end":{"line":449,"column":null}},"47":{"start":{"line":449,"column":62},"end":{"line":449,"column":124}},"48":{"start":{"line":450,"column":36},"end":{"line":450,"column":null}},"49":{"start":{"line":450,"column":63},"end":{"line":450,"column":127}},"50":{"start":{"line":451,"column":41},"end":{"line":451,"column":null}},"51":{"start":{"line":451,"column":68},"end":{"line":451,"column":142}},"52":{"start":{"line":453,"column":10},"end":{"line":496,"column":null}},"53":{"start":{"line":500,"column":8},"end":{"line":521,"column":null}},"54":{"start":{"line":505,"column":37},"end":{"line":505,"column":null}},"55":{"start":{"line":506,"column":34},"end":{"line":506,"column":null}},"56":{"start":{"line":507,"column":16},"end":{"line":517,"column":null}},"57":{"start":{"line":529,"column":105},"end":{"line":529,"column":null}},"58":{"start":{"line":530,"column":38},"end":{"line":530,"column":null}},"59":{"start":{"line":531,"column":26},"end":{"line":531,"column":null}},"60":{"start":{"line":532,"column":34},"end":{"line":532,"column":null}},"61":{"start":{"line":533,"column":42},"end":{"line":533,"column":null}},"62":{"start":{"line":534,"column":48},"end":{"line":534,"column":null}},"63":{"start":{"line":535,"column":62},"end":{"line":535,"column":null}},"64":{"start":{"line":536,"column":44},"end":{"line":536,"column":null}},"65":{"start":{"line":537,"column":8},"end":{"line":537,"column":null}},"66":{"start":{"line":538,"column":8},"end":{"line":538,"column":null}},"67":{"start":{"line":539,"column":8},"end":{"line":539,"column":null}},"68":{"start":{"line":544,"column":8},"end":{"line":570,"column":null}},"69":{"start":{"line":545,"column":4},"end":{"line":545,"column":null}},"70":{"start":{"line":545,"column":17},"end":{"line":545,"column":null}},"71":{"start":{"line":547,"column":25},"end":{"line":547,"column":null}},"72":{"start":{"line":548,"column":4},"end":{"line":569,"column":null}},"73":{"start":{"line":573,"column":8},"end":{"line":581,"column":null}},"74":{"start":{"line":574,"column":4},"end":{"line":574,"column":null}},"75":{"start":{"line":574,"column":31},"end":{"line":574,"column":57}},"76":{"start":{"line":576,"column":17},"end":{"line":576,"column":null}},"77":{"start":{"line":577,"column":4},"end":{"line":580,"column":null}},"78":{"start":{"line":578,"column":21},"end":{"line":578,"column":null}},"79":{"start":{"line":579,"column":6},"end":{"line":579,"column":null}},"80":{"start":{"line":583,"column":8},"end":{"line":595,"column":null}},"81":{"start":{"line":584,"column":4},"end":{"line":588,"column":null}},"82":{"start":{"line":585,"column":22},"end":{"line":585,"column":null}},"83":{"start":{"line":586,"column":6},"end":{"line":586,"column":null}},"84":{"start":{"line":587,"column":6},"end":{"line":587,"column":null}},"85":{"start":{"line":590,"column":17},"end":{"line":590,"column":null}},"86":{"start":{"line":591,"column":4},"end":{"line":594,"column":null}},"87":{"start":{"line":592,"column":21},"end":{"line":592,"column":null}},"88":{"start":{"line":593,"column":6},"end":{"line":593,"column":null}},"89":{"start":{"line":597,"column":8},"end":{"line":603,"column":null}},"90":{"start":{"line":598,"column":4},"end":{"line":601,"column":null}},"91":{"start":{"line":599,"column":6},"end":{"line":599,"column":null}},"92":{"start":{"line":600,"column":6},"end":{"line":600,"column":null}},"93":{"start":{"line":602,"column":4},"end":{"line":602,"column":null}},"94":{"start":{"line":605,"column":8},"end":{"line":609,"column":null}},"95":{"start":{"line":606,"column":4},"end":{"line":606,"column":null}},"96":{"start":{"line":607,"column":4},"end":{"line":607,"column":null}},"97":{"start":{"line":608,"column":4},"end":{"line":608,"column":null}},"98":{"start":{"line":611,"column":8},"end":{"line":614,"column":null}},"99":{"start":{"line":612,"column":4},"end":{"line":612,"column":null}},"100":{"start":{"line":613,"column":4},"end":{"line":613,"column":null}},"101":{"start":{"line":616,"column":8},"end":{"line":626,"column":null}},"102":{"start":{"line":617,"column":4},"end":{"line":625,"column":null}},"103":{"start":{"line":619,"column":26},"end":{"line":619,"column":null}},"104":{"start":{"line":621,"column":6},"end":{"line":621,"column":null}},"105":{"start":{"line":622,"column":6},"end":{"line":622,"column":null}},"106":{"start":{"line":623,"column":6},"end":{"line":623,"column":null}},"107":{"start":{"line":628,"column":8},"end":{"line":633,"column":null}},"108":{"start":{"line":629,"column":4},"end":{"line":629,"column":null}},"109":{"start":{"line":630,"column":4},"end":{"line":632,"column":null}},"110":{"start":{"line":631,"column":6},"end":{"line":631,"column":null}},"111":{"start":{"line":635,"column":8},"end":{"line":637,"column":null}},"112":{"start":{"line":636,"column":4},"end":{"line":636,"column":null}},"113":{"start":{"line":636,"column":24},"end":{"line":636,"column":29}},"114":{"start":{"line":639,"column":8},"end":{"line":641,"column":null}},"115":{"start":{"line":640,"column":4},"end":{"line":640,"column":null}},"116":{"start":{"line":643,"column":8},"end":{"line":645,"column":null}},"117":{"start":{"line":644,"column":4},"end":{"line":644,"column":null}},"118":{"start":{"line":644,"column":35},"end":{"line":644,"column":40}},"119":{"start":{"line":647,"column":8},"end":{"line":649,"column":null}},"120":{"start":{"line":648,"column":4},"end":{"line":648,"column":null}},"121":{"start":{"line":651,"column":8},"end":{"line":653,"column":null}},"122":{"start":{"line":652,"column":4},"end":{"line":652,"column":null}},"123":{"start":{"line":655,"column":8},"end":{"line":658,"column":null}},"124":{"start":{"line":656,"column":4},"end":{"line":656,"column":null}},"125":{"start":{"line":657,"column":4},"end":{"line":657,"column":null}},"126":{"start":{"line":661,"column":2},"end":{"line":676,"column":null}},"127":{"start":{"line":662,"column":4},"end":{"line":662,"column":null}},"128":{"start":{"line":662,"column":17},"end":{"line":662,"column":null}},"129":{"start":{"line":664,"column":32},"end":{"line":672,"column":null}},"130":{"start":{"line":665,"column":21},"end":{"line":665,"column":null}},"131":{"start":{"line":666,"column":30},"end":{"line":666,"column":null}},"132":{"start":{"line":667,"column":27},"end":{"line":667,"column":null}},"133":{"start":{"line":669,"column":6},"end":{"line":671,"column":null}},"134":{"start":{"line":670,"column":8},"end":{"line":670,"column":null}},"135":{"start":{"line":674,"column":4},"end":{"line":674,"column":null}},"136":{"start":{"line":675,"column":4},"end":{"line":675,"column":null}},"137":{"start":{"line":675,"column":17},"end":{"line":675,"column":null}},"138":{"start":{"line":679,"column":2},"end":{"line":686,"column":null}},"139":{"start":{"line":680,"column":4},"end":{"line":680,"column":null}},"140":{"start":{"line":680,"column":17},"end":{"line":680,"column":null}},"141":{"start":{"line":682,"column":4},"end":{"line":682,"column":null}},"142":{"start":{"line":683,"column":4},"end":{"line":685,"column":null}},"143":{"start":{"line":684,"column":6},"end":{"line":684,"column":null}},"144":{"start":{"line":689,"column":2},"end":{"line":699,"column":null}},"145":{"start":{"line":690,"column":4},"end":{"line":693,"column":null}},"146":{"start":{"line":691,"column":6},"end":{"line":691,"column":null}},"147":{"start":{"line":691,"column":23},"end":{"line":691,"column":49}},"148":{"start":{"line":692,"column":6},"end":{"line":692,"column":null}},"149":{"start":{"line":695,"column":18},"end":{"line":697,"column":null}},"150":{"start":{"line":696,"column":6},"end":{"line":696,"column":null}},"151":{"start":{"line":698,"column":4},"end":{"line":698,"column":null}},"152":{"start":{"line":698,"column":17},"end":{"line":698,"column":null}},"153":{"start":{"line":702,"column":2},"end":{"line":712,"column":null}},"154":{"start":{"line":703,"column":4},"end":{"line":706,"column":null}},"155":{"start":{"line":704,"column":6},"end":{"line":704,"column":null}},"156":{"start":{"line":704,"column":23},"end":{"line":704,"column":59}},"157":{"start":{"line":705,"column":6},"end":{"line":705,"column":null}},"158":{"start":{"line":708,"column":18},"end":{"line":710,"column":null}},"159":{"start":{"line":709,"column":6},"end":{"line":709,"column":null}},"160":{"start":{"line":711,"column":4},"end":{"line":711,"column":null}},"161":{"start":{"line":711,"column":17},"end":{"line":711,"column":null}},"162":{"start":{"line":715,"column":8},"end":{"line":738,"column":null}},"163":{"start":{"line":716,"column":4},"end":{"line":737,"column":null}},"164":{"start":{"line":718,"column":6},"end":{"line":726,"column":null}},"165":{"start":{"line":719,"column":24},"end":{"line":719,"column":null}},"166":{"start":{"line":720,"column":8},"end":{"line":725,"column":null}},"167":{"start":{"line":721,"column":20},"end":{"line":721,"column":null}},"168":{"start":{"line":722,"column":20},"end":{"line":722,"column":null}},"169":{"start":{"line":723,"column":20},"end":{"line":723,"column":null}},"170":{"start":{"line":724,"column":10},"end":{"line":724,"column":null}},"171":{"start":{"line":724,"column":40},"end":{"line":724,"column":71}},"172":{"start":{"line":728,"column":12},"end":{"line":728,"column":null}},"173":{"start":{"line":729,"column":6},"end":{"line":729,"column":null}},"174":{"start":{"line":732,"column":6},"end":{"line":734,"column":null}},"175":{"start":{"line":733,"column":8},"end":{"line":733,"column":null}},"176":{"start":{"line":736,"column":6},"end":{"line":736,"column":null}},"177":{"start":{"line":741,"column":8},"end":{"line":745,"column":null}},"178":{"start":{"line":742,"column":18},"end":{"line":742,"column":null}},"179":{"start":{"line":743,"column":16},"end":{"line":743,"column":null}},"180":{"start":{"line":744,"column":4},"end":{"line":744,"column":null}},"181":{"start":{"line":747,"column":8},"end":{"line":751,"column":null}},"182":{"start":{"line":748,"column":18},"end":{"line":748,"column":null}},"183":{"start":{"line":749,"column":16},"end":{"line":749,"column":null}},"184":{"start":{"line":750,"column":4},"end":{"line":750,"column":null}},"185":{"start":{"line":753,"column":8},"end":{"line":757,"column":null}},"186":{"start":{"line":754,"column":18},"end":{"line":754,"column":null}},"187":{"start":{"line":755,"column":16},"end":{"line":755,"column":null}},"188":{"start":{"line":756,"column":4},"end":{"line":756,"column":null}},"189":{"start":{"line":759,"column":8},"end":{"line":763,"column":null}},"190":{"start":{"line":760,"column":18},"end":{"line":760,"column":null}},"191":{"start":{"line":761,"column":16},"end":{"line":761,"column":null}},"192":{"start":{"line":762,"column":4},"end":{"line":762,"column":null}},"193":{"start":{"line":766,"column":8},"end":{"line":771,"column":null}},"194":{"start":{"line":767,"column":4},"end":{"line":770,"column":null}},"195":{"start":{"line":768,"column":6},"end":{"line":768,"column":null}},"196":{"start":{"line":769,"column":6},"end":{"line":769,"column":null}},"197":{"start":{"line":769,"column":37},"end":{"line":769,"column":42}},"198":{"start":{"line":773,"column":8},"end":{"line":780,"column":null}},"199":{"start":{"line":774,"column":4},"end":{"line":779,"column":null}},"200":{"start":{"line":775,"column":6},"end":{"line":775,"column":null}},"201":{"start":{"line":776,"column":4},"end":{"line":779,"column":null}},"202":{"start":{"line":777,"column":6},"end":{"line":777,"column":null}},"203":{"start":{"line":778,"column":6},"end":{"line":778,"column":null}},"204":{"start":{"line":782,"column":2},"end":{"line":873,"column":null}}},"fnMap":{"0":{"name":"ColorItem","decl":{"start":{"line":89,"column":9},"end":{"line":89,"column":19}},"loc":{"start":{"line":89,"column":116},"end":{"line":121,"column":null}},"line":89},"1":{"name":"(anonymous_1)","decl":{"start":{"line":107,"column":18},"end":{"line":107,"column":19}},"loc":{"start":{"line":107,"column":25},"end":{"line":107,"column":null}},"line":107},"2":{"name":"(anonymous_2)","decl":{"start":{"line":112,"column":19},"end":{"line":112,"column":25}},"loc":{"start":{"line":112,"column":25},"end":{"line":112,"column":null}},"line":112},"3":{"name":"GradientGroup","decl":{"start":{"line":135,"column":9},"end":{"line":135,"column":23}},"loc":{"start":{"line":135,"column":146},"end":{"line":163,"column":null}},"line":135},"4":{"name":"(anonymous_4)","decl":{"start":{"line":144,"column":28},"end":{"line":144,"column":29}},"loc":{"start":{"line":144,"column":39},"end":{"line":159,"column":9}},"line":144},"5":{"name":"hasAudioEasterEgg","decl":{"start":{"line":166,"column":9},"end":{"line":166,"column":27}},"loc":{"start":{"line":166,"column":54},"end":{"line":168,"column":null}},"line":166},"6":{"name":"isBuiltInPreset","decl":{"start":{"line":170,"column":9},"end":{"line":170,"column":25}},"loc":{"start":{"line":170,"column":52},"end":{"line":222,"column":null}},"line":170},"7":{"name":"(anonymous_7)","decl":{"start":{"line":221,"column":30},"end":{"line":221,"column":40}},"loc":{"start":{"line":221,"column":40},"end":{"line":221,"column":67}},"line":221},"8":{"name":"ContrastWarnings","decl":{"start":{"line":230,"column":9},"end":{"line":230,"column":26}},"loc":{"start":{"line":230,"column":77},"end":{"line":262,"column":null}},"line":230},"9":{"name":"(anonymous_9)","decl":{"start":{"line":238,"column":26},"end":{"line":238,"column":27}},"loc":{"start":{"line":239,"column":8},"end":{"line":258,"column":null}},"line":239},"10":{"name":"PresetSection","decl":{"start":{"line":284,"column":9},"end":{"line":284,"column":23}},"loc":{"start":{"line":301,"column":23},"end":{"line":407,"column":null}},"line":301},"11":{"name":"(anonymous_11)","decl":{"start":{"line":316,"column":19},"end":{"line":316,"column":20}},"loc":{"start":{"line":316,"column":26},"end":{"line":319,"column":null}},"line":316},"12":{"name":"(anonymous_12)","decl":{"start":{"line":327,"column":21},"end":{"line":327,"column":22}},"loc":{"start":{"line":327,"column":33},"end":{"line":367,"column":9}},"line":327},"13":{"name":"(anonymous_13)","decl":{"start":{"line":337,"column":25},"end":{"line":337,"column":31}},"loc":{"start":{"line":337,"column":31},"end":{"line":337,"column":null}},"line":337},"14":{"name":"(anonymous_14)","decl":{"start":{"line":338,"column":27},"end":{"line":338,"column":28}},"loc":{"start":{"line":338,"column":34},"end":{"line":343,"column":null}},"line":338},"15":{"name":"(anonymous_15)","decl":{"start":{"line":353,"column":31},"end":{"line":353,"column":32}},"loc":{"start":{"line":353,"column":38},"end":{"line":356,"column":null}},"line":353},"16":{"name":"(anonymous_16)","decl":{"start":{"line":383,"column":26},"end":{"line":383,"column":27}},"loc":{"start":{"line":383,"column":33},"end":{"line":383,"column":null}},"line":383},"17":{"name":"ColorCategories","decl":{"start":{"line":425,"column":9},"end":{"line":425,"column":25}},"loc":{"start":{"line":438,"column":25},"end":{"line":526,"column":null}},"line":438},"18":{"name":"(anonymous_18)","decl":{"start":{"line":441,"column":85},"end":{"line":441,"column":86}},"loc":{"start":{"line":441,"column":99},"end":{"line":523,"column":7}},"line":441},"19":{"name":"(anonymous_19)","decl":{"start":{"line":442,"column":50},"end":{"line":442,"column":51}},"loc":{"start":{"line":442,"column":61},"end":{"line":442,"column":88}},"line":442},"20":{"name":"(anonymous_20)","decl":{"start":{"line":445,"column":53},"end":{"line":445,"column":54}},"loc":{"start":{"line":445,"column":64},"end":{"line":445,"column":80}},"line":445},"21":{"name":"(anonymous_21)","decl":{"start":{"line":448,"column":53},"end":{"line":448,"column":58}},"loc":{"start":{"line":448,"column":58},"end":{"line":448,"column":112}},"line":448},"22":{"name":"(anonymous_22)","decl":{"start":{"line":449,"column":57},"end":{"line":449,"column":62}},"loc":{"start":{"line":449,"column":62},"end":{"line":449,"column":124}},"line":449},"23":{"name":"(anonymous_23)","decl":{"start":{"line":450,"column":58},"end":{"line":450,"column":63}},"loc":{"start":{"line":450,"column":63},"end":{"line":450,"column":127}},"line":450},"24":{"name":"(anonymous_24)","decl":{"start":{"line":451,"column":63},"end":{"line":451,"column":68}},"loc":{"start":{"line":451,"column":68},"end":{"line":451,"column":142}},"line":451},"25":{"name":"(anonymous_25)","decl":{"start":{"line":504,"column":34},"end":{"line":504,"column":35}},"loc":{"start":{"line":504,"column":45},"end":{"line":519,"column":15}},"line":504},"26":{"name":"ThemePicker","decl":{"start":{"line":528,"column":16},"end":{"line":528,"column":30}},"loc":{"start":{"line":528,"column":30},"end":{"line":875,"column":null}},"line":528},"27":{"name":"(anonymous_27)","decl":{"start":{"line":544,"column":33},"end":{"line":544,"column":39}},"loc":{"start":{"line":544,"column":39},"end":{"line":570,"column":5}},"line":544},"28":{"name":"(anonymous_28)","decl":{"start":{"line":573,"column":40},"end":{"line":573,"column":41}},"loc":{"start":{"line":573,"column":84},"end":{"line":581,"column":5}},"line":573},"29":{"name":"(anonymous_29)","decl":{"start":{"line":574,"column":20},"end":{"line":574,"column":21}},"loc":{"start":{"line":574,"column":31},"end":{"line":574,"column":57}},"line":574},"30":{"name":"(anonymous_30)","decl":{"start":{"line":583,"column":35},"end":{"line":583,"column":36}},"loc":{"start":{"line":583,"column":64},"end":{"line":595,"column":5}},"line":583},"31":{"name":"(anonymous_31)","decl":{"start":{"line":584,"column":20},"end":{"line":584,"column":21}},"loc":{"start":{"line":584,"column":30},"end":{"line":588,"column":5}},"line":584},"32":{"name":"(anonymous_32)","decl":{"start":{"line":597,"column":33},"end":{"line":597,"column":39}},"loc":{"start":{"line":597,"column":39},"end":{"line":603,"column":5}},"line":597},"33":{"name":"(anonymous_33)","decl":{"start":{"line":605,"column":34},"end":{"line":605,"column":40}},"loc":{"start":{"line":605,"column":40},"end":{"line":609,"column":5}},"line":605},"34":{"name":"(anonymous_34)","decl":{"start":{"line":611,"column":39},"end":{"line":611,"column":40}},"loc":{"start":{"line":611,"column":61},"end":{"line":614,"column":5}},"line":611},"35":{"name":"(anonymous_35)","decl":{"start":{"line":616,"column":39},"end":{"line":616,"column":45}},"loc":{"start":{"line":616,"column":45},"end":{"line":626,"column":5}},"line":616},"36":{"name":"(anonymous_36)","decl":{"start":{"line":628,"column":41},"end":{"line":628,"column":42}},"loc":{"start":{"line":628,"column":84},"end":{"line":633,"column":5}},"line":628},"37":{"name":"(anonymous_37)","decl":{"start":{"line":635,"column":39},"end":{"line":635,"column":45}},"loc":{"start":{"line":635,"column":45},"end":{"line":637,"column":5}},"line":635},"38":{"name":"(anonymous_38)","decl":{"start":{"line":636,"column":14},"end":{"line":636,"column":15}},"loc":{"start":{"line":636,"column":24},"end":{"line":636,"column":29}},"line":636},"39":{"name":"(anonymous_39)","decl":{"start":{"line":639,"column":34},"end":{"line":639,"column":40}},"loc":{"start":{"line":639,"column":40},"end":{"line":641,"column":5}},"line":639},"40":{"name":"(anonymous_40)","decl":{"start":{"line":643,"column":43},"end":{"line":643,"column":49}},"loc":{"start":{"line":643,"column":49},"end":{"line":645,"column":5}},"line":643},"41":{"name":"(anonymous_41)","decl":{"start":{"line":644,"column":25},"end":{"line":644,"column":26}},"loc":{"start":{"line":644,"column":35},"end":{"line":644,"column":40}},"line":644},"42":{"name":"(anonymous_42)","decl":{"start":{"line":647,"column":43},"end":{"line":647,"column":49}},"loc":{"start":{"line":647,"column":49},"end":{"line":649,"column":5}},"line":647},"43":{"name":"(anonymous_43)","decl":{"start":{"line":651,"column":45},"end":{"line":651,"column":46}},"loc":{"start":{"line":651,"column":64},"end":{"line":653,"column":5}},"line":651},"44":{"name":"(anonymous_44)","decl":{"start":{"line":655,"column":45},"end":{"line":655,"column":51}},"loc":{"start":{"line":655,"column":51},"end":{"line":658,"column":5}},"line":655},"45":{"name":"(anonymous_45)","decl":{"start":{"line":661,"column":12},"end":{"line":661,"column":18}},"loc":{"start":{"line":661,"column":18},"end":{"line":676,"column":5}},"line":661},"46":{"name":"(anonymous_46)","decl":{"start":{"line":664,"column":32},"end":{"line":664,"column":33}},"loc":{"start":{"line":664,"column":55},"end":{"line":672,"column":null}},"line":664},"47":{"name":"(anonymous_47)","decl":{"start":{"line":675,"column":11},"end":{"line":675,"column":17}},"loc":{"start":{"line":675,"column":17},"end":{"line":675,"column":null}},"line":675},"48":{"name":"(anonymous_48)","decl":{"start":{"line":679,"column":12},"end":{"line":679,"column":18}},"loc":{"start":{"line":679,"column":18},"end":{"line":686,"column":5}},"line":679},"49":{"name":"(anonymous_49)","decl":{"start":{"line":683,"column":11},"end":{"line":683,"column":17}},"loc":{"start":{"line":683,"column":17},"end":{"line":685,"column":null}},"line":683},"50":{"name":"(anonymous_50)","decl":{"start":{"line":689,"column":12},"end":{"line":689,"column":18}},"loc":{"start":{"line":689,"column":18},"end":{"line":699,"column":5}},"line":689},"51":{"name":"(anonymous_51)","decl":{"start":{"line":691,"column":17},"end":{"line":691,"column":23}},"loc":{"start":{"line":691,"column":23},"end":{"line":691,"column":49}},"line":691},"52":{"name":"(anonymous_52)","decl":{"start":{"line":695,"column":29},"end":{"line":695,"column":35}},"loc":{"start":{"line":695,"column":35},"end":{"line":697,"column":7}},"line":695},"53":{"name":"(anonymous_53)","decl":{"start":{"line":698,"column":11},"end":{"line":698,"column":17}},"loc":{"start":{"line":698,"column":17},"end":{"line":698,"column":null}},"line":698},"54":{"name":"(anonymous_54)","decl":{"start":{"line":702,"column":12},"end":{"line":702,"column":18}},"loc":{"start":{"line":702,"column":18},"end":{"line":712,"column":5}},"line":702},"55":{"name":"(anonymous_55)","decl":{"start":{"line":704,"column":17},"end":{"line":704,"column":23}},"loc":{"start":{"line":704,"column":23},"end":{"line":704,"column":59}},"line":704},"56":{"name":"(anonymous_56)","decl":{"start":{"line":708,"column":29},"end":{"line":708,"column":35}},"loc":{"start":{"line":708,"column":35},"end":{"line":710,"column":7}},"line":708},"57":{"name":"(anonymous_57)","decl":{"start":{"line":711,"column":11},"end":{"line":711,"column":17}},"loc":{"start":{"line":711,"column":17},"end":{"line":711,"column":null}},"line":711},"58":{"name":"(anonymous_58)","decl":{"start":{"line":715,"column":33},"end":{"line":715,"column":34}},"loc":{"start":{"line":715,"column":60},"end":{"line":738,"column":5}},"line":715},"59":{"name":"(anonymous_59)","decl":{"start":{"line":724,"column":35},"end":{"line":724,"column":40}},"loc":{"start":{"line":724,"column":40},"end":{"line":724,"column":71}},"line":724},"60":{"name":"(anonymous_60)","decl":{"start":{"line":741,"column":41},"end":{"line":741,"column":47}},"loc":{"start":{"line":741,"column":47},"end":{"line":745,"column":5}},"line":741},"61":{"name":"(anonymous_61)","decl":{"start":{"line":747,"column":49},"end":{"line":747,"column":55}},"loc":{"start":{"line":747,"column":55},"end":{"line":751,"column":5}},"line":747},"62":{"name":"(anonymous_62)","decl":{"start":{"line":753,"column":50},"end":{"line":753,"column":56}},"loc":{"start":{"line":753,"column":56},"end":{"line":757,"column":5}},"line":753},"63":{"name":"(anonymous_63)","decl":{"start":{"line":759,"column":55},"end":{"line":759,"column":61}},"loc":{"start":{"line":759,"column":61},"end":{"line":763,"column":5}},"line":759},"64":{"name":"(anonymous_64)","decl":{"start":{"line":766,"column":49},"end":{"line":766,"column":50}},"loc":{"start":{"line":766,"column":77},"end":{"line":771,"column":5}},"line":766},"65":{"name":"(anonymous_65)","decl":{"start":{"line":769,"column":27},"end":{"line":769,"column":28}},"loc":{"start":{"line":769,"column":37},"end":{"line":769,"column":42}},"line":769},"66":{"name":"(anonymous_66)","decl":{"start":{"line":773,"column":46},"end":{"line":773,"column":47}},"loc":{"start":{"line":773,"column":92},"end":{"line":780,"column":5}},"line":773}},"branchMap":{"0":{"loc":{"start":{"line":98,"column":9},"end":{"line":99,"column":null}},"type":"binary-expr","locations":[{"start":{"line":98,"column":9},"end":{"line":98,"column":null}},{"start":{"line":99,"column":10},"end":{"line":99,"column":null}}],"line":98},"1":{"loc":{"start":{"line":110,"column":7},"end":{"line":117,"column":null}},"type":"binary-expr","locations":[{"start":{"line":110,"column":7},"end":{"line":110,"column":null}},{"start":{"line":111,"column":8},"end":{"line":117,"column":null}}],"line":110},"2":{"loc":{"start":{"line":136,"column":2},"end":{"line":138,"column":null}},"type":"if","locations":[{"start":{"line":136,"column":2},"end":{"line":138,"column":null}},{"start":{},"end":{}}],"line":136},"3":{"loc":{"start":{"line":145,"column":31},"end":{"line":145,"column":null}},"type":"binary-expr","locations":[{"start":{"line":145,"column":31},"end":{"line":145,"column":58}},{"start":{"line":145,"column":58},"end":{"line":145,"column":null}}],"line":145},"4":{"loc":{"start":{"line":167,"column":9},"end":{"line":167,"column":null}},"type":"binary-expr","locations":[{"start":{"line":167,"column":9},"end":{"line":167,"column":34}},{"start":{"line":167,"column":34},"end":{"line":167,"column":59}},{"start":{"line":167,"column":59},"end":{"line":167,"column":88}},{"start":{"line":167,"column":88},"end":{"line":167,"column":111}},{"start":{"line":167,"column":111},"end":{"line":167,"column":null}}],"line":167},"5":{"loc":{"start":{"line":217,"column":2},"end":{"line":219,"column":null}},"type":"if","locations":[{"start":{"line":217,"column":2},"end":{"line":219,"column":null}},{"start":{},"end":{}}],"line":217},"6":{"loc":{"start":{"line":231,"column":2},"end":{"line":233,"column":null}},"type":"if","locations":[{"start":{"line":231,"column":2},"end":{"line":233,"column":null}},{"start":{},"end":{}}],"line":231},"7":{"loc":{"start":{"line":305,"column":46},"end":{"line":305,"column":107}},"type":"cond-expr","locations":[{"start":{"line":305,"column":73},"end":{"line":305,"column":105}},{"start":{"line":305,"column":105},"end":{"line":305,"column":107}}],"line":305},"8":{"loc":{"start":{"line":310,"column":20},"end":{"line":310,"column":null}},"type":"cond-expr","locations":[{"start":{"line":310,"column":40},"end":{"line":310,"column":61}},{"start":{"line":310,"column":61},"end":{"line":310,"column":null}}],"line":310},"9":{"loc":{"start":{"line":320,"column":22},"end":{"line":320,"column":null}},"type":"cond-expr","locations":[{"start":{"line":320,"column":42},"end":{"line":320,"column":63}},{"start":{"line":320,"column":63},"end":{"line":320,"column":null}}],"line":320},"10":{"loc":{"start":{"line":323,"column":11},"end":{"line":323,"column":null}},"type":"cond-expr","locations":[{"start":{"line":323,"column":31},"end":{"line":323,"column":57}},{"start":{"line":323,"column":57},"end":{"line":323,"column":null}}],"line":323},"11":{"loc":{"start":{"line":326,"column":47},"end":{"line":326,"column":100}},"type":"cond-expr","locations":[{"start":{"line":326,"column":68},"end":{"line":326,"column":98}},{"start":{"line":326,"column":98},"end":{"line":326,"column":100}}],"line":326},"12":{"loc":{"start":{"line":339,"column":18},"end":{"line":342,"column":null}},"type":"if","locations":[{"start":{"line":339,"column":18},"end":{"line":342,"column":null}},{"start":{},"end":{}}],"line":339},"13":{"loc":{"start":{"line":339,"column":22},"end":{"line":339,"column":58}},"type":"binary-expr","locations":[{"start":{"line":339,"column":22},"end":{"line":339,"column":43}},{"start":{"line":339,"column":43},"end":{"line":339,"column":58}}],"line":339},"14":{"loc":{"start":{"line":348,"column":19},"end":{"line":348,"column":null}},"type":"binary-expr","locations":[{"start":{"line":348,"column":19},"end":{"line":348,"column":36}},{"start":{"line":348,"column":36},"end":{"line":348,"column":null}}],"line":348},"15":{"loc":{"start":{"line":349,"column":19},"end":{"line":349,"column":null}},"type":"binary-expr","locations":[{"start":{"line":349,"column":19},"end":{"line":349,"column":33}},{"start":{"line":349,"column":33},"end":{"line":349,"column":null}}],"line":349},"16":{"loc":{"start":{"line":350,"column":19},"end":{"line":361,"column":null}},"type":"binary-expr","locations":[{"start":{"line":350,"column":19},"end":{"line":350,"column":null}},{"start":{"line":351,"column":20},"end":{"line":361,"column":null}}],"line":350},"17":{"loc":{"start":{"line":372,"column":30},"end":{"line":372,"column":63}},"type":"cond-expr","locations":[{"start":{"line":372,"column":47},"end":{"line":372,"column":56}},{"start":{"line":372,"column":56},"end":{"line":372,"column":63}}],"line":372},"18":{"loc":{"start":{"line":377,"column":11},"end":{"line":401,"column":null}},"type":"binary-expr","locations":[{"start":{"line":377,"column":11},"end":{"line":377,"column":null}},{"start":{"line":378,"column":12},"end":{"line":401,"column":null}}],"line":377},"19":{"loc":{"start":{"line":443,"column":8},"end":{"line":443,"column":null}},"type":"if","locations":[{"start":{"line":443,"column":8},"end":{"line":443,"column":null}},{"start":{},"end":{}}],"line":443},"20":{"loc":{"start":{"line":447,"column":8},"end":{"line":498,"column":null}},"type":"if","locations":[{"start":{"line":447,"column":8},"end":{"line":498,"column":null}},{"start":{},"end":{}}],"line":447},"21":{"loc":{"start":{"line":447,"column":12},"end":{"line":447,"column":66}},"type":"binary-expr","locations":[{"start":{"line":447,"column":12},"end":{"line":447,"column":39}},{"start":{"line":447,"column":39},"end":{"line":447,"column":66}}],"line":447},"22":{"loc":{"start":{"line":448,"column":58},"end":{"line":448,"column":112}},"type":"binary-expr","locations":[{"start":{"line":448,"column":58},"end":{"line":448,"column":93}},{"start":{"line":448,"column":93},"end":{"line":448,"column":112}}],"line":448},"23":{"loc":{"start":{"line":449,"column":62},"end":{"line":449,"column":124}},"type":"binary-expr","locations":[{"start":{"line":449,"column":62},"end":{"line":449,"column":101}},{"start":{"line":449,"column":101},"end":{"line":449,"column":124}}],"line":449},"24":{"loc":{"start":{"line":450,"column":63},"end":{"line":450,"column":127}},"type":"binary-expr","locations":[{"start":{"line":450,"column":63},"end":{"line":450,"column":103}},{"start":{"line":450,"column":103},"end":{"line":450,"column":127}}],"line":450},"25":{"loc":{"start":{"line":451,"column":68},"end":{"line":451,"column":142}},"type":"binary-expr","locations":[{"start":{"line":451,"column":68},"end":{"line":451,"column":113}},{"start":{"line":451,"column":113},"end":{"line":451,"column":142}}],"line":451},"26":{"loc":{"start":{"line":505,"column":37},"end":{"line":505,"column":null}},"type":"binary-expr","locations":[{"start":{"line":505,"column":37},"end":{"line":505,"column":64}},{"start":{"line":505,"column":64},"end":{"line":505,"column":null}}],"line":505},"27":{"loc":{"start":{"line":545,"column":4},"end":{"line":545,"column":null}},"type":"if","locations":[{"start":{"line":545,"column":4},"end":{"line":545,"column":null}},{"start":{},"end":{}}],"line":545},"28":{"loc":{"start":{"line":577,"column":4},"end":{"line":580,"column":null}},"type":"if","locations":[{"start":{"line":577,"column":4},"end":{"line":580,"column":null}},{"start":{},"end":{}}],"line":577},"29":{"loc":{"start":{"line":591,"column":4},"end":{"line":594,"column":null}},"type":"if","locations":[{"start":{"line":591,"column":4},"end":{"line":594,"column":null}},{"start":{},"end":{}}],"line":591},"30":{"loc":{"start":{"line":598,"column":4},"end":{"line":601,"column":null}},"type":"if","locations":[{"start":{"line":598,"column":4},"end":{"line":601,"column":null}},{"start":{},"end":{}}],"line":598},"31":{"loc":{"start":{"line":617,"column":4},"end":{"line":625,"column":null}},"type":"if","locations":[{"start":{"line":617,"column":4},"end":{"line":625,"column":null}},{"start":{},"end":{}}],"line":617},"32":{"loc":{"start":{"line":630,"column":4},"end":{"line":632,"column":null}},"type":"if","locations":[{"start":{"line":630,"column":4},"end":{"line":632,"column":null}},{"start":{},"end":{}}],"line":630},"33":{"loc":{"start":{"line":662,"column":4},"end":{"line":662,"column":null}},"type":"if","locations":[{"start":{"line":662,"column":4},"end":{"line":662,"column":null}},{"start":{},"end":{}}],"line":662},"34":{"loc":{"start":{"line":667,"column":27},"end":{"line":667,"column":null}},"type":"binary-expr","locations":[{"start":{"line":667,"column":27},"end":{"line":667,"column":49}},{"start":{"line":667,"column":49},"end":{"line":667,"column":null}}],"line":667},"35":{"loc":{"start":{"line":669,"column":6},"end":{"line":671,"column":null}},"type":"if","locations":[{"start":{"line":669,"column":6},"end":{"line":671,"column":null}},{"start":{},"end":{}}],"line":669},"36":{"loc":{"start":{"line":669,"column":10},"end":{"line":669,"column":43}},"type":"binary-expr","locations":[{"start":{"line":669,"column":10},"end":{"line":669,"column":29}},{"start":{"line":669,"column":29},"end":{"line":669,"column":43}}],"line":669},"37":{"loc":{"start":{"line":680,"column":4},"end":{"line":680,"column":null}},"type":"if","locations":[{"start":{"line":680,"column":4},"end":{"line":680,"column":null}},{"start":{},"end":{}}],"line":680},"38":{"loc":{"start":{"line":690,"column":4},"end":{"line":693,"column":null}},"type":"if","locations":[{"start":{"line":690,"column":4},"end":{"line":693,"column":null}},{"start":{},"end":{}}],"line":690},"39":{"loc":{"start":{"line":703,"column":4},"end":{"line":706,"column":null}},"type":"if","locations":[{"start":{"line":703,"column":4},"end":{"line":706,"column":null}},{"start":{},"end":{}}],"line":703},"40":{"loc":{"start":{"line":718,"column":6},"end":{"line":726,"column":null}},"type":"if","locations":[{"start":{"line":718,"column":6},"end":{"line":726,"column":null}},{"start":{},"end":{}}],"line":718},"41":{"loc":{"start":{"line":720,"column":8},"end":{"line":725,"column":null}},"type":"if","locations":[{"start":{"line":720,"column":8},"end":{"line":725,"column":null}},{"start":{},"end":{}}],"line":720},"42":{"loc":{"start":{"line":720,"column":12},"end":{"line":720,"column":44}},"type":"binary-expr","locations":[{"start":{"line":720,"column":12},"end":{"line":720,"column":23}},{"start":{"line":720,"column":23},"end":{"line":720,"column":44}}],"line":720},"43":{"loc":{"start":{"line":732,"column":6},"end":{"line":734,"column":null}},"type":"if","locations":[{"start":{"line":732,"column":6},"end":{"line":734,"column":null}},{"start":{},"end":{}}],"line":732},"44":{"loc":{"start":{"line":742,"column":18},"end":{"line":742,"column":null}},"type":"binary-expr","locations":[{"start":{"line":742,"column":18},"end":{"line":742,"column":44}},{"start":{"line":742,"column":44},"end":{"line":742,"column":null}}],"line":742},"45":{"loc":{"start":{"line":743,"column":16},"end":{"line":743,"column":null}},"type":"binary-expr","locations":[{"start":{"line":743,"column":16},"end":{"line":743,"column":40}},{"start":{"line":743,"column":40},"end":{"line":743,"column":null}}],"line":743},"46":{"loc":{"start":{"line":748,"column":18},"end":{"line":748,"column":null}},"type":"binary-expr","locations":[{"start":{"line":748,"column":18},"end":{"line":748,"column":48}},{"start":{"line":748,"column":48},"end":{"line":748,"column":null}}],"line":748},"47":{"loc":{"start":{"line":749,"column":16},"end":{"line":749,"column":null}},"type":"binary-expr","locations":[{"start":{"line":749,"column":16},"end":{"line":749,"column":44}},{"start":{"line":749,"column":44},"end":{"line":749,"column":null}}],"line":749},"48":{"loc":{"start":{"line":754,"column":18},"end":{"line":754,"column":null}},"type":"binary-expr","locations":[{"start":{"line":754,"column":18},"end":{"line":754,"column":49}},{"start":{"line":754,"column":49},"end":{"line":754,"column":null}}],"line":754},"49":{"loc":{"start":{"line":755,"column":16},"end":{"line":755,"column":null}},"type":"binary-expr","locations":[{"start":{"line":755,"column":16},"end":{"line":755,"column":45}},{"start":{"line":755,"column":45},"end":{"line":755,"column":null}}],"line":755},"50":{"loc":{"start":{"line":760,"column":18},"end":{"line":760,"column":null}},"type":"binary-expr","locations":[{"start":{"line":760,"column":18},"end":{"line":760,"column":54}},{"start":{"line":760,"column":54},"end":{"line":760,"column":null}}],"line":760},"51":{"loc":{"start":{"line":761,"column":16},"end":{"line":761,"column":null}},"type":"binary-expr","locations":[{"start":{"line":761,"column":16},"end":{"line":761,"column":50}},{"start":{"line":761,"column":50},"end":{"line":761,"column":null}}],"line":761},"52":{"loc":{"start":{"line":767,"column":4},"end":{"line":770,"column":null}},"type":"if","locations":[{"start":{"line":767,"column":4},"end":{"line":770,"column":null}},{"start":{},"end":{}}],"line":767},"53":{"loc":{"start":{"line":767,"column":8},"end":{"line":767,"column":44}},"type":"binary-expr","locations":[{"start":{"line":767,"column":8},"end":{"line":767,"column":29}},{"start":{"line":767,"column":29},"end":{"line":767,"column":44}}],"line":767},"54":{"loc":{"start":{"line":774,"column":4},"end":{"line":779,"column":null}},"type":"if","locations":[{"start":{"line":774,"column":4},"end":{"line":779,"column":null}},{"start":{"line":776,"column":4},"end":{"line":779,"column":null}}],"line":774},"55":{"loc":{"start":{"line":776,"column":4},"end":{"line":779,"column":null}},"type":"if","locations":[{"start":{"line":776,"column":4},"end":{"line":779,"column":null}},{"start":{},"end":{}}],"line":776},"56":{"loc":{"start":{"line":786,"column":40},"end":{"line":786,"column":83}},"type":"cond-expr","locations":[{"start":{"line":786,"column":58},"end":{"line":786,"column":81}},{"start":{"line":786,"column":81},"end":{"line":786,"column":83}}],"line":786},"57":{"loc":{"start":{"line":796,"column":43},"end":{"line":796,"column":79}},"type":"cond-expr","locations":[{"start":{"line":796,"column":53},"end":{"line":796,"column":77}},{"start":{"line":796,"column":77},"end":{"line":796,"column":79}}],"line":796},"58":{"loc":{"start":{"line":800,"column":41},"end":{"line":800,"column":75}},"type":"cond-expr","locations":[{"start":{"line":800,"column":51},"end":{"line":800,"column":73}},{"start":{"line":800,"column":73},"end":{"line":800,"column":75}}],"line":800}},"s":{"0":3,"1":3,"2":4818,"3":5,"4":1,"5":584,"6":0,"7":584,"8":1168,"9":1168,"10":1168,"11":5846,"12":5846,"13":5846,"14":5846,"15":584,"16":5262,"17":97452,"18":146,"19":144,"20":2,"21":2,"22":146,"23":1,"24":1,"25":5846,"26":5846,"27":5846,"28":5846,"29":1,"30":3,"31":3,"32":3,"33":1,"34":1,"35":7,"36":146,"37":876,"38":28908,"39":876,"40":0,"41":876,"42":4818,"43":876,"44":146,"45":1168,"46":146,"47":1168,"48":146,"49":1168,"50":146,"51":1168,"52":146,"53":730,"54":3650,"55":3650,"56":3650,"57":146,"58":146,"59":146,"60":146,"61":146,"62":146,"63":146,"64":146,"65":146,"66":146,"67":146,"68":146,"69":94,"70":48,"71":46,"72":46,"73":146,"74":5,"75":5,"76":5,"77":5,"78":5,"79":5,"80":146,"81":1,"82":1,"83":1,"84":1,"85":1,"86":1,"87":1,"88":1,"89":146,"90":1,"91":1,"92":1,"93":1,"94":146,"95":1,"96":1,"97":1,"98":146,"99":4,"100":4,"101":146,"102":6,"103":6,"104":6,"105":6,"106":6,"107":146,"108":1,"109":1,"110":0,"111":146,"112":36,"113":36,"114":146,"115":2,"116":146,"117":1,"118":1,"119":146,"120":8,"121":146,"122":7,"123":146,"124":1,"125":1,"126":146,"127":82,"128":46,"129":36,"130":1,"131":1,"132":1,"133":1,"134":1,"135":36,"136":36,"137":36,"138":146,"139":82,"140":46,"141":36,"142":36,"143":36,"144":146,"145":82,"146":36,"147":36,"148":36,"149":46,"150":1,"151":46,"152":46,"153":146,"154":44,"155":3,"156":3,"157":3,"158":41,"159":2,"160":41,"161":41,"162":146,"163":4818,"164":4818,"165":1752,"166":1752,"167":1752,"168":1752,"169":1752,"170":1752,"171":5256,"172":3066,"173":3066,"174":4,"175":2,"176":2,"177":146,"178":146,"179":146,"180":146,"181":146,"182":146,"183":146,"184":146,"185":146,"186":146,"187":146,"188":146,"189":146,"190":146,"191":146,"192":146,"193":146,"194":2,"195":2,"196":2,"197":2,"198":146,"199":2,"200":1,"201":1,"202":1,"203":1,"204":146},"f":{"0":4818,"1":5,"2":1,"3":584,"4":1168,"5":5846,"6":5846,"7":97452,"8":146,"9":2,"10":146,"11":1,"12":5846,"13":1,"14":3,"15":1,"16":7,"17":146,"18":876,"19":28908,"20":4818,"21":1168,"22":1168,"23":1168,"24":1168,"25":3650,"26":146,"27":94,"28":5,"29":5,"30":1,"31":1,"32":1,"33":1,"34":4,"35":6,"36":1,"37":36,"38":36,"39":2,"40":1,"41":1,"42":8,"43":7,"44":1,"45":82,"46":1,"47":36,"48":82,"49":36,"50":82,"51":36,"52":1,"53":46,"54":44,"55":3,"56":2,"57":41,"58":4818,"59":5256,"60":146,"61":146,"62":146,"63":146,"64":2,"65":2,"66":2},"b":{"0":[4818,3504],"1":[4818,5],"2":[0,584],"3":[1168,1168],"4":[5846,5700,5554,5408,5262],"5":[584,5262],"6":[144,2],"7":[3,143],"8":[3,143],"9":[3,143],"10":[3,143],"11":[143,3],"12":[3,0],"13":[3,2],"14":[5846,730],"15":[5846,146],"16":[5846,6],"17":[15,131],"18":[146,15],"19":[0,876],"20":[146,730],"21":[876,146],"22":[1168,1022],"23":[1168,1022],"24":[1168,1022],"25":[1168,1022],"26":[3650,3645],"27":[48,46],"28":[5,0],"29":[1,0],"30":[1,0],"31":[6,0],"32":[0,1],"33":[46,36],"34":[1,1],"35":[1,0],"36":[1,1],"37":[46,36],"38":[36,46],"39":[3,41],"40":[1752,3066],"41":[1752,0],"42":[1752,1752],"43":[2,2],"44":[146,146],"45":[146,146],"46":[146,146],"47":[146,146],"48":[146,146],"49":[146,146],"50":[146,146],"51":[146,146],"52":[2,0],"53":[2,1],"54":[1,1],"55":[1,0],"56":[66,80],"57":[50,96],"58":[50,96]},"meta":{"lastBranch":59,"lastFunction":67,"lastStatement":205,"seen":{"s:21:34:67:Infinity":0,"s:69:63:76:Infinity":1,"f:89:9:89:19":0,"s:90:2:119:Infinity":2,"b:98:9:98:Infinity:99:10:99:Infinity":0,"f:107:18:107:19":1,"s:107:25:107:Infinity":3,"b:110:7:110:Infinity:111:8:117:Infinity":1,"f:112:19:112:25":2,"s:112:25:112:Infinity":4,"f:135:9:135:23":3,"b:136:2:138:Infinity:undefined:undefined:undefined:undefined":2,"s:136:2:138:Infinity":5,"s:137:4:137:Infinity":6,"s:140:2:161:Infinity":7,"f:144:28:144:29":4,"s:145:31:145:Infinity":8,"b:145:31:145:58:145:58:145:Infinity":3,"s:146:28:146:Infinity":9,"s:147:10:157:Infinity":10,"f:166:9:166:27":5,"s:167:2:167:Infinity":11,"b:167:9:167:34:167:34:167:59:167:59:167:88:167:88:167:111:167:111:167:Infinity":4,"f:170:9:170:25":6,"s:171:21:176:Infinity":12,"s:178:26:215:Infinity":13,"b:217:2:219:Infinity:undefined:undefined:undefined:undefined":5,"s:217:2:219:Infinity":14,"s:218:4:218:Infinity":15,"s:221:2:221:Infinity":16,"f:221:30:221:40":7,"s:221:40:221:67":17,"f:230:9:230:26":8,"b:231:2:233:Infinity:undefined:undefined:undefined:undefined":6,"s:231:2:233:Infinity":18,"s:232:4:232:Infinity":19,"s:235:2:260:Infinity":20,"f:238:26:238:27":9,"s:239:8:258:Infinity":21,"f:284:9:284:23":10,"s:302:2:405:Infinity":22,"b:305:73:305:105:305:105:305:107":7,"b:310:40:310:61:310:61:310:Infinity":8,"f:316:19:316:20":11,"s:317:12:317:Infinity":23,"s:318:12:318:Infinity":24,"b:320:42:320:63:320:63:320:Infinity":9,"b:323:31:323:57:323:57:323:Infinity":10,"b:326:68:326:98:326:98:326:100":11,"f:327:21:327:22":12,"s:328:28:328:Infinity":25,"s:329:32:329:Infinity":26,"s:330:29:330:Infinity":27,"s:331:10:365:Infinity":28,"f:337:25:337:31":13,"s:337:31:337:Infinity":29,"f:338:27:338:28":14,"b:339:18:342:Infinity:undefined:undefined:undefined:undefined":12,"s:339:18:342:Infinity":30,"b:339:22:339:43:339:43:339:58":13,"s:340:20:340:Infinity":31,"s:341:20:341:Infinity":32,"b:348:19:348:36:348:36:348:Infinity":14,"b:349:19:349:33:349:33:349:Infinity":15,"b:350:19:350:Infinity:351:20:361:Infinity":16,"f:353:31:353:32":15,"s:354:24:354:Infinity":33,"s:355:24:355:Infinity":34,"b:372:47:372:56:372:56:372:63":17,"b:377:11:377:Infinity:378:12:401:Infinity":18,"f:383:26:383:27":16,"s:383:33:383:Infinity":35,"f:425:9:425:25":17,"s:439:2:524:Infinity":36,"f:441:85:441:86":18,"s:442:31:442:Infinity":37,"f:442:50:442:51":19,"s:442:61:442:88":38,"b:443:8:443:Infinity:undefined:undefined:undefined:undefined":19,"s:443:8:443:Infinity":39,"s:443:41:443:Infinity":40,"s:445:31:445:Infinity":41,"f:445:53:445:54":20,"s:445:64:445:80":42,"b:447:8:498:Infinity:undefined:undefined:undefined:undefined":20,"s:447:8:498:Infinity":43,"b:447:12:447:39:447:39:447:66":21,"s:448:31:448:Infinity":44,"f:448:53:448:58":21,"s:448:58:448:112":45,"b:448:58:448:93:448:93:448:112":22,"s:449:35:449:Infinity":46,"f:449:57:449:62":22,"s:449:62:449:124":47,"b:449:62:449:101:449:101:449:124":23,"s:450:36:450:Infinity":48,"f:450:58:450:63":23,"s:450:63:450:127":49,"b:450:63:450:103:450:103:450:127":24,"s:451:41:451:Infinity":50,"f:451:63:451:68":24,"s:451:68:451:142":51,"b:451:68:451:113:451:113:451:142":25,"s:453:10:496:Infinity":52,"s:500:8:521:Infinity":53,"f:504:34:504:35":25,"s:505:37:505:Infinity":54,"b:505:37:505:64:505:64:505:Infinity":26,"s:506:34:506:Infinity":55,"s:507:16:517:Infinity":56,"f:528:16:528:30":26,"s:529:105:529:Infinity":57,"s:530:38:530:Infinity":58,"s:531:26:531:Infinity":59,"s:532:34:532:Infinity":60,"s:533:42:533:Infinity":61,"s:534:48:534:Infinity":62,"s:535:62:535:Infinity":63,"s:536:44:536:Infinity":64,"s:537:8:537:Infinity":65,"s:538:8:538:Infinity":66,"s:539:8:539:Infinity":67,"s:544:8:570:Infinity":68,"f:544:33:544:39":27,"b:545:4:545:Infinity:undefined:undefined:undefined:undefined":27,"s:545:4:545:Infinity":69,"s:545:17:545:Infinity":70,"s:547:25:547:Infinity":71,"s:548:4:569:Infinity":72,"s:573:8:581:Infinity":73,"f:573:40:573:41":28,"s:574:4:574:Infinity":74,"f:574:20:574:21":29,"s:574:31:574:57":75,"s:576:17:576:Infinity":76,"b:577:4:580:Infinity:undefined:undefined:undefined:undefined":28,"s:577:4:580:Infinity":77,"s:578:21:578:Infinity":78,"s:579:6:579:Infinity":79,"s:583:8:595:Infinity":80,"f:583:35:583:36":30,"s:584:4:588:Infinity":81,"f:584:20:584:21":31,"s:585:22:585:Infinity":82,"s:586:6:586:Infinity":83,"s:587:6:587:Infinity":84,"s:590:17:590:Infinity":85,"b:591:4:594:Infinity:undefined:undefined:undefined:undefined":29,"s:591:4:594:Infinity":86,"s:592:21:592:Infinity":87,"s:593:6:593:Infinity":88,"s:597:8:603:Infinity":89,"f:597:33:597:39":32,"b:598:4:601:Infinity:undefined:undefined:undefined:undefined":30,"s:598:4:601:Infinity":90,"s:599:6:599:Infinity":91,"s:600:6:600:Infinity":92,"s:602:4:602:Infinity":93,"s:605:8:609:Infinity":94,"f:605:34:605:40":33,"s:606:4:606:Infinity":95,"s:607:4:607:Infinity":96,"s:608:4:608:Infinity":97,"s:611:8:614:Infinity":98,"f:611:39:611:40":34,"s:612:4:612:Infinity":99,"s:613:4:613:Infinity":100,"s:616:8:626:Infinity":101,"f:616:39:616:45":35,"b:617:4:625:Infinity:undefined:undefined:undefined:undefined":31,"s:617:4:625:Infinity":102,"s:619:26:619:Infinity":103,"s:621:6:621:Infinity":104,"s:622:6:622:Infinity":105,"s:623:6:623:Infinity":106,"s:628:8:633:Infinity":107,"f:628:41:628:42":36,"s:629:4:629:Infinity":108,"b:630:4:632:Infinity:undefined:undefined:undefined:undefined":32,"s:630:4:632:Infinity":109,"s:631:6:631:Infinity":110,"s:635:8:637:Infinity":111,"f:635:39:635:45":37,"s:636:4:636:Infinity":112,"f:636:14:636:15":38,"s:636:24:636:29":113,"s:639:8:641:Infinity":114,"f:639:34:639:40":39,"s:640:4:640:Infinity":115,"s:643:8:645:Infinity":116,"f:643:43:643:49":40,"s:644:4:644:Infinity":117,"f:644:25:644:26":41,"s:644:35:644:40":118,"s:647:8:649:Infinity":119,"f:647:43:647:49":42,"s:648:4:648:Infinity":120,"s:651:8:653:Infinity":121,"f:651:45:651:46":43,"s:652:4:652:Infinity":122,"s:655:8:658:Infinity":123,"f:655:45:655:51":44,"s:656:4:656:Infinity":124,"s:657:4:657:Infinity":125,"s:661:2:676:Infinity":126,"f:661:12:661:18":45,"b:662:4:662:Infinity:undefined:undefined:undefined:undefined":33,"s:662:4:662:Infinity":127,"s:662:17:662:Infinity":128,"s:664:32:672:Infinity":129,"f:664:32:664:33":46,"s:665:21:665:Infinity":130,"s:666:30:666:Infinity":131,"s:667:27:667:Infinity":132,"b:667:27:667:49:667:49:667:Infinity":34,"b:6
[...]
10},"end":{"line":10,"column":null}},"3":{"start":{"line":13,"column":4},"end":{"line":15,"column":null}},"4":{"start":{"line":14,"column":6},"end":{"line":14,"column":null}},"5":{"start":{"line":18,"column":18},"end":{"line":18,"column":null}},"6":{"start":{"line":19,"column":14},"end":{"line":19,"column":null}},"7":{"start":{"line":20,"column":14},"end":{"line":20,"column":null}},"8":{"start":{"line":21,"column":14},"end":{"line":21,"column":null}},"9":{"start":{"line":23,"column":4},"end":{"line":23,"column":null}},"10":{"start":{"line":25,"column":4},"end":{"line":25,"column":null}},"11":{"start":{"line":27,"column":4},"end":{"line":27,"column":null}},"12":{"start":{"line":38,"column":2},"end":{"line":46,"column":null}},"13":{"start":{"line":39,"column":10},"end":{"line":39,"column":null}},"14":{"start":{"line":40,"column":10},"end":{"line":40,"column":null}},"15":{"start":{"line":41,"column":4},"end":{"line":41,"column":null}},"16":{"start":{"line":43,"column":4},"end":{"line":43,"column":null}},"17":{"start":{"line":45,"column":4},"end":{"line":45,"column":null}},"18":{"start":{"line":54,"column":2},"end":{"line":54,"column":null}},"19":{"start":{"line":54,"column":18},"end":{"line":54,"column":null}},"20":{"start":{"line":55,"column":2},"end":{"line":55,"column":null}},"21":{"start":{"line":55,"column":20},"end":{"line":55,"column":null}},"22":{"start":{"line":56,"column":2},"end":{"line":56,"column":null}},"23":{"start":{"line":95,"column":34},"end":{"line":95,"column":null}},"24":{"start":{"line":98,"column":20},"end":{"line":105,"column":null}},"25":{"start":{"line":99,"column":4},"end":{"line":104,"column":null}},"26":{"start":{"line":100,"column":6},"end":{"line":100,"column":null}},"27":{"start":{"line":102,"column":6},"end":{"line":102,"column":null}},"28":{"start":{"line":103,"column":6},"end":{"line":103,"column":null}},"29":{"start":{"line":108,"column":20},"end":{"line":108,"column":null}},"30":{"start":{"line":109,"column":18},"end":{"line":109,"column":null}},"31":{"start":{"line":110,"column":23},"end":{"line":110,"column":null}},"32":{"start":{"line":111,"column":31},"end":{"line":111,"column":null}},"33":{"start":{"line":112,"column":23},"end":{"line":112,"column":null}},"34":{"start":{"line":113,"column":27},"end":{"line":113,"column":null}},"35":{"start":{"line":114,"column":24},"end":{"line":114,"column":null}},"36":{"start":{"line":115,"column":20},"end":{"line":115,"column":null}},"37":{"start":{"line":116,"column":24},"end":{"line":116,"column":null}},"38":{"start":{"line":117,"column":25},"end":{"line":117,"column":null}},"39":{"start":{"line":118,"column":22},"end":{"line":118,"column":null}},"40":{"start":{"line":119,"column":24},"end":{"line":119,"column":null}},"41":{"start":{"line":120,"column":24},"end":{"line":120,"column":null}},"42":{"start":{"line":123,"column":36},"end":{"line":134,"column":null}},"43":{"start":{"line":127,"column":4},"end":{"line":127,"column":null}},"44":{"start":{"line":127,"column":28},"end":{"line":127,"column":null}},"45":{"start":{"line":128,"column":4},"end":{"line":133,"column":null}},"46":{"start":{"line":129,"column":6},"end":{"line":129,"column":null}},"47":{"start":{"line":131,"column":6},"end":{"line":131,"column":null}},"48":{"start":{"line":132,"column":6},"end":{"line":132,"column":null}},"49":{"start":{"line":137,"column":28},"end":{"line":156,"column":null}},"50":{"start":{"line":145,"column":18},"end":{"line":145,"column":null}},"51":{"start":{"line":146,"column":4},"end":{"line":155,"column":null}},"52":{"start":{"line":147,"column":6},"end":{"line":154,"column":null}},"53":{"start":{"line":159,"column":31},"end":{"line":179,"column":null}},"54":{"start":{"line":166,"column":20},"end":{"line":166,"column":null}},"55":{"start":{"line":167,"column":28},"end":{"line":167,"column":null}},"56":{"start":{"line":168,"column":18},"end":{"line":168,"column":null}},"57":{"start":{"line":169,"column":4},"end":{"line":178,"column":null}},"58":{"start":{"line":170,"column":6},"end":{"line":177,"column":null}},"59":{"start":{"line":182,"column":31},"end":{"line":209,"column":null}},"60":{"start":{"line":190,"column":4},"end":{"line":190,"column":null}},"61":{"start":{"line":190,"column":20},"end":{"line":190,"column":null}},"62":{"start":{"line":191,"column":4},"end":{"line":208,"column":null}},"63":{"start":{"line":192,"column":30},"end":{"line":192,"column":null}},"64":{"start":{"line":193,"column":22},"end":{"line":193,"column":null}},"65":{"start":{"line":194,"column":30},"end":{"line":194,"column":null}},"66":{"start":{"line":195,"column":20},"end":{"line":195,"column":null}},"67":{"start":{"line":196,"column":6},"end":{"line":205,"column":null}},"68":{"start":{"line":197,"column":8},"end":{"line":204,"column":null}},"69":{"start":{"line":207,"column":6},"end":{"line":207,"column":null}},"70":{"start":{"line":212,"column":32},"end":{"line":239,"column":null}},"71":{"start":{"line":220,"column":4},"end":{"line":220,"column":null}},"72":{"start":{"line":220,"column":26},"end":{"line":220,"column":null}},"73":{"start":{"line":221,"column":23},"end":{"line":221,"column":null}},"74":{"start":{"line":222,"column":21},"end":{"line":222,"column":null}},"75":{"start":{"line":223,"column":26},"end":{"line":223,"column":null}},"76":{"start":{"line":224,"column":24},"end":{"line":224,"column":null}},"77":{"start":{"line":226,"column":23},"end":{"line":226,"column":null}},"78":{"start":{"line":227,"column":21},"end":{"line":227,"column":null}},"79":{"start":{"line":228,"column":4},"end":{"line":238,"column":null}},"80":{"start":{"line":229,"column":23},"end":{"line":229,"column":null}},"81":{"start":{"line":230,"column":6},"end":{"line":237,"column":null}},"82":{"start":{"line":242,"column":2},"end":{"line":242,"column":null}},"83":{"start":{"line":243,"column":2},"end":{"line":243,"column":null}},"84":{"start":{"line":244,"column":2},"end":{"line":244,"column":null}},"85":{"start":{"line":245,"column":2},"end":{"line":245,"column":null}},"86":{"start":{"line":246,"column":2},"end":{"line":246,"column":null}},"87":{"start":{"line":247,"column":2},"end":{"line":247,"column":null}},"88":{"start":{"line":248,"column":2},"end":{"line":248,"column":null}},"89":{"start":{"line":249,"column":2},"end":{"line":249,"column":null}},"90":{"start":{"line":250,"column":2},"end":{"line":250,"column":null}},"91":{"start":{"line":251,"column":2},"end":{"line":251,"column":null}},"92":{"start":{"line":252,"column":2},"end":{"line":252,"column":null}},"93":{"start":{"line":255,"column":2},"end":{"line":255,"column":null}},"94":{"start":{"line":256,"column":2},"end":{"line":256,"column":null}},"95":{"start":{"line":257,"column":2},"end":{"line":257,"column":null}},"96":{"start":{"line":260,"column":2},"end":{"line":260,"column":null}},"97":{"start":{"line":261,"column":2},"end":{"line":261,"column":null}},"98":{"start":{"line":262,"column":32},"end":{"line":262,"column":null}},"99":{"start":{"line":263,"column":2},"end":{"line":263,"column":null}},"100":{"start":{"line":264,"column":2},"end":{"line":264,"column":null}},"101":{"start":{"line":267,"column":2},"end":{"line":267,"column":null}},"102":{"start":{"line":268,"column":2},"end":{"line":268,"column":null}},"103":{"start":{"line":269,"column":2},"end":{"line":269,"column":null}},"104":{"start":{"line":270,"column":2},"end":{"line":270,"column":null}},"105":{"start":{"line":272,"column":2},"end":{"line":272,"column":null}}},"fnMap":{"0":{"name":"blendColor","decl":{"start":{"line":7,"column":9},"end":{"line":7,"column":20}},"loc":{"start":{"line":7,"column":68},"end":{"line":29,"column":null}},"line":7},"1":{"name":"getContrastRatio","decl":{"start":{"line":37,"column":16},"end":{"line":37,"column":33}},"loc":{"start":{"line":37,"column":73},"end":{"line":47,"column":null}},"line":37},"2":{"name":"getContrastLevel","decl":{"start":{"line":53,"column":16},"end":{"line":53,"column":33}},"loc":{"start":{"line":53,"column":71},"end":{"line":57,"column":null}},"line":53},"3":{"name":"checkContrastIssues","decl":{"start":{"line":73,"column":16},"end":{"line":73,"column":36}},"loc":{"start":{"line":94,"column":20},"end":{"line":273,"column":null}},"line":94},"4":{"name":"(anonymous_4)","decl":{"start":{"line":98,"column":20},"end":{"line":98,"column":21}},"loc":{"start":{"line":98,"column":78},"end":{"line":105,"column":null}},"line":98},"5":{"name":"(anonymous_5)","decl":{"start":{"line":123,"column":36},"end":{"line":123,"column":null}},"loc":{"start":{"line":126,"column":15},"end":{"line":134,"column":null}},"line":126},"6":{"name":"(anonymous_6)","decl":{"start":{"line":137,"column":28},"end":{"line":137,"column":null}},"loc":{"start":{"line":144,"column":13},"end":{"line":156,"column":null}},"line":144},"7":{"name":"(anonymous_7)","decl":{"start":{"line":159,"column":31},"end":{"line":159,"column":null}},"loc":{"start":{"line":165,"column":13},"end":{"line":179,"column":null}},"line":165},"8":{"name":"(anonymous_8)","decl":{"start":{"line":182,"column":31},"end":{"line":182,"column":null}},"loc":{"start":{"line":189,"column":13},"end":{"line":209,"column":null}},"line":189},"9":{"name":"(anonymous_9)","decl":{"start":{"line":212,"column":32},"end":{"line":212,"column":null}},"loc":{"start":{"line":219,"column":13},"end":{"line":239,"column":null}},"line":219}},"branchMap":{"0":{"loc":{"start":{"line":13,"column":4},"end":{"line":15,"column":null}},"type":"if","locations":[{"start":{"line":13,"column":4},"end":{"line":15,"column":null}},{"start":{},"end":{}}],"line":13},"1":{"loc":{"start":{"line":54,"column":2},"end":{"line":54,"column":null}},"type":"if","locations":[{"start":{"line":54,"column":2},"end":{"line":54,"column":null}},{"start":{},"end":{}}],"line":54},"2":{"loc":{"start":{"line":55,"column":2},"end":{"line":55,"column":null}},"type":"if","locations":[{"start":{"line":55,"column":2},"end":{"line":55,"column":null}},{"start":{},"end":{}}],"line":55},"3":{"loc":{"start":{"line":127,"column":4},"end":{"line":127,"column":null}},"type":"if","locations":[{"start":{"line":127,"column":4},"end":{"line":127,"column":null}},{"start":{},"end":{}}],"line":127},"4":{"loc":{"start":{"line":127,"column":8},"end":{"line":127,"column":28}},"type":"binary-expr","locations":[{"start":{"line":127,"column":8},"end":{"line":127,"column":19}},{"start":{"line":127,"column":19},"end":{"line":127,"column":28}}],"line":127},"5":{"loc":{"start":{"line":146,"column":4},"end":{"line":155,"column":null}},"type":"if","locations":[{"start":{"line":146,"column":4},"end":{"line":155,"column":null}},{"start":{},"end":{}}],"line":146},"6":{"loc":{"start":{"line":169,"column":4},"end":{"line":178,"column":null}},"type":"if","locations":[{"start":{"line":169,"column":4},"end":{"line":178,"column":null}},{"start":{},"end":{}}],"line":169},"7":{"loc":{"start":{"line":190,"column":4},"end":{"line":190,"column":null}},"type":"if","locations":[{"start":{"line":190,"column":4},"end":{"line":190,"column":null}},{"start":{},"end":{}}],"line":190},"8":{"loc":{"start":{"line":196,"column":6},"end":{"line":205,"column":null}},"type":"if","locations":[{"start":{"line":196,"column":6},"end":{"line":205,"column":null}},{"start":{},"end":{}}],"line":196},"9":{"loc":{"start":{"line":220,"column":4},"end":{"line":220,"column":null}},"type":"if","locations":[{"start":{"line":220,"column":4},"end":{"line":220,"column":null}},{"start":{},"end":{}}],"line":220},"10":{"loc":{"start":{"line":228,"column":4},"end":{"line":238,"column":null}},"type":"if","locations":[{"start":{"line":228,"column":4},"end":{"line":238,"column":null}},{"start":{},"end":{}}],"line":228},"11":{"loc":{"start":{"line":228,"column":8},"end":{"line":228,"column":44}},"type":"binary-expr","locations":[{"start":{"line":228,"column":8},"end":{"line":228,"column":28}},{"start":{"line":228,"column":28},"end":{"line":228,"column":44}}],"line":228}},"s":{"0":635,"1":635,"2":635,"3":635,"4":346,"5":279,"6":279,"7":279,"8":279,"9":279,"10":10,"11":10,"12":8,"13":8,"14":8,"15":8,"16":3,"17":3,"18":143,"19":4,"20":139,"21":5,"22":134,"23":43,"24":43,"25":1194,"26":1194,"27":8,"28":8,"29":43,"30":43,"31":43,"32":43,"33":43,"34":43,"35":43,"36":43,"37":43,"38":43,"39":43,"40":43,"41":43,"42":43,"43":1108,"44":15,"45":1093,"46":1093,"47":1,"48":1,"49":43,"50":516,"51":516,"52":62,"53":43,"54":129,"55":129,"56":129,"57":129,"58":13,"59":43,"60":129,"61":3,"62":126,"63":126,"64":126,"65":126,"66":126,"67":126,"68":30,"69":1,"70":43,"71":172,"72":3,"73":169,"74":169,"75":169,"76":169,"77":169,"78":169,"79":169,"80":25,"81":25,"82":43,"83":43,"84":43,"85":43,"86":43,"87":43,"88":43,"89":43,"90":43,"91":43,"92":43,"93":43,"94":43,"95":43,"96":43,"97":43,"98":43,"99":43,"100":43,"101":43,"102":43,"103":43,"104":43,"105":43},"f":{"0":635,"1":8,"2":143,"3":43,"4":1194,"5":1108,"6":516,"7":129,"8":129,"9":172},"b":{"0":[346,289],"1":[4,139],"2":[5,134],"3":[15,1093],"4":[1108,1101],"5":[62,454],"6":[13,116],"7":[3,126],"8":[30,96],"9":[3,169],"10":[25,144],"11":[169,146]},"meta":{"lastBranch":12,"lastFunction":10,"lastStatement":106,"seen":{"f:7:9:7:20":0,"s:8:2:28:Infinity":0,"s:9:10:9:Infinity":1,"s:10:10:10:Infinity":2,"b:13:4:15:Infinity:undefined:undefined:undefined:undefined":0,"s:13:4:15:Infinity":3,"s:14:6:14:Infinity":4,"s:18:18:18:Infinity":5,"s:19:14:19:Infinity":6,"s:20:14:20:Infinity":7,"s:21:14:21:Infinity":8,"s:23:4:23:Infinity":9,"s:25:4:25:Infinity":10,"s:27:4:27:Infinity":11,"f:37:16:37:33":1,"s:38:2:46:Infinity":12,"s:39:10:39:Infinity":13,"s:40:10:40:Infinity":14,"s:41:4:41:Infinity":15,"s:43:4:43:Infinity":16,"s:45:4:45:Infinity":17,"f:53:16:53:33":2,"b:54:2:54:Infinity:undefined:undefined:undefined:undefined":1,"s:54:2:54:Infinity":18,"s:54:18:54:Infinity":19,"b:55:2:55:Infinity:undefined:undefined:undefined:undefined":2,"s:55:2:55:Infinity":20,"s:55:20:55:Infinity":21,"s:56:2:56:Infinity":22,"f:73:16:73:36":3,"s:95:34:95:Infinity":23,"s:98:20:105:Infinity":24,"f:98:20:98:21":4,"s:99:4:104:Infinity":25,"s:100:6:100:Infinity":26,"s:102:6:102:Infinity":27,"s:103:6:103:Infinity":28,"s:108:20:108:Infinity":29,"s:109:18:109:Infinity":30,"s:110:23:110:Infinity":31,"s:111:31:111:Infinity":32,"s:112:23:112:Infinity":33,"s:113:27:113:Infinity":34,"s:114:24:114:Infinity":35,"s:115:20:115:Infinity":36,"s:116:24:116:Infinity":37,"s:117:25:117:Infinity":38,"s:118:22:118:Infinity":39,"s:119:24:119:Infinity":40,"s:120:24:120:Infinity":41,"s:123:36:134:Infinity":42,"f:123:36:123:Infinity":5,"b:127:4:127:Infinity:undefined:undefined:undefined:undefined":3,"s:127:4:127:Infinity":43,"b:127:8:127:19:127:19:127:28":4,"s:127:28:127:Infinity":44,"s:128:4:133:Infinity":45,"s:129:6:129:Infinity":46,"s:131:6:131:Infinity":47,"s:132:6:132:Infinity":48,"s:137:28:156:Infinity":49,"f:137:28:137:Infinity":6,"s:145:18:145:Infinity":50,"b:146:4:155:Infinity:undefined:undefined:undefined:undefined":5,"s:146:4:155:Infinity":51,"s:147:6:154:Infinity":52,"s:159:31:179:Infinity":53,"f:159:31:159:Infinity":7,"s:166:20:166:Infinity":54,"s:167:28:167:Infinity":55,"s:168:18:168:Infinity":56,"b:169:4:178:Infinity:undefined:undefined:undefined:undefined":6,"s:169:4:178:Infinity":57,"s:170:6:177:Infinity":58,"s:182:31:209:Infinity":59,"f:182:31:182:Infinity":8,"b:190:4:190:Infinity:undefined:undefined:undefined:undefined":7,"s:190:4:190:Infinity":60,"s:190:20:190:Infinity":61,"s:191:4:208:Infinity":62,"s:192:30:192:Infinity":63,"s:193:22:193:Infinity":64,"s:194:30:194:Infinity":65,"s:195:20:195:Infinity":66,"b:196:6:205:Infinity:undefined:undefined:undefined:undefined":8,"s:196:6:205:Infinity":67,"s:197:8:204:Infinity":68,"s:207:6:207:Infinity":69,"s:212:32:239:Infinity":70,"f:212:32:212:Infinity":9,"b:220:4:220:Infinity:undefined:undefined:undefined:undefined":9,"s:220:4:220:Infinity":71,"s:220:26:220:Infinity":72,"s:221:23:221:Infinity":73,"s:222:21:222:Infinity":74,"s:223:26:223:Infinity":75,"s:224:24:224:Infinity":76,"s:226:23:226:Infinity":77,"s:227:21:227:Infinity":78,"b:228:4:238:Infinity:undefined:undefined:undefined:undefined":10,"s:228:4:238:Infinity":79,"b:228:8:228:28:228:28:228:44":11,"s:229:23:229:Infinity":80,"s:230:6:237:Infinity":81,"s:242:2:242:Infinity":82,"s:243:2:243:Infinity":83,"s:244:2:244:Infinity":84,"s:245:2:245:Infinity":85,"s:246:2:246:Infinity":86,"s:247:2:247:Infinity":87,"s:248:2:248:Infinity":88,"s:249:2:249:Infinity":89,"s:250:2:250:Infinity":90,"s:251:2:251:Infinity":91,"s:252:2:252:Infinity":92,"s:255:2:255:Infinity":93,"s:256:2:256:Infinity":94,"s:257:2:257:Infinity":95,"s:260:2:260:Infinity":96,"s:261:2:261:Infinity":97,"s:262:32:262:Infinity":98,"s:263:2:263:Infinity":99,"s:264:2:264:Infinity":100,"s:267:2:267:Infinity":101,"s:268:2:268:Infinity":102,"s:269:2:269:Infinity":103,"s:270:2:270:Infinity":104,"s:272:2:272:Infinity":105}}}
,"/Users/johnnyhammond/Documents/new-years-project/src/utils/imageGrayscale.ts": {"path":"/Users/johnnyhammond/Documents/new-years-project/src/utils/imageGrayscale.ts","statementMap":{"0":{"start":{"line":12,"column":2},"end":{"line":14,"column":null}},"1":{"start":{"line":13,"column":4},"end":{"line":13,"column":null}},"2":{"start":{"line":17,"column":2},"end":{"line":24,"column":null}},"3":{"start":{"line":19,"column":21},"end":{"line":19,"column":null}},"4":{"start":{"line":20,"column":22},"end":{"line":20,"column":null}},"5":{"start":{"line":23,"column":4},"end":{"line":23,"column":null}},"6":{"start":{"line":27,"column":2},"end":{"line":27,"column":null}},"7":{"start":{"line":36,"column":2},"end":{"line":36,"column":null}}},"fnMap":{"0":{"name":"getGrayscaleImageUrl","decl":{"start":{"line":11,"column":16},"end":{"line":11,"column":37}},"loc":{"start":{"line":11,"column":85},"end":{"line":28,"column":null}},"line":11},"1":{"name":"getGrayscaleFilter","decl":{"start":{"line":35,"column":16},"end":{"line":35,"column":35}},"loc":{"start":{"line":35,"column":77},"end":{"line":37,"column":null}},"line":35}},"branchMap":{"0":{"loc":{"start":{"line":12,"column":2},"end":{"line":14,"column":null}},"type":"if","locations":[{"start":{"line":12,"column":2},"end":{"line":14,"column":null}},{"start":{},"end":{}}],"line":12},"1":{"loc":{"start":{"line":17,"column":2},"end":{"line":24,"column":null}},"type":"if","locations":[{"start":{"line":17,"column":2},"end":{"line":24,"column":null}},{"start":{},"end":{}}],"line":17},"2":{"loc":{"start":{"line":20,"column":22},"end":{"line":20,"column":null}},"type":"cond-expr","locations":[{"start":{"line":20,"column":33},"end":{"line":20,"column":39}},{"start":{"line":20,"column":39},"end":{"line":20,"column":null}}],"line":20},"3":{"loc":{"start":{"line":36,"column":9},"end":{"line":36,"column":null}},"type":"cond-expr","locations":[{"start":{"line":36,"column":23},"end":{"line":36,"column":43}},{"start":{"line":36,"column":43},"end":{"line":36,"column":null}}],"line":36}},"s":{"0":113,"1":105,"2":8,"3":6,"4":6,"5":6,"6":2,"7":144},"f":{"0":113,"1":144},"b":{"0":[105,8],"1":[6,2],"2":[3,3],"3":[1,143]},"meta":{"lastBranch":4,"lastFunction":2,"lastStatement":8,"seen":{"f:11:16:11:37":0,"b:12:2:14:Infinity:undefined:undefined:undefined:undefined":0,"s:12:2:14:Infinity":0,"s:13:4:13:Infinity":1,"b:17:2:24:Infinity:undefined:undefined:undefined:undefined":1,"s:17:2:24:Infinity":2,"s:19:21:19:Infinity":3,"s:20:22:20:Infinity":4,"b:20:33:20:39:20:39:20:Infinity":2,"s:23:4:23:Infinity":5,"s:27:2:27:Infinity":6,"f:35:16:35:35":1,"s:36:2:36:Infinity":7,"b:36:23:36:43:36:43:36:Infinity":3}}}
,"/Users/johnnyhammond/Documents/new-years-project/src/utils/slug.ts": {"path":"/Users/johnnyhammond/Documents/new-years-project/src/utils/slug.ts","statementMap":{"0":{"start":{"line":7,"column":2},"end":{"line":15,"column":null}}},"fnMap":{"0":{"name":"slugify","decl":{"start":{"line":6,"column":16},"end":{"line":6,"column":24}},"loc":{"start":{"line":6,"column":46},"end":{"line":16,"column":null}},"line":6}},"branchMap":{},"s":{"0":716},"f":{"0":716},"b":{},"meta":{"lastBranch":0,"lastFunction":1,"lastStatement":1,"seen":{"f:6:16:6:24":0,"s:7:2:15:Infinity":0}}}
}
