{"/Users/johnnyhammond/Documents/new-years-project/scripts/analyze-ast-mismatches.js": {"path":"/Users/johnnyhammond/Documents/new-years-project/scripts/analyze-ast-mismatches.js","statementMap":{"0":{"start":{"line":5,"column":91},"end":{"line":5,"column":129}},"1":{"start":{"line":5,"column":152},"end":{"line":5,"column":189}},"2":{"start":{"line":6,"column":93},"end":{"line":6,"column":132}},"3":{"start":{"line":7,"column":89},"end":{"line":7,"column":123}},"4":{"start":{"line":7,"column":141},"end":{"line":7,"column":175}},"5":{"start":{"line":16,"column":19},"end":{"line":16,"column":49}},"6":{"start":{"line":17,"column":18},"end":{"line":17,"column":37}},"7":{"start":{"line":18,"column":20},"end":{"line":18,"column":44}},"8":{"start":{"line":21,"column":2},"end":{"line":21,"column":null}},"9":{"start":{"line":24,"column":23},"end":{"line":24,"column":61}},"10":{"start":{"line":27,"column":22},"end":{"line":27,"column":105}},"11":{"start":{"line":30,"column":18},"end":{"line":30,"column":27}},"12":{"start":{"line":31,"column":2},"end":{"line":36,"column":null}},"13":{"start":{"line":32,"column":4},"end":{"line":34,"column":null}},"14":{"start":{"line":33,"column":6},"end":{"line":33,"column":null}},"15":{"start":{"line":35,"column":4},"end":{"line":35,"column":null}},"16":{"start":{"line":38,"column":21},"end":{"line":38,"column":23}},"17":{"start":{"line":39,"column":23},"end":{"line":39,"column":24}},"18":{"start":{"line":40,"column":24},"end":{"line":40,"column":25}},"19":{"start":{"line":42,"column":2},"end":{"line":95,"column":null}},"20":{"start":{"line":43,"column":4},"end":{"line":94,"column":null}},"21":{"start":{"line":44,"column":23},"end":{"line":44,"column":53}},"22":{"start":{"line":45,"column":25},"end":{"line":45,"column":56}},"23":{"start":{"line":48,"column":28},"end":{"line":48,"column":74}},"24":{"start":{"line":51,"column":33},"end":{"line":57,"column":7}},"25":{"start":{"line":60,"column":6},"end":{"line":91,"column":null}},"26":{"start":{"line":61,"column":8},"end":{"line":61,"column":null}},"27":{"start":{"line":62,"column":25},"end":{"line":66,"column":9}},"28":{"start":{"line":68,"column":33},"end":{"line":68,"column":58}},"29":{"start":{"line":69,"column":32},"end":{"line":69,"column":57}},"30":{"start":{"line":70,"column":27},"end":{"line":70,"column":61}},"31":{"start":{"line":72,"column":8},"end":{"line":90,"column":null}},"32":{"start":{"line":73,"column":10},"end":{"line":73,"column":null}},"33":{"start":{"line":74,"column":41},"end":{"line":74,"column":71}},"34":{"start":{"line":76,"column":10},"end":{"line":89,"column":null}},"35":{"start":{"line":84,"column":62},"end":{"line":87,"column":13}},"36":{"start":{"line":93,"column":6},"end":{"line":93,"column":null}},"37":{"start":{"line":98,"column":2},"end":{"line":98,"column":null}},"38":{"start":{"line":98,"column":28},"end":{"line":98,"column":75}},"39":{"start":{"line":100,"column":2},"end":{"line":100,"column":null}},"40":{"start":{"line":101,"column":2},"end":{"line":101,"column":null}},"41":{"start":{"line":102,"column":2},"end":{"line":102,"column":null}},"42":{"start":{"line":103,"column":2},"end":{"line":103,"column":null}},"43":{"start":{"line":105,"column":2},"end":{"line":116,"column":null}},"44":{"start":{"line":106,"column":4},"end":{"line":106,"column":null}},"45":{"start":{"line":107,"column":4},"end":{"line":107,"column":null}},"46":{"start":{"line":108,"column":4},"end":{"line":108,"column":null}},"47":{"start":{"line":109,"column":4},"end":{"line":111,"column":null}},"48":{"start":{"line":110,"column":6},"end":{"line":110,"column":null}},"49":{"start":{"line":110,"column":58},"end":{"line":110,"column":81}},"50":{"start":{"line":112,"column":4},"end":{"line":114,"column":null}},"51":{"start":{"line":113,"column":6},"end":{"line":113,"column":null}},"52":{"start":{"line":115,"column":4},"end":{"line":115,"column":null}},"53":{"start":{"line":119,"column":21},"end":{"line":119,"column":69}},"54":{"start":{"line":120,"column":2},"end":{"line":127,"column":null}},"55":{"start":{"line":128,"column":2},"end":{"line":128,"column":null}},"56":{"start":{"line":131,"column":0},"end":{"line":134,"column":null}},"57":{"start":{"line":132,"column":2},"end":{"line":132,"column":null}},"58":{"start":{"line":133,"column":2},"end":{"line":133,"column":null}}},"fnMap":{"0":{"name":"analyzeASTMismatches","decl":{"start":{"line":20,"column":22},"end":{"line":20,"column":42}},"loc":{"start":{"line":20,"column":45},"end":{"line":129,"column":null}},"line":20},"1":{"name":"(anonymous_1)","decl":{"start":{"line":31,"column":23},"end":{"line":31,"column":27}},"loc":{"start":{"line":31,"column":31},"end":{"line":36,"column":3}},"line":31},"2":{"name":"(anonymous_2)","decl":{"start":{"line":60,"column":24},"end":{"line":60,"column":28}},"loc":{"start":{"line":60,"column":32},"end":{"line":91,"column":7}},"line":60},"3":{"name":"(anonymous_3)","decl":{"start":{"line":84,"column":55},"end":{"line":84,"column":57}},"loc":{"start":{"line":84,"column":62},"end":{"line":87,"column":13}},"line":84},"4":{"name":"(anonymous_4)","decl":{"start":{"line":98,"column":18},"end":{"line":98,"column":19}},"loc":{"start":{"line":98,"column":28},"end":{"line":98,"column":75}},"line":98},"5":{"name":"(anonymous_5)","decl":{"start":{"line":105,"column":34},"end":{"line":105,"column":35}},"loc":{"start":{"line":105,"column":46},"end":{"line":116,"column":3}},"line":105},"6":{"name":"(anonymous_6)","decl":{"start":{"line":110,"column":52},"end":{"line":110,"column":54}},"loc":{"start":{"line":110,"column":58},"end":{"line":110,"column":81}},"line":110},"7":{"name":"(anonymous_7)","decl":{"start":{"line":131,"column":29},"end":{"line":131,"column":34}},"loc":{"start":{"line":131,"column":38},"end":{"line":134,"column":1}},"line":131}},"branchMap":{"0":{"loc":{"start":{"line":32,"column":4},"end":{"line":34,"column":null}},"type":"if","locations":[{"start":{"line":32,"column":4},"end":{"line":34,"column":null}},{"start":{},"end":{}}],"line":32},"1":{"loc":{"start":{"line":72,"column":8},"end":{"line":90,"column":null}},"type":"if","locations":[{"start":{"line":72,"column":8},"end":{"line":90,"column":null}},{"start":{},"end":{}}],"line":72},"2":{"loc":{"start":{"line":74,"column":41},"end":{"line":74,"column":71}},"type":"binary-expr","locations":[{"start":{"line":74,"column":41},"end":{"line":74,"column":65}},{"start":{"line":74,"column":69},"end":{"line":74,"column":71}}],"line":74},"3":{"loc":{"start":{"line":88,"column":22},"end":{"line":88,"column":59}},"type":"binary-expr","locations":[{"start":{"line":88,"column":22},"end":{"line":88,"column":51}},{"start":{"line":88,"column":55},"end":{"line":88,"column":59}}],"line":88},"4":{"loc":{"start":{"line":107,"column":99},"end":{"line":107,"column":126}},"type":"cond-expr","locations":[{"start":{"line":107,"column":118},"end":{"line":107,"column":121}},{"start":{"line":107,"column":124},"end":{"line":107,"column":126}}],"line":107},"5":{"loc":{"start":{"line":109,"column":4},"end":{"line":111,"column":null}},"type":"if","locations":[{"start":{"line":109,"column":4},"end":{"line":111,"column":null}},{"start":{},"end":{}}],"line":109},"6":{"loc":{"start":{"line":112,"column":4},"end":{"line":114,"column":null}},"type":"if","locations":[{"start":{"line":112,"column":4},"end":{"line":114,"column":null}},{"start":{},"end":{}}],"line":112}},"s":{"0":1,"1":1,"2":1,"3":1,"4":1,"5":1,"6":1,"7":1,"8":15,"9":15,"10":15,"11":15,"12":15,"13":48,"14":17,"15":48,"16":15,"17":15,"18":15,"19":15,"20":17,"21":17,"22":17,"23":17,"24":17,"25":16,"26":47,"27":47,"28":47,"29":47,"30":47,"31":47,"32":40,"33":40,"34":40,"35":5,"36":1,"37":15,"38":29,"39":15,"40":15,"41":15,"42":15,"43":15,"44":36,"45":36,"46":36,"47":36,"48":2,"49":5,"50":36,"51":35,"52":36,"53":15,"54":15,"55":15,"56":1,"57":0,"58":0},"f":{"0":15,"1":48,"2":47,"3":5,"4":29,"5":36,"6":5,"7":0},"b":{"0":[17,31],"1":[40,7],"2":[40,1],"3":[40,1],"4":[3,33],"5":[2,34],"6":[35,1]},"meta":{"lastBranch":7,"lastFunction":8,"lastStatement":59,"seen":{"s:5:91:5:129":0,"s:5:152:5:189":1,"s:6:93:6:132":2,"s:7:89:7:123":3,"s:7:141:7:175":4,"s:16:19:16:49":5,"s:17:18:17:37":6,"s:18:20:18:44":7,"f:20:22:20:42":0,"s:21:2:21:Infinity":8,"s:24:23:24:61":9,"s:27:22:27:105":10,"s:30:18:30:27":11,"s:31:2:36:Infinity":12,"f:31:23:31:27":1,"b:32:4:34:Infinity:undefined:undefined:undefined:undefined":0,"s:32:4:34:Infinity":13,"s:33:6:33:Infinity":14,"s:35:4:35:Infinity":15,"s:38:21:38:23":16,"s:39:23:39:24":17,"s:40:24:40:25":18,"s:42:2:95:Infinity":19,"s:43:4:94:Infinity":20,"s:44:23:44:53":21,"s:45:25:45:56":22,"s:48:28:48:74":23,"s:51:33:57:7":24,"s:60:6:91:Infinity":25,"f:60:24:60:28":2,"s:61:8:61:Infinity":26,"s:62:25:66:9":27,"s:68:33:68:58":28,"s:69:32:69:57":29,"s:70:27:70:61":30,"b:72:8:90:Infinity:undefined:undefined:undefined:undefined":1,"s:72:8:90:Infinity":31,"s:73:10:73:Infinity":32,"s:74:41:74:71":33,"b:74:41:74:65:74:69:74:71":2,"s:76:10:89:Infinity":34,"f:84:55:84:57":3,"s:84:62:87:13":35,"b:88:22:88:51:88:55:88:59":3,"s:93:6:93:Infinity":36,"s:98:2:98:Infinity":37,"f:98:18:98:19":4,"s:98:28:98:75":38,"s:100:2:100:Infinity":39,"s:101:2:101:Infinity":40,"s:102:2:102:Infinity":41,"s:103:2:103:Infinity":42,"s:105:2:116:Infinity":43,"f:105:34:105:35":5,"s:106:4:106:Infinity":44,"s:107:4:107:Infinity":45,"b:107:118:107:121:107:124:107:126":4,"s:108:4:108:Infinity":46,"b:109:4:111:Infinity:undefined:undefined:undefined:undefined":5,"s:109:4:111:Infinity":47,"s:110:6:110:Infinity":48,"f:110:52:110:54":6,"s:110:58:110:81":49,"b:112:4:114:Infinity:undefined:undefined:undefined:undefined":6,"s:112:4:114:Infinity":50,"s:113:6:113:Infinity":51,"s:115:4:115:Infinity":52,"s:119:21:119:69":53,"s:120:2:127:Infinity":54,"s:128:2:128:Infinity":55,"s:131:0:134:Infinity":56,"f:131:29:131:34":7,"s:132:2:132:Infinity":57,"s:133:2:133:Infinity":58}}}
,"/Users/johnnyhammond/Documents/new-years-project/scripts/complexity-breakdown.js": {"path":"/Users/johnnyhammond/Documents/new-years-project/scripts/complexity-breakdown.js","statementMap":{"0":{"start":{"line":9,"column":33},"end":{"line":9,"column":94}},"1":{"start":{"line":9,"column":61},"end":{"line":9,"column":93}},"2":{"start":{"line":11,"column":20},"end":{"line":29,"column":3}},"3":{"start":{"line":31,"column":2},"end":{"line":35,"column":null}},"4":{"start":{"line":32,"column":4},"end":{"line":34,"column":null}},"5":{"start":{"line":33,"column":6},"end":{"line":33,"column":null}},"6":{"start":{"line":37,"column":26},"end":{"line":37,"column":89}},"7":{"start":{"line":37,"column":74},"end":{"line":37,"column":85}},"8":{"start":{"line":39,"column":2},"end":{"line":43,"column":null}},"9":{"start":{"line":53,"column":16},"end":{"line":53,"column":18}},"10":{"start":{"line":56,"column":2},"end":{"line":58,"column":null}},"11":{"start":{"line":57,"column":4},"end":{"line":57,"column":null}},"12":{"start":{"line":61,"column":20},"end":{"line":61,"column":174}},"13":{"start":{"line":63,"column":2},"end":{"line":67,"column":null}},"14":{"start":{"line":64,"column":4},"end":{"line":66,"column":null}},"15":{"start":{"line":65,"column":6},"end":{"line":65,"column":null}},"16":{"start":{"line":69,"column":23},"end":{"line":69,"column":40}},"17":{"start":{"line":70,"column":2},"end":{"line":70,"column":null}},"18":{"start":{"line":80,"column":16},"end":{"line":80,"column":18}},"19":{"start":{"line":83,"column":2},"end":{"line":85,"column":null}},"20":{"start":{"line":84,"column":4},"end":{"line":84,"column":null}},"21":{"start":{"line":89,"column":20},"end":{"line":89,"column":174}},"22":{"start":{"line":91,"column":2},"end":{"line":99,"column":null}},"23":{"start":{"line":92,"column":18},"end":{"line":92,"column":38}},"24":{"start":{"line":93,"column":4},"end":{"line":98,"column":null}},"25":{"start":{"line":96,"column":21},"end":{"line":96,"column":194}},"26":{"start":{"line":97,"column":6},"end":{"line":97,"column":null}},"27":{"start":{"line":101,"column":2},"end":{"line":101,"column":null}},"28":{"start":{"line":112,"column":16},"end":{"line":112,"column":18}},"29":{"start":{"line":115,"column":2},"end":{"line":117,"column":null}},"30":{"start":{"line":116,"column":4},"end":{"line":116,"column":null}},"31":{"start":{"line":121,"column":20},"end":{"line":121,"column":174}},"32":{"start":{"line":123,"column":2},"end":{"line":131,"column":null}},"33":{"start":{"line":124,"column":18},"end":{"line":124,"column":38}},"34":{"start":{"line":125,"column":4},"end":{"line":130,"column":null}},"35":{"start":{"line":128,"column":21},"end":{"line":128,"column":194}},"36":{"start":{"line":129,"column":6},"end":{"line":129,"column":null}},"37":{"start":{"line":134,"column":2},"end":{"line":134,"column":null}},"38":{"start":{"line":144,"column":2},"end":{"line":144,"column":null}}},"fnMap":{"0":{"name":"calculateComplexityBreakdown","decl":{"start":{"line":8,"column":16},"end":{"line":8,"column":44}},"loc":{"start":{"line":8,"column":91},"end":{"line":44,"column":null}},"line":8},"1":{"name":"(anonymous_1)","decl":{"start":{"line":9,"column":55},"end":{"line":9,"column":57}},"loc":{"start":{"line":9,"column":61},"end":{"line":9,"column":93}},"line":9},"2":{"name":"(anonymous_2)","decl":{"start":{"line":31,"column":33},"end":{"line":31,"column":35}},"loc":{"start":{"line":31,"column":39},"end":{"line":35,"column":3}},"line":31},"3":{"name":"(anonymous_3)","decl":{"start":{"line":37,"column":58},"end":{"line":37,"column":59}},"loc":{"start":{"line":37,"column":74},"end":{"line":37,"column":85}},"line":37},"4":{"name":"formatComplexityBreakdown","decl":{"start":{"line":52,"column":16},"end":{"line":52,"column":41}},"loc":{"start":{"line":52,"column":71},"end":{"line":71,"column":null}},"line":52},"5":{"name":"(anonymous_5)","decl":{"start":{"line":63,"column":20},"end":{"line":63,"column":24}},"loc":{"start":{"line":63,"column":28},"end":{"line":67,"column":3}},"line":63},"6":{"name":"formatComplexityBreakdownInline","decl":{"start":{"line":79,"column":16},"end":{"line":79,"column":47}},"loc":{"start":{"line":79,"column":78},"end":{"line":102,"column":null}},"line":79},"7":{"name":"(anonymous_7)","decl":{"start":{"line":91,"column":20},"end":{"line":91,"column":24}},"loc":{"start":{"line":91,"column":28},"end":{"line":99,"column":3}},"line":91},"8":{"name":"formatComplexityBreakdownStyled","decl":{"start":{"line":111,"column":16},"end":{"line":111,"column":47}},"loc":{"start":{"line":111,"column":78},"end":{"line":135,"column":null}},"line":111},"9":{"name":"(anonymous_9)","decl":{"start":{"line":123,"column":20},"end":{"line":123,"column":24}},"loc":{"start":{"line":123,"column":28},"end":{"line":131,"column":3}},"line":123},"10":{"name":"formatComplexityConcise","decl":{"start":{"line":143,"column":16},"end":{"line":143,"column":39}},"loc":{"start":{"line":143,"column":69},"end":{"line":145,"column":null}},"line":143}},"branchMap":{"0":{"loc":{"start":{"line":12,"column":10},"end":{"line":12,"column":29}},"type":"binary-expr","locations":[{"start":{"line":12,"column":10},"end":{"line":12,"column":24}},{"start":{"line":12,"column":28},"end":{"line":12,"column":29}}],"line":12},"1":{"loc":{"start":{"line":32,"column":4},"end":{"line":34,"column":null}},"type":"if","locations":[{"start":{"line":32,"column":4},"end":{"line":34,"column":null}},{"start":{},"end":{}}],"line":32},"2":{"loc":{"start":{"line":56,"column":2},"end":{"line":58,"column":null}},"type":"if","locations":[{"start":{"line":56,"column":2},"end":{"line":58,"column":null}},{"start":{},"end":{}}],"line":56},"3":{"loc":{"start":{"line":64,"column":4},"end":{"line":66,"column":null}},"type":"if","locations":[{"start":{"line":64,"column":4},"end":{"line":66,"column":null}},{"start":{},"end":{}}],"line":64},"4":{"loc":{"start":{"line":83,"column":2},"end":{"line":85,"column":null}},"type":"if","locations":[{"start":{"line":83,"column":2},"end":{"line":85,"column":null}},{"start":{},"end":{}}],"line":83},"5":{"loc":{"start":{"line":92,"column":18},"end":{"line":92,"column":38}},"type":"binary-expr","locations":[{"start":{"line":92,"column":18},"end":{"line":92,"column":33}},{"start":{"line":92,"column":37},"end":{"line":92,"column":38}}],"line":92},"6":{"loc":{"start":{"line":93,"column":4},"end":{"line":98,"column":null}},"type":"if","locations":[{"start":{"line":93,"column":4},"end":{"line":98,"column":null}},{"start":{},"end":{}}],"line":93},"7":{"loc":{"start":{"line":96,"column":21},"end":{"line":96,"column":194}},"type":"cond-expr","locations":[{"start":{"line":96,"column":42},"end":{"line":96,"column":46}},{"start":{"line":96,"column":49},"end":{"line":96,"column":194}}],"line":96},"8":{"loc":{"start":{"line":96,"column":49},"end":{"line":96,"column":194}},"type":"cond-expr","locations":[{"start":{"line":96,"column":65},"end":{"line":96,"column":69}},{"start":{"line":96,"column":72},"end":{"line":96,"column":194}}],"line":96},"9":{"loc":{"start":{"line":96,"column":72},"end":{"line":96,"column":194}},"type":"cond-expr","locations":[{"start":{"line":96,"column":88},"end":{"line":96,"column":92}},{"start":{"line":96,"column":95},"end":{"line":96,"column":194}}],"line":96},"10":{"loc":{"start":{"line":96,"column":95},"end":{"line":96,"column":194}},"type":"cond-expr","locations":[{"start":{"line":96,"column":111},"end":{"line":96,"column":115}},{"start":{"line":96,"column":118},"end":{"line":96,"column":194}}],"line":96},"11":{"loc":{"start":{"line":96,"column":118},"end":{"line":96,"column":194}},"type":"cond-expr","locations":[{"start":{"line":96,"column":134},"end":{"line":96,"column":138}},{"start":{"line":96,"column":141},"end":{"line":96,"column":194}}],"line":96},"12":{"loc":{"start":{"line":96,"column":141},"end":{"line":96,"column":194}},"type":"cond-expr","locations":[{"start":{"line":96,"column":172},"end":{"line":96,"column":187}},{"start":{"line":96,"column":190},"end":{"line":96,"column":194}}],"line":96},"13":{"loc":{"start":{"line":115,"column":2},"end":{"line":117,"column":null}},"type":"if","locations":[{"start":{"line":115,"column":2},"end":{"line":117,"column":null}},{"start":{},"end":{}}],"line":115},"14":{"loc":{"start":{"line":124,"column":18},"end":{"line":124,"column":38}},"type":"binary-expr","locations":[{"start":{"line":124,"column":18},"end":{"line":124,"column":33}},{"start":{"line":124,"column":37},"end":{"line":124,"column":38}}],"line":124},"15":{"loc":{"start":{"line":125,"column":4},"end":{"line":130,"column":null}},"type":"if","locations":[{"start":{"line":125,"column":4},"end":{"line":130,"column":null}},{"start":{},"end":{}}],"line":125},"16":{"loc":{"start":{"line":128,"column":21},"end":{"line":128,"column":194}},"type":"cond-expr","locations":[{"start":{"line":128,"column":42},"end":{"line":128,"column":46}},{"start":{"line":128,"column":49},"end":{"line":128,"column":194}}],"line":128},"17":{"loc":{"start":{"line":128,"column":49},"end":{"line":128,"column":194}},"type":"cond-expr","locations":[{"start":{"line":128,"column":65},"end":{"line":128,"column":69}},{"start":{"line":128,"column":72},"end":{"line":128,"column":194}}],"line":128},"18":{"loc":{"start":{"line":128,"column":72},"end":{"line":128,"column":194}},"type":"cond-expr","locations":[{"start":{"line":128,"column":88},"end":{"line":128,"column":92}},{"start":{"line":128,"column":95},"end":{"line":128,"column":194}}],"line":128},"19":{"loc":{"start":{"line":128,"column":95},"end":{"line":128,"column":194}},"type":"cond-expr","locations":[{"start":{"line":128,"column":111},"end":{"line":128,"column":115}},{"start":{"line":128,"column":118},"end":{"line":128,"column":194}}],"line":128},"20":{"loc":{"start":{"line":128,"column":118},"end":{"line":128,"column":194}},"type":"cond-expr","locations":[{"start":{"line":128,"column":134},"end":{"line":128,"column":138}},{"start":{"line":128,"column":141},"end":{"line":128,"column":194}}],"line":128},"21":{"loc":{"start":{"line":128,"column":141},"end":{"line":128,"column":194}},"type":"cond-expr","locations":[{"start":{"line":128,"column":172},"end":{"line":128,"column":187}},{"start":{"line":128,"column":190},"end":{"line":128,"column":194}}],"line":128}},"s":{"0":7,"1":27,"2":7,"3":7,"4":26,"5":25,"6":7,"7":119,"8":7,"9":4,"10":4,"11":4,"12":4,"13":4,"14":64,"15":8,"16":4,"17":4,"18":34,"19":34,"20":34,"21":34,"22":34,"23":544,"24":544,"25":40,"26":40,"27":34,"28":4,"29":4,"30":4,"31":4,"32":4,"33":64,"34":64,"35":7,"36":7,"37":4,"38":29},"f":{"0":7,"1":27,"2":26,"3":119,"4":4,"5":64,"6":34,"7":544,"8":4,"9":64,"10":29},"b":{"0":[7,1],"1":[25,1],"2":[4,0],"3":[8,56],"4":[34,0],"5":[544,504],"6":[40,504],"7":[2,38],"8":[2,36],"9":[2,34],"10":[1,33],"11":[1,32],"12":[0,32],"13":[4,0],"14":[64,57],"15":[7,57],"16":[2,5],"17":[3,2],"18":[0,2],"19":[0,2],"20":[0,2],"21":[0,2]},"meta":{"lastBranch":22,"lastFunction":11,"lastStatement":39,"seen":{"f:8:16:8:44":0,"s:9:33:9:94":0,"f:9:55:9:57":1,"s:9:61:9:93":1,"s:11:20:29:3":2,"b:12:10:12:24:12:28:12:29":0,"s:31:2:35:Infinity":3,"f:31:33:31:35":2,"b:32:4:34:Infinity:undefined:undefined:undefined:undefined":1,"s:32:4:34:Infinity":4,"s:33:6:33:Infinity":5,"s:37:26:37:89":6,"f:37:58:37:59":3,"s:37:74:37:85":7,"s:39:2:43:Infinity":8,"f:52:16:52:41":4,"s:53:16:53:18":9,"b:56:2:58:Infinity:undefined:undefined:undefined:undefined":2,"s:56:2:58:Infinity":10,"s:57:4:57:Infinity":11,"s:61:20:61:174":12,"s:63:2:67:Infinity":13,"f:63:20:63:24":5,"b:64:4:66:Infinity:undefined:undefined:undefined:undefined":3,"s:64:4:66:Infinity":14,"s:65:6:65:Infinity":15,"s:69:23:69:40":16,"s:70:2:70:Infinity":17,"f:79:16:79:47":6,"s:80:16:80:18":18,"b:83:2:85:Infinity:undefined:undefined:undefined:undefined":4,"s:83:2:85:Infinity":19,"s:84:4:84:Infinity":20,"s:89:20:89:174":21,"s:91:2:99:Infinity":22,"f:91:20:91:24":7,"s:92:18:92:38":23,"b:92:18:92:33:92:37:92:38":5,"b:93:4:98:Infinity:undefined:undefined:undefined:undefined":6,"s:93:4:98:Infinity":24,"s:96:21:96:194":25,"b:96:42:96:46:96:49:96:194":7,"b:96:65:96:69:96:72:96:194":8,"b:96:88:96:92:96:95:96:194":9,"b:96:111:96:115:96:118:96:194":10,"b:96:134:96:138:96:141:96:194":11,"b:96:172:96:187:96:190:96:194":12,"s:97:6:97:Infinity":26,"s:101:2:101:Infinity":27,"f:111:16:111:47":8,"s:112:16:112:18":28,"b:115:2:117:Infinity:undefined:undefined:undefined:undefined":13,"s:115:2:117:Infinity":29,"s:116:4:116:Infinity":30,"s:121:20:121:174":31,"s:123:2:131:Infinity":32,"f:123:20:123:24":9,"s:124:18:124:38":33,"b:124:18:124:33:124:37:124:38":14,"b:125:4:130:Infinity:undefined:undefined:undefined:undefined":15,"s:125:4:130:Infinity":34,"s:128:21:128:194":35,"b:128:42:128:46:128:49:128:194":16,"b:128:65:128:69:128:72:128:194":17,"b:128:88:128:92:128:95:128:194":18,"b:128:111:128:115:128:118:128:194":19,"b:128:134:128:138:128:141:128:194":20,"b:128:172:128:187:128:190:128:194":21,"s:129:6:129:Infinity":36,"s:134:2:134:Infinity":37,"f:143:16:143:39":10,"s:144:2:144:Infinity":38}}}
,"/Users/johnnyhammond/Documents/new-years-project/scripts/decision-points-ast.js": {"path":"/Users/johnnyhammond/Documents/new-years-project/scripts/decision-points-ast.js","statementMap":{"0":{"start":{"line":17,"column":2},"end":{"line":31,"column":null}},"1":{"start":{"line":18,"column":18},"end":{"line":18,"column":72}},"2":{"start":{"line":19,"column":4},"end":{"line":27,"column":null}},"3":{"start":{"line":29,"column":4},"end":{"line":29,"column":null}},"4":{"start":{"line":30,"column":4},"end":{"line":30,"column":null}},"5":{"start":{"line":40,"column":2},"end":{"line":41,"column":null}},"6":{"start":{"line":51,"column":2},"end":{"line":55,"column":null}},"7":{"start":{"line":52,"column":4},"end":{"line":54,"column":null}},"8":{"start":{"line":53,"column":6},"end":{"line":53,"column":null}},"9":{"start":{"line":65,"column":2},"end":{"line":67,"column":null}},"10":{"start":{"line":66,"column":4},"end":{"line":66,"column":null}},"11":{"start":{"line":77,"column":2},"end":{"line":77,"column":null}},"12":{"start":{"line":77,"column":41},"end":{"line":77,"column":null}},"13":{"start":{"line":79,"column":2},"end":{"line":81,"column":null}},"14":{"start":{"line":80,"column":4},"end":{"line":80,"column":null}},"15":{"start":{"line":84,"column":2},"end":{"line":92,"column":null}},"16":{"start":{"line":85,"column":4},"end":{"line":85,"column":null}},"17":{"start":{"line":85,"column":28},"end":{"line":85,"column":null}},"18":{"start":{"line":86,"column":18},"end":{"line":86,"column":27}},"19":{"start":{"line":87,"column":4},"end":{"line":91,"column":null}},"20":{"start":{"line":88,"column":6},"end":{"line":88,"column":null}},"21":{"start":{"line":90,"column":6},"end":{"line":90,"column":null}},"22":{"start":{"line":101,"column":20},"end":{"line":101,"column":22}},"23":{"start":{"line":104,"column":24},"end":{"line":109,"column":3}},"24":{"start":{"line":111,"column":2},"end":{"line":113,"column":null}},"25":{"start":{"line":112,"column":4},"end":{"line":112,"column":null}},"26":{"start":{"line":115,"column":2},"end":{"line":115,"column":null}},"27":{"start":{"line":124,"column":2},"end":{"line":126,"column":null}},"28":{"start":{"line":125,"column":4},"end":{"line":125,"column":null}},"29":{"start":{"line":127,"column":2},"end":{"line":130,"column":null}},"30":{"start":{"line":129,"column":4},"end":{"line":129,"column":null}},"31":{"start":{"line":131,"column":2},"end":{"line":131,"column":null}},"32":{"start":{"line":142,"column":2},"end":{"line":146,"column":null}},"33":{"start":{"line":143,"column":4},"end":{"line":145,"column":null}},"34":{"start":{"line":144,"column":6},"end":{"line":144,"column":null}},"35":{"start":{"line":156,"column":2},"end":{"line":158,"column":null}},"36":{"start":{"line":157,"column":4},"end":{"line":157,"column":null}},"37":{"start":{"line":167,"column":20},"end":{"line":167,"column":29}},"38":{"start":{"line":170,"column":4},"end":{"line":170,"column":null}},"39":{"start":{"line":170,"column":43},"end":{"line":170,"column":null}},"40":{"start":{"line":172,"column":4},"end":{"line":174,"column":null}},"41":{"start":{"line":173,"column":6},"end":{"line":173,"column":null}},"42":{"start":{"line":177,"column":4},"end":{"line":185,"column":null}},"43":{"start":{"line":178,"column":6},"end":{"line":178,"column":null}},"44":{"start":{"line":178,"column":30},"end":{"line":178,"column":null}},"45":{"start":{"line":179,"column":20},"end":{"line":179,"column":29}},"46":{"start":{"line":180,"column":6},"end":{"line":184,"column":null}},"47":{"start":{"line":181,"column":8},"end":{"line":181,"column":null}},"48":{"start":{"line":183,"column":8},"end":{"line":183,"column":null}},"49":{"start":{"line":188,"column":2},"end":{"line":188,"column":null}},"50":{"start":{"line":189,"column":2},"end":{"line":189,"column":null}},"51":{"start":{"line":198,"column":2},"end":{"line":200,"column":null}},"52":{"start":{"line":210,"column":2},"end":{"line":212,"column":null}},"53":{"start":{"line":211,"column":4},"end":{"line":211,"column":null}},"54":{"start":{"line":215,"column":2},"end":{"line":217,"column":null}},"55":{"start":{"line":216,"column":4},"end":{"line":216,"column":null}},"56":{"start":{"line":220,"column":2},"end":{"line":224,"column":null}},"57":{"start":{"line":221,"column":4},"end":{"line":223,"column":null}},"58":{"start":{"line":222,"column":6},"end":{"line":222,"column":null}},"59":{"start":{"line":226,"column":2},"end":{"line":226,"column":null}},"60":{"start":{"line":235,"column":2},"end":{"line":238,"column":null}},"61":{"start":{"line":248,"column":16},"end":{"line":248,"column":20}},"62":{"start":{"line":249,"column":14},"end":{"line":249,"column":15}},"63":{"start":{"line":250,"column":19},"end":{"line":250,"column":21}},"64":{"start":{"line":252,"column":2},"end":{"line":269,"column":null}},"65":{"start":{"line":253,"column":19},"end":{"line":253,"column":41}},"66":{"start":{"line":254,"column":4},"end":{"line":254,"column":null}},"67":{"start":{"line":254,"column":17},"end":{"line":254,"column":null}},"68":{"start":{"line":256,"column":4},"end":{"line":260,"column":null}},"69":{"start":{"line":257,"column":6},"end":{"line":259,"column":null}},"70":{"start":{"line":258,"column":8},"end":{"line":258,"column":null}},"71":{"start":{"line":262,"column":4},"end":{"line":266,"column":null}},"72":{"start":{"line":263,"column":6},"end":{"line":263,"column":null}},"73":{"start":{"line":264,"column":6},"end":{"line":264,"column":null}},"74":{"start":{"line":265,"column":6},"end":{"line":265,"column":null}},"75":{"start":{"line":268,"column":4},"end":{"line":268,"column":null}},"76":{"start":{"line":271,"column":2},"end":{"line":271,"column":null}},"77":{"start":{"line":281,"column":2},"end":{"line":281,"column":null}},"78":{"start":{"line":281,"column":24},"end":{"line":281,"column":null}},"79":{"start":{"line":283,"column":19},"end":{"line":283,"column":39}},"80":{"start":{"line":284,"column":2},"end":{"line":286,"column":null}},"81":{"start":{"line":285,"column":4},"end":{"line":285,"column":null}},"82":{"start":{"line":288,"column":25},"end":{"line":288,"column":81}},"83":{"start":{"line":289,"column":2},"end":{"line":289,"column":null}},"84":{"start":{"line":300,"column":18},"end":{"line":300,"column":46}},"85":{"start":{"line":301,"column":14},"end":{"line":301,"column":15}},"86":{"start":{"line":302,"column":19},"end":{"line":302,"column":21}},"87":{"start":{"line":304,"column":2},"end":{"line":322,"column":null}},"88":{"start":{"line":305,"column":4},"end":{"line":319,"column":null}},"89":{"start":{"line":306,"column":23},"end":{"line":306,"column":47}},"90":{"start":{"line":307,"column":22},"end":{"line":307,"column":23}},"91":{"start":{"line":309,"column":6},"end":{"line":318,"column":null}},"92":{"start":{"line":310,"column":8},"end":{"line":315,"column":null}},"93":{"start":{"line":311,"column":10},"end":{"line":313,"column":null}},"94":{"start":{"line":312,"column":12},"end":{"line":312,"column":null}},"95":{"start":{"line":314,"column":10},"end":{"line":314,"column":null}},"96":{"start":{"line":316,"column":8},"end":{"line":316,"column":null}},"97":{"start":{"line":317,"column":8},"end":{"line":317,"column":null}},"98":{"start":{"line":320,"column":4},"end":{"line":320,"column":null}},"99":{"start":{"line":321,"column":4},"end":{"line":321,"column":null}},"100":{"start":{"line":324,"column":2},"end":{"line":324,"column":null}},"101":{"start":{"line":334,"column":16},"end":{"line":334,"column":20}},"102":{"start":{"line":335,"column":14},"end":{"line":335,"column":15}},"103":{"start":{"line":336,"column":19},"end":{"line":336,"column":21}},"104":{"start":{"line":338,"column":2},"end":{"line":357,"column":null}},"105":{"start":{"line":339,"column":19},"end":{"line":339,"column":41}},"106":{"start":{"line":340,"column":4},"end":{"line":340,"column":null}},"107":{"start":{"line":340,"column":17},"end":{"line":340,"column":null}},"108":{"start":{"line":342,"column":4},"end":{"line":348,"column":null}},"109":{"start":{"line":343,"column":6},"end":{"line":347,"column":null}},"110":{"start":{"line":344,"column":8},"end":{"line":346,"column":null}},"111":{"start":{"line":345,"column":10},"end":{"line":345,"column":null}},"112":{"start":{"line":350,"column":4},"end":{"line":354,"column":null}},"113":{"start":{"line":351,"column":6},"end":{"line":351,"column":null}},"114":{"start":{"line":352,"column":6},"end":{"line":352,"column":null}},"115":{"start":{"line":353,"column":6},"end":{"line":353,"column":null}},"116":{"start":{"line":356,"column":4},"end":{"line":356,"column":null}},"117":{"start":{"line":359,"column":2},"end":{"line":359,"column":null}},"118":{"start":{"line":372,"column":2},"end":{"line":374,"column":null}},"119":{"start":{"line":373,"column":4},"end":{"line":373,"column":null}},"120":{"start":{"line":377,"column":2},"end":{"line":377,"column":null}},"121":{"start":{"line":387,"column":2},"end":{"line":393,"column":null}},"122":{"start":{"line":388,"column":4},"end":{"line":388,"column":null}},"123":{"start":{"line":388,"column":23},"end":{"line":388,"column":null}},"124":{"start":{"line":389,"column":4},"end":{"line":391,"column":null}},"125":{"start":{"line":390,"column":6},"end":{"line":390,"column":null}},"126":{"start":{"line":392,"column":4},"end":{"line":392,"column":null}},"127":{"start":{"line":403,"column":2},"end":{"line":412,"column":null}},"128":{"start":{"line":404,"column":4},"end":{"line":404,"column":null}},"129":{"start":{"line":404,"column":31},"end":{"line":404,"column":null}},"130":{"start":{"line":405,"column":4},"end":{"line":407,"column":null}},"131":{"start":{"line":406,"column":6},"end":{"line":406,"column":null}},"132":{"start":{"line":408,"column":4},"end":{"line":410,"column":null}},"133":{"start":{"line":409,"column":6},"end":{"line":409,"column":null}},"134":{"start":{"line":411,"column":4},"end":{"line":411,"column":null}},"135":{"start":{"line":422,"column":2},"end":{"line":422,"column":null}},"136":{"start":{"line":422,"column":29},"end":{"line":422,"column":null}},"137":{"start":{"line":423,"column":2},"end":{"line":423,"column":null}},"138":{"start":{"line":423,"column":39},"end":{"line":423,"column":null}},"139":{"start":{"line":424,"column":2},"end":{"line":426,"column":null}},"140":{"start":{"line":425,"column":4},"end":{"line":425,"column":null}},"141":{"start":{"line":427,"column":2},"end":{"line":427,"column":null}},"142":{"start":{"line":437,"column":2},"end":{"line":437,"column":null}},"143":{"start":{"line":437,"column":47},"end":{"line":437,"column":null}},"144":{"start":{"line":438,"column":2},"end":{"line":438,"column":null}},"145":{"start":{"line":438,"column":26},"end":{"line":438,"column":null}},"146":{"start":{"line":441,"column":2},"end":{"line":443,"column":null}},"147":{"start":{"line":442,"column":4},"end":{"line":442,"column":null}},"148":{"start":{"line":446,"column":2},"end":{"line":448,"column":null}},"149":{"start":{"line":447,"column":4},"end":{"line":447,"column":null}},"150":{"start":{"line":451,"column":2},"end":{"line":453,"column":null}},"151":{"start":{"line":452,"column":4},"end":{"line":452,"column":null}},"152":{"start":{"line":455,"column":2},"end":{"line":455,"column":null}},"153":{"start":{"line":464,"column":2},"end":{"line":464,"column":null}},"154":{"start":{"line":464,"column":34},"end":{"line":464,"column":null}},"155":{"start":{"line":465,"column":2},"end":{"line":467,"column":null}},"156":{"start":{"line":466,"column":4},"end":{"line":466,"column":null}},"157":{"start":{"line":468,"column":2},"end":{"line":470,"column":null}},"158":{"start":{"line":469,"column":4},"end":{"line":469,"column":null}},"159":{"start":{"line":471,"column":2},"end":{"line":471,"column":null}},"160":{"start":{"line":471,"column":33},"end":{"line":471,"column":null}},"161":{"start":{"line":472,"column":2},"end":{"line":472,"column":null}},"162":{"start":{"line":472,"column":34},"end":{"line":472,"column":null}},"163":{"start":{"line":473,"column":2},"end":{"line":473,"column":null}},"164":{"start":{"line":482,"column":2},"end":{"line":482,"column":null}},"165":{"start":{"line":482,"column":30},"end":{"line":482,"column":null}},"166":{"start":{"line":483,"column":2},"end":{"line":483,"column":null}},"167":{"start":{"line":483,"column":30},"end":{"line":483,"column":null}},"168":{"start":{"line":484,"column":2},"end":{"line":484,"column":null}},"169":{"start":{"line":484,"column":30},"end":{"line":484,"column":null}},"170":{"start":{"line":485,"column":2},"end":{"line":485,"column":null}},"171":{"start":{"line":495,"column":2},"end":{"line":497,"column":null}},"172":{"start":{"line":496,"column":4},"end":{"line":496,"column":null}},"173":{"start":{"line":498,"column":2},"end":{"line":500,"column":null}},"174":{"start":{"line":499,"column":4},"end":{"line":499,"column":null}},"175":{"start":{"line":501,"column":2},"end":{"line":503,"column":null}},"176":{"start":{"line":502,"column":4},"end":{"line":502,"column":null}},"177":{"start":{"line":504,"column":2},"end":{"line":506,"column":null}},"178":{"start":{"line":505,"column":4},"end":{"line":505,"column":null}},"179":{"start":{"line":507,"column":2},"end":{"line":507,"column":null}},"180":{"start":{"line":518,"column":2},"end":{"line":518,"column":null}},"181":{"start":{"line":518,"column":27},"end":{"line":518,"column":null}},"182":{"start":{"line":520,"column":19},"end":{"line":520,"column":28}},"183":{"start":{"line":523,"column":26},"end":{"line":523,"column":62}},"184":{"start":{"line":524,"column":2},"end":{"line":524,"column":null}},"185":{"start":{"line":524,"column":23},"end":{"line":524,"column":null}},"186":{"start":{"line":527,"column":25},"end":{"line":527,"column":66}},"187":{"start":{"line":528,"column":2},"end":{"line":528,"column":null}},"188":{"start":{"line":528,"column":22},"end":{"line":528,"column":null}},"189":{"start":{"line":531,"column":2},"end":{"line":535,"column":null}},"190":{"start":{"line":532,"column":4},"end":{"line":534,"column":null}},"191":{"start":{"line":533,"column":6},"end":{"line":533,"column":null}},"192":{"start":{"line":537,"column":2},"end":{"line":537,"column":null}},"193":{"start":{"line":548,"column":2},"end":{"line":548,"column":null}},"194":{"start":{"line":548,"column":50},"end":{"line":548,"column":null}},"195":{"start":{"line":549,"column":2},"end":{"line":549,"column":null}},"196":{"start":{"line":549,"column":22},"end":{"line":549,"column":null}},"197":{"start":{"line":552,"column":19},"end":{"line":552,"column":75}},"198":{"start":{"line":553,"column":21},"end":{"line":553,"column":43}},"199":{"start":{"line":554,"column":2},"end":{"line":554,"column":null}},"200":{"start":{"line":554,"column":25},"end":{"line":554,"column":null}},"201":{"start":{"line":557,"column":27},"end":{"line":557,"column":93}},"202":{"start":{"line":558,"column":2},"end":{"line":558,"column":null}},"203":{"start":{"line":568,"column":18},"end":{"line":568,"column":38}},"204":{"start":{"line":569,"column":2},"end":{"line":574,"column":null}},"205":{"start":{"line":570,"column":22},"end":{"line":570,"column":64}},"206":{"start":{"line":571,"column":4},"end":{"line":573,"column":null}},"207":{"start":{"line":572,"column":6},"end":{"line":572,"column":null}},"208":{"start":{"line":575,"column":2},"end":{"line":575,"column":null}},"209":{"start":{"line":585,"column":2},"end":{"line":587,"column":null}},"210":{"start":{"line":598,"column":2},"end":{"line":604,"column":null}},"211":{"start":{"line":599,"column":28},"end":{"line":599,"column":79}},"212":{"start":{"line":600,"column":4},"end":{"line":603,"column":null}},"213":{"start":{"line":601,"column":6},"end":{"line":601,"column":null}},"214":{"start":{"line":602,"column":6},"end":{"line":602,"column":null}},"215":{"start":{"line":605,"column":2},"end":{"line":608,"column":null}},"216":{"start":{"line":606,"column":4},"end":{"line":606,"column":null}},"217":{"start":{"line":607,"column":4},"end":{"line":607,"column":null}},"218":{"start":{"line":609,"column":2},"end":{"line":609,"column":null}},"219":{"start":{"line":620,"column":2},"end":{"line":620,"column":null}},"220":{"start":{"line":620,"column":22},"end":{"line":620,"column":null}},"221":{"start":{"line":621,"column":16},"end":{"line":621,"column":38}},"222":{"start":{"line":622,"column":26},"end":{"line":622,"column":79}},"223":{"start":{"line":623,"column":24},"end":{"line":623,"column":75}},"224":{"start":{"line":624,"column":2},"end":{"line":624,"column":null}},"225":{"start":{"line":636,"column":2},"end":{"line":643,"column":null}},"226":{"start":{"line":637,"column":4},"end":{"line":642,"column":null}},"227":{"start":{"line":638,"column":6},"end":{"line":641,"column":null}},"228":{"start":{"line":639,"column":8},"end":{"line":639,"column":null}},"229":{"start":{"line":640,"column":8},"end":{"line":640,"column":null}},"230":{"start":{"line":644,"column":2},"end":{"line":644,"column":null}},"231":{"start":{"line":655,"column":25},"end":{"line":655,"column":34}},"232":{"start":{"line":658,"column":28},"end":{"line":658,"column":37}},"233":{"start":{"line":659,"column":2},"end":{"line":664,"column":null}},"234":{"start":{"line":660,"column":4},"end":{"line":662,"column":null}},"235":{"start":{"line":661,"column":6},"end":{"line":661,"column":null}},"236":{"start":{"line":663,"column":4},"end":{"line":663,"column":null}},"237":{"start":{"line":667,"column":2},"end":{"line":676,"column":null}},"238":{"start":{"line":668,"column":22},"end":{"line":668,"column":69}},"239":{"start":{"line":669,"column":32},"end":{"line":669,"column":64}},"240":{"start":{"line":671,"column":4},"end":{"line":675,"column":null}},"241":{"start":{"line":672,"column":6},"end":{"line":672,"column":null}},"242":{"start":{"line":674,"column":6},"end":{"line":674,"column":null}},"243":{"start":{"line":678,"column":2},"end":{"line":678,"column":null}},"244":{"start":{"line":688,"column":2},"end":{"line":688,"column":null}},"245":{"start":{"line":688,"column":19},"end":{"line":688,"column":null}},"246":{"start":{"line":690,"column":18},"end":{"line":690,"column":22}},"247":{"start":{"line":691,"column":22},"end":{"line":691,"column":30}},"248":{"start":{"line":694,"column":2},"end":{"line":704,"column":null}},"249":{"start":{"line":695,"column":4},"end":{"line":703,"column":null}},"250":{"start":{"line":698,"column":19},"end":{"line":698,"column":54}},"251":{"start":{"line":699,"column":6},"end":{"line":702,"column":null}},"252":{"start":{"line":700,"column":8},"end":{"line":700,"column":null}},"253":{"start":{"line":701,"column":8},"end":{"line":701,"column":null}},"254":{"start":{"line":706,"column":2},"end":{"line":706,"column":null}},"255":{"start":{"line":717,"column":2},"end":{"line":717,"column":null}},"256":{"start":{"line":717,"column":19},"end":{"line":717,"column":null}},"257":{"start":{"line":720,"column":27},"end":{"line":720,"column":71}},"258":{"start":{"line":721,"column":2},"end":{"line":721,"column":null}},"259":{"start":{"line":721,"column":25},"end":{"line":721,"column":null}},"260":{"start":{"line":724,"column":2},"end":{"line":724,"column":null}},"261":{"start":{"line":737,"column":2},"end":{"line":804,"column":null}},"262":{"start":{"line":739,"column":16},"end":{"line":739,"column":46}},"263":{"start":{"line":740,"column":4},"end":{"line":742,"column":null}},"264":{"start":{"line":741,"column":6},"end":{"line":741,"column":null}},"265":{"start":{"line":745,"column":25},"end":{"line":745,"column":46}},"266":{"start":{"line":748,"column":27},"end":{"line":748,"column":83}},"267":{"start":{"line":750,"column":4},"end":{"line":753,"column":null}},"268":{"start":{"line":752,"column":6},"end":{"line":752,"column":null}},"269":{"start":{"line":756,"column":22},"end":{"line":756,"column":41}},"270":{"start":{"line":760,"column":35},"end":{"line":775,"column":5}},"271":{"start":{"line":777,"column":21},"end":{"line":777,"column":23}},"272":{"start":{"line":778,"column":4},"end":{"line":780,"column":null}},"273":{"start":{"line":779,"column":6},"end":{"line":779,"column":null}},"274":{"start":{"line":783,"column":27},"end":{"line":783,"column":29}},"275":{"start":{"line":784,"column":4},"end":{"line":798,"column":null}},"276":{"start":{"line":785,"column":27},"end":{"line":785,"column":69}},"277":{"start":{"line":786,"column":6},"end":{"line":797,"column":null}},"278":{"start":{"line":787,"column":29},"end":{"line":787,"column":93}},"279":{"start":{"line":788,"column":8},"end":{"line":796,"column":null}},"280":{"start":{"line":789,"column":23},"end":{"line":789,"column":40}},"281":{"start":{"line":790,"column":10},"end":{"line":795,"column":null}},"282":{"start":{"line":800,"column":4},"end":{"line":800,"column":null}},"283":{"start":{"line":802,"column":4},"end":{"line":802,"column":null}},"284":{"start":{"line":803,"column":4},"end":{"line":803,"column":null}}},"fnMap":{"0":{"name":"parseAST","decl":{"start":{"line":16,"column":9},"end":{"line":16,"column":17}},"loc":{"start":{"line":16,"column":40},"end":{"line":32,"column":null}},"line":16},"1":{"name":"shouldSkipKey","decl":{"start":{"line":39,"column":9},"end":{"line":39,"column":22}},"loc":{"start":{"line":39,"column":28},"end":{"line":42,"column":null}},"line":39},"2":{"name":"processArrayChildren","decl":{"start":{"line":50,"column":9},"end":{"line":50,"column":29}},"loc":{"start":{"line":50,"column":56},"end":{"line":56,"column":null}},"line":50},"3":{"name":"(anonymous_3)","decl":{"start":{"line":51,"column":16},"end":{"line":51,"column":20}},"loc":{"start":{"line":51,"column":24},"end":{"line":55,"column":3}},"line":51},"4":{"name":"processChildNode","decl":{"start":{"line":64,"column":9},"end":{"line":64,"column":25}},"loc":{"start":{"line":64,"column":52},"end":{"line":68,"column":null}},"line":64},"5":{"name":"collectNodesByType","decl":{"start":{"line":76,"column":9},"end":{"line":76,"column":27}},"loc":{"start":{"line":76,"column":53},"end":{"line":93,"column":null}},"line":76},"6":{"name":"findAllFunctions","decl":{"start":{"line":100,"column":9},"end":{"line":100,"column":25}},"loc":{"start":{"line":100,"column":31},"end":{"line":116,"column":null}},"line":100},"7":{"name":"(anonymous_7)","decl":{"start":{"line":111,"column":24},"end":{"line":111,"column":28}},"loc":{"start":{"line":111,"column":32},"end":{"line":113,"column":3}},"line":111},"8":{"name":"getNodeLine","decl":{"start":{"line":123,"column":9},"end":{"line":123,"column":20}},"loc":{"start":{"line":123,"column":27},"end":{"line":132,"column":null}},"line":123},"9":{"name":"processArrayChildrenForParentMap","decl":{"start":{"line":141,"column":9},"end":{"line":141,"column":41}},"loc":{"start":{"line":141,"column":78},"end":{"line":147,"column":null}},"line":141},"10":{"name":"(anonymous_10)","decl":{"start":{"line":142,"column":16},"end":{"line":142,"column":20}},"loc":{"start":{"line":142,"column":24},"end":{"line":146,"column":3}},"line":142},"11":{"name":"processChildNodeForParentMap","decl":{"start":{"line":155,"column":9},"end":{"line":155,"column":37}},"loc":{"start":{"line":155,"column":63},"end":{"line":159,"column":null}},"line":155},"12":{"name":"buildParentMap","decl":{"start":{"line":166,"column":9},"end":{"line":166,"column":23}},"loc":{"start":{"line":166,"column":29},"end":{"line":190,"column":null}},"line":166},"13":{"name":"traverse","decl":{"start":{"line":169,"column":11},"end":{"line":169,"column":19}},"loc":{"start":{"line":169,"column":41},"end":{"line":186,"column":null}},"line":169},"14":{"name":"isFunctionType","decl":{"start":{"line":197,"column":9},"end":{"line":197,"column":23}},"loc":{"start":{"line":197,"column":30},"end":{"line":201,"column":null}},"line":197},"15":{"name":"isNodeInFunctionParams","decl":{"start":{"line":209,"column":9},"end":{"line":209,"column":31}},"loc":{"start":{"line":209,"column":50},"end":{"line":227,"column":null}},"line":209},"16":{"name":"isPatternContainer","decl":{"start":{"line":234,"column":9},"end":{"line":234,"column":27}},"loc":{"start":{"line":234,"column":36},"end":{"line":239,"column":null}},"line":234},"17":{"name":"checkInFunctionParams","decl":{"start":{"line":247,"column":9},"end":{"line":247,"column":30}},"loc":{"start":{"line":247,"column":48},"end":{"line":272,"column":null}},"line":247},"18":{"name":"isVariableDeclarationInFunctionBody","decl":{"start":{"line":280,"column":9},"end":{"line":280,"column":44}},"loc":{"start":{"line":280,"column":68},"end":{"line":290,"column":null}},"line":280},"19":{"name":"checkInTopLevelDestructuring","decl":{"start":{"line":299,"column":9},"end":{"line":299,"column":37}},"loc":{"start":{"line":299,"column":70},"end":{"line":325,"column":null}},"line":299},"20":{"name":"checkInFunctionBodyDestructuring","decl":{"start":{"line":333,"column":9},"end":{"line":333,"column":41}},"loc":{"start":{"line":333,"column":59},"end":{"line":360,"column":null}},"line":333},"21":{"name":"isInFunctionParameters","decl":{"start":{"line":370,"column":9},"end":{"line":370,"column":31}},"loc":{"start":{"line":370,"column":55},"end":{"line":378,"column":null}},"line":370},"22":{"name":"checkArrayPatternElements","decl":{"start":{"line":386,"column":9},"end":{"line":386,"column":34}},"loc":{"start":{"line":386,"column":53},"end":{"line":394,"column":null}},"line":386},"23":{"name":"(anonymous_23)","decl":{"start":{"line":387,"column":23},"end":{"line":387,"column":25}},"loc":{"start":{"line":387,"column":29},"end":{"line":393,"column":3}},"line":387},"24":{"name":"checkObjectPatternProperties","decl":{"start":{"line":402,"column":9},"end":{"line":402,"column":37}},"loc":{"start":{"line":402,"column":58},"end":{"line":413,"column":null}},"line":402},"25":{"name":"(anonymous_25)","decl":{"start":{"line":403,"column":25},"end":{"line":403,"column":29}},"loc":{"start":{"line":403,"column":33},"end":{"line":412,"column":3}},"line":403},"26":{"name":"checkRestElement","decl":{"start":{"line":421,"column":9},"end":{"line":421,"column":25}},"loc":{"start":{"line":421,"column":47},"end":{"line":428,"column":null}},"line":421},"27":{"name":"checkNestedPattern","decl":{"start":{"line":436,"column":9},"end":{"line":436,"column":27}},"loc":{"start":{"line":436,"column":45},"end":{"line":456,"column":null}},"line":436},"28":{"name":"getControlFlowDecisionType","decl":{"start":{"line":463,"column":9},"end":{"line":463,"column":35}},"loc":{"start":{"line":463,"column":46},"end":{"line":474,"column":null}},"line":463},"29":{"name":"getLogicalExpressionType","decl":{"start":{"line":481,"column":9},"end":{"line":481,"column":33}},"loc":{"start":{"line":481,"column":40},"end":{"line":486,"column":null}},"line":481},"30":{"name":"getExpressionDecisionType","decl":{"start":{"line":494,"column":9},"end":{"line":494,"column":34}},"loc":{"start":{"line":494,"column":51},"end":{"line":508,"column":null}},"line":494},"31":{"name":"getDecisionPointType","decl":{"start":{"line":517,"column":9},"end":{"line":517,"column":29}},"loc":{"start":{"line":517,"column":52},"end":{"line":538,"column":null}},"line":517},"32":{"name":"findArrowFunctionLine","decl":{"start":{"line":547,"column":9},"end":{"line":547,"column":30}},"loc":{"start":{"line":547,"column":52},"end":{"line":559,"column":null}},"line":547},"33":{"name":"getMatchLineForASTFunction","decl":{"start":{"line":567,"column":9},"end":{"line":567,"column":35}},"loc":{"start":{"line":567,"column":57},"end":{"line":576,"column":null}},"line":567},"34":{"name":"doNodeTypesMatch","decl":{"start":{"line":584,"column":9},"end":{"line":584,"column":25}},"loc":{"start":{"line":584,"column":55},"end":{"line":588,"column":null}},"line":584},"35":{"name":"matchByNodeType","decl":{"start":{"line":597,"column":9},"end":{"line":597,"column":24}},"loc":{"start":{"line":597,"column":71},"end":{"line":610,"column":null}},"line":597},"36":{"name":"isESLintLineInASTRange","decl":{"start":{"line":619,"column":9},"end":{"line":619,"column":31}},"loc":{"start":{"line":619,"column":65},"end":{"line":625,"column":null}},"line":619},"37":{"name":"tryMatchByRange","decl":{"start":{"line":635,"column":9},"end":{"line":635,"column":24}},"loc":{"start":{"line":635,"column":79},"end":{"line":645,"column":null}},"line":635},"38":{"name":"matchFunctionsToAST","decl":{"start":{"line":654,"column":9},"end":{"line":654,"column":28}},"loc":{"start":{"line":654,"column":72},"end":{"line":679,"column":null}},"line":654},"39":{"name":"(anonymous_39)","decl":{"start":{"line":659,"column":26},"end":{"line":659,"column":30}},"loc":{"start":{"line":659,"column":34},"end":{"line":664,"column":3}},"line":659},"40":{"name":"(anonymous_40)","decl":{"start":{"line":667,"column":23},"end":{"line":667,"column":30}},"loc":{"start":{"line":667,"column":34},"end":{"line":676,"column":3}},"line":667},"41":{"name":"findInnermostASTFunction","decl":{"start":{"line":687,"column":9},"end":{"line":687,"column":33}},"loc":{"start":{"line":687,"column":54},"end":{"line":707,"column":null}},"line":687},"42":{"name":"findFunctionForDecisionPoint","decl":{"start":{"line":716,"column":9},"end":{"line":716,"column":37}},"loc":{"start":{"line":716,"column":74},"end":{"line":725,"column":null}},"line":716},"43":{"name":"parseDecisionPointsAST","decl":{"start":{"line":736,"column":22},"end":{"line":736,"column":44}},"loc":{"start":{"line":736,"column":112},"end":{"line":805,"column":null}},"line":736},"44":{"name":"(anonymous_44)","decl":{"start":{"line":778,"column":35},"end":{"line":778,"column":39}},"loc":{"start":{"line":778,"column":43},"end":{"line":780,"column":5}},"line":778},"45":{"name":"(anonymous_45)","decl":{"start":{"line":784,"column":21},"end":{"line":784,"column":25}},"loc":{"start":{"line":784,"column":29},"end":{"line":798,"column":5}},"line":784}},"branchMap":{"0":{"loc":{"start":{"line":18,"column":18},"end":{"line":18,"column":72}},"type":"binary-expr","locations":[{"start":{"line":18,"column":18},"end":{"line":18,"column":43}},{"start":{"line":18,"column":47},"end":{"line":18,"column":72}}],"line":18},"1":{"loc":{"start":{"line":40,"column":9},"end":{"line":41,"column":64}},"type":"binary-expr","locations":[{"start":{"line":40,"column":9},"end":{"line":40,"column":25}},{"start":{"line":40,"column":29},"end":{"line":40,"column":44}},{"start":{"line":40,"column":48},"end":{"line":40,"column":61}},{"start":{"line":41,"column":9},"end":{"line":41,"column":34}},{"start":{"line":41,"column":38},"end":{"line":41,"column":64}}],"line":40},"2":{"loc":{"start":{"line":52,"column":4},"end":{"line":54,"column":null}},"type":"if","locations":[{"start":{"line":52,"column":4},"end":{"line":54,"column":null}},{"start":{},"end":{}}],"line":52},"3":{"loc":{"start":{"line":52,"column":8},"end":{"line":52,"column":53}},"type":"binary-expr","locations":[{"start":{"line":52,"column":8},"end":{"line":52,"column":12}},{"start":{"line":52,"column":16},"end":{"line":52,"column":40}},{"start":{"line":52,"column":44},"end":{"line":52,"column":53}}],"line":52},"4":{"loc":{"start":{"line":65,"column":2},"end":{"line":67,"column":null}},"type":"if","locations":[{"start":{"line":65,"column":2},"end":{"line":67,"column":null}},{"start":{},"end":{}}],"line":65},"5":{"loc":{"start":{"line":65,"column":6},"end":{"line":65,"column":54}},"type":"binary-expr","locations":[{"start":{"line":65,"column":6},"end":{"line":65,"column":11}},{"start":{"line":65,"column":15},"end":{"line":65,"column":40}},{"start":{"line":65,"column":44},"end":{"line":65,"column":54}}],"line":65},"6":{"loc":{"start":{"line":77,"column":2},"end":{"line":77,"column":null}},"type":"if","locations":[{"start":{"line":77,"column":2},"end":{"line":77,"column":null}},{"start":{},"end":{}}],"line":77},"7":{"loc":{"start":{"line":77,"column":6},"end":{"line":77,"column":39}},"type":"binary-expr","locations":[{"start":{"line":77,"column":6},"end":{"line":77,"column":11}},{"start":{"line":77,"column":15},"end":{"line":77,"column":39}}],"line":77},"8":{"loc":{"start":{"line":79,"column":2},"end":{"line":81,"column":null}},"type":"if","locations":[{"start":{"line":79,"column":2},"end":{"line":81,"column":null}},{"start":{},"end":{}}],"line":79},"9":{"loc":{"start":{"line":85,"column":4},"end":{"line":85,"column":null}},"type":"if","locations":[{"start":{"line":85,"column":4},"end":{"line":85,"column":null}},{"start":{},"end":{}}],"line":85},"10":{"loc":{"start":{"line":87,"column":4},"end":{"line":91,"column":null}},"type":"if","locations":[{"start":{"line":87,"column":4},"end":{"line":91,"column":null}},{"start":{"line":89,"column":11},"end":{"line":91,"column":null}}],"line":87},"11":{"loc":{"start":{"line":124,"column":2},"end":{"line":126,"column":null}},"type":"if","locations":[{"start":{"line":124,"column":2},"end":{"line":126,"column":null}},{"start":{},"end":{}}],"line":124},"12":{"loc":{"start":{"line":124,"column":6},"end":{"line":124,"column":32}},"type":"binary-expr","locations":[{"start":{"line":124,"column":6},"end":{"line":124,"column":14}},{"start":{"line":124,"column":18},"end":{"line":124,"column":32}}],"line":124},"13":{"loc":{"start":{"line":127,"column":2},"end":{"line":130,"column":null}},"type":"if","locations":[{"start":{"line":127,"column":2},"end":{"line":130,"column":null}},{"start":{},"end":{}}],"line":127},"14":{"loc":{"start":{"line":127,"column":6},"end":{"line":127,"column":47}},"type":"binary-expr","locations":[{"start":{"line":127,"column":6},"end":{"line":127,"column":16}},{"start":{"line":127,"column":20},"end":{"line":127,"column":47}}],"line":127},"15":{"loc":{"start":{"line":143,"column":4},"end":{"line":145,"column":null}},"type":"if","locations":[{"start":{"line":143,"column":4},"end":{"line":145,"column":null}},{"start":{},"end":{}}],"line":143},"16":{"loc":{"start":{"line":143,"column":8},"end":{"line":143,"column":53}},"type":"binary-expr","locations":[{"start":{"line":143,"column":8},"end":{"line":143,"column":12}},{"start":{"line":143,"column":16},"end":{"line":143,"column":40}},{"start":{"line":143,"column":44},"end":{"line":143,"column":53}}],"line":143},"17":{"loc":{"start":{"line":156,"column":2},"end":{"line":158,"column":null}},"type":"if","locations":[{"start":{"line":156,"column":2},"end":{"line":158,"column":null}},{"start":{},"end":{}}],"line":156},"18":{"loc":{"start":{"line":156,"column":6},"end":{"line":156,"column":54}},"type":"binary-expr","locations":[{"start":{"line":156,"column":6},"end":{"line":156,"column":11}},{"start":{"line":156,"column":15},"end":{"line":156,"column":40}},{"start":{"line":156,"column":44},"end":{"line":156,"column":54}}],"line":156},"19":{"loc":{"start":{"line":169,"column":26},"end":{"line":169,"column":39}},"type":"default-arg","locations":[{"start":{"line":169,"column":35},"end":{"line":169,"column":39}}],"line":169},"20":{"loc":{"start":{"line":170,"column":4},"end":{"line":170,"column":null}},"type":"if","locations":[{"start":{"line":170,"column":4},"end":{"line":170,"column":null}},{"start":{},"end":{}}],"line":170},"21":{"loc":{"start":{"line":170,"column":8},"end":{"line":170,"column":41}},"type":"binary-expr","locations":[{"start":{"line":170,"column":8},"end":{"line":170,"column":13}},{"start":{"line":170,"column":17},"end":{"line":170,"column":41}}],"line":170},"22":{"loc":{"start":{"line":172,"column":4},"end":{"line":174,"column":null}},"type":"if","locations":[{"start":{"line":172,"column":4},"end":{"line":174,"column":null}},{"start":{},"end":{}}],"line":172},"23":{"loc":{"start":{"line":178,"column":6},"end":{"line":178,"column":null}},"type":"if","locations":[{"start":{"line":178,"column":6},"end":{"line":178,"column":null}},{"start":{},"end":{}}],"line":178},"24":{"loc":{"start":{"line":180,"column":6},"end":{"line":184,"column":null}},"type":"if","locations":[{"start":{"line":180,"column":6},"end":{"line":184,"column":null}},{"start":{"line":182,"column":13},"end":{"line":184,"column":null}}],"line":180},"25":{"loc":{"start":{"line":198,"column":9},"end":{"line":200,"column":43}},"type":"binary-expr","locations":[{"start":{"line":198,"column":9},"end":{"line":198,"column":39}},{"start":{"line":199,"column":9},"end":{"line":199,"column":38}},{"start":{"line":200,"column":9},"end":{"line":200,"column":43}}],"line":198},"26":{"loc":{"start":{"line":210,"column":2},"end":{"line":212,"column":null}},"type":"if","locations":[{"start":{"line":210,"column":2},"end":{"line":212,"column":null}},{"start":{},"end":{}}],"line":210},"27":{"loc":{"start":{"line":210,"column":6},"end":{"line":210,"column":61}},"type":"binary-expr","locations":[{"start":{"line":210,"column":6},"end":{"line":210,"column":24}},{"start":{"line":210,"column":28},"end":{"line":210,"column":61}}],"line":210},"28":{"loc":{"start":{"line":215,"column":2},"end":{"line":217,"column":null}},"type":"if","locations":[{"start":{"line":215,"column":2},"end":{"line":217,"column":null}},{"start":{},"end":{}}],"line":215},"29":{"loc":{"start":{"line":221,"column":4},"end":{"line":223,"column":null}},"type":"if","locations":[{"start":{"line":221,"column":4},"end":{"line":223,"column":null}},{"start":{},"end":{}}],"line":221},"30":{"loc":{"start":{"line":235,"column":9},"end":{"line":238,"column":38}},"type":"binary-expr","locations":[{"start":{"line":235,"column":9},"end":{"line":235,"column":39}},{"start":{"line":236,"column":9},"end":{"line":236,"column":40}},{"start":{"line":237,"column":9},"end":{"line":237,"column":35}},{"start":{"line":238,"column":9},"end":{"line":238,"column":38}}],"line":235},"31":{"loc":{"start":{"line":252,"column":9},"end":{"line":252,"column":36}},"type":"binary-expr","locations":[{"start":{"line":252,"column":9},"end":{"line":252,"column":16}},{"start":{"line":252,"column":20},"end":{"line":252,"column":36}}],"line":252},"32":{"loc":{"start":{"line":254,"column":4},"end":{"line":254,"column":null}},"type":"if","locations":[{"start":{"line":254,"column":4},"end":{"line":254,"column":null}},{"start":{},"end":{}}],"line":254},"33":{"loc":{"start":{"line":256,"column":4},"end":{"line":260,"column":null}},"type":"if","locations":[{"start":{"line":256,"column":4},"end":{"line":260,"column":null}},{"start":{},"end":{}}],"line":256},"34":{"loc":{"start":{"line":257,"column":6},"end":{"line":259,"column":null}},"type":"if","locations":[{"start":{"line":257,"column":6},"end":{"line":259,"column":null}},{"start":{},"end":{}}],"line":257},"35":{"loc":{"start":{"line":262,"column":4},"end":{"line":266,"column":null}},"type":"if","locations":[{"start":{"line":262,"column":4},"end":{"line":266,"column":null}},{"start":{},"end":{}}],"line":262},"36":{"loc":{"start":{"line":281,"column":2},"end":{"line":281,"column":null}},"type":"if","locations":[{"start":{"line":281,"column":2},"end":{"line":281,"column":null}},{"start":{},"end":{}}],"line":281},"37":{"loc":{"start":{"line":284,"column":2},"end":{"line":286,"column":null}},"type":"if","locations":[{"start":{"line":284,"column":2},"end":{"line":286,"column":null}},{"start":{},"end":{}}],"line":284},"38":{"loc":{"start":{"line":284,"column":6},"end":{"line":284,"column":61}},"type":"binary-expr","locations":[{"start":{"line":284,"column":6},"end":{"line":284,"column":35}},{"start":{"line":284,"column":39},"end":{"line":284,"column":61}}],"line":284},"39":{"loc":{"start":{"line":288,"column":25},"end":{"line":288,"column":81}},"type":"binary-expr","locations":[{"start":{"line":288,"column":25},"end":{"line":288,"column":45}},{"start":{"line":288,"column":49},"end":{"line":288,"column":75}},{"start":{"line":288,"column":79},"end":{"line":288,"column":81}}],"line":288},"40":{"loc":{"start":{"line":304,"column":9},"end":{"line":304,"column":38}},"type":"binary-expr","locations":[{"start":{"line":304,"column":9},"end":{"line":304,"column":18}},{"start":{"line":304,"column":22},"end":{"line":304,"column":38}}],"line":304},"41":{"loc":{"start":{"line":305,"column":4},"end":{"line":319,"column":null}},"type":"if","locations":[{"start":{"line":305,"column":4},"end":{"line":319,"column":null}},{"start":{},"end":{}}],"line":305},"42":{"loc":{"start":{"line":309,"column":13},"end":{"line":309,"column":41}},"type":"binary-expr","locations":[{"start":{"line":309,"column":13},"end":{"line":309,"column":23}},{"start":{"line":309,"column":27},"end":{"line":309,"column":41}}],"line":309},"43":{"loc":{"start":{"line":310,"column":8},"end":{"line":315,"column":null}},"type":"if","locations":[{"start":{"line":310,"column":8},"end":{"line":315,"column":null}},{"start":{},"end":{}}],"line":310},"44":{"loc":{"start":{"line":311,"column":10},"end":{"line":313,"column":null}},"type":"if","locations":[{"start":{"line":311,"column":10},"end":{"line":313,"column":null}},{"start":{},"end":{}}],"line":311},"45":{"loc":{"start":{"line":338,"column":9},"end":{"line":338,"column":36}},"type":"binary-expr","locations":[{"start":{"line":338,"column":9},"end":{"line":338,"column":16}},{"start":{"line":338,"column":20},"end":{"line":338,"column":36}}],"line":338},"46":{"loc":{"start":{"line":340,"column":4},"end":{"line":340,"column":null}},"type":"if","locations":[{"start":{"line":340,"column":4},"end":{"line":340,"column":null}},{"start":{},"end":{}}],"line":340},"47":{"loc":{"start":{"line":342,"column":4},"end":{"line":348,"column":null}},"type":"if","locations":[{"start":{"line":342,"column":4},"end":{"line":348,"column":null}},{"start":{},"end":{}}],"line":342},"48":{"loc":{"start":{"line":342,"column":8},"end":{"line":342,"column":57}},"type":"binary-expr","locations":[{"start":{"line":342,"column":8},"end":{"line":342,"column":44}},{"start":{"line":342,"column":48},"end":{"line":342,"column":57}}],"line":342},"49":{"loc":{"start":{"line":343,"column":6},"end":{"line":347,"column":null}},"type":"if","locations":[{"start":{"line":343,"column":6},"end":{"line":347,"column":null}},{"start":{},"end":{}}],"line":343},"50":{"loc":{"start":{"line":344,"column":8},"end":{"line":346,"column":null}},"type":"if","locations":[{"start":{"line":344,"column":8},"end":{"line":346,"column":null}},{"start":{},"end":{}}],"line":344},"51":{"loc":{"start":{"line":350,"column":4},"end":{"line":354,"column":null}},"type":"if","locations":[{"start":{"line":350,"column":4},"end":{"line":354,"column":null}},{"start":{},"end":{}}],"line":350},"52":{"loc":{"start":{"line":372,"column":2},"end":{"line":374,"column":null}},"type":"if","locations":[{"start":{"line":372,"column":2},"end":{"line":374,"column":null}},{"start":{},"end":{}}],"line":372},"53":{"loc":{"start":{"line":388,"column":4},"end":{"line":388,"column":null}},"type":"if","locations":[{"start":{"line":388,"column":4},"end":{"line":388,"column":null}},{"start":{},"end":{}}],"line":388},"54":{"loc":{"start":{"line":389,"column":4},"end":{"line":391,"column":null}},"type":"if","locations":[{"start":{"line":389,"column":4},"end":{"line":391,"column":null}},{"start":{},"end":{}}],"line":389},"55":{"loc":{"start":{"line":389,"column":8},"end":{"line":389,"column":47}},"type":"binary-expr","locations":[{"start":{"line":389,"column":8},"end":{"line":389,"column":10}},{"start":{"line":389,"column":14},"end":{"line":389,"column":36}},{"start":{"line":389,"column":40},"end":{"line":389,"column":47}}],"line":389},"56":{"loc":{"start":{"line":404,"column":4},"end":{"line":404,"column":null}},"type":"if","locations":[{"start":{"line":404,"column":4},"end":{"line":404,"column":null}},{"start":{},"end":{}}],"line":404},"57":{"loc":{"start":{"line":405,"column":4},"end":{"line":407,"column":null}},"type":"if","locations":[{"start":{"line":405,"column":4},"end":{"line":407,"column":null}},{"start":{},"end":{}}],"line":405},"58":{"loc":{"start":{"line":405,"column":8},"end":{"line":405,"column":71}},"type":"binary-expr","locations":[{"start":{"line":405,"column":8},"end":{"line":405,"column":18}},{"start":{"line":405,"column":22},"end":{"line":405,"column":52}},{"start":{"line":405,"column":56},"end":{"line":405,"column":71}}],"line":405},"59":{"loc":{"start":{"line":408,"column":4},"end":{"line":410,"column":null}},"type":"if","locations":[{"start":{"line":408,"column":4},"end":{"line":410,"column":null}},{"start":{},"end":{}}],"line":408},"60":{"loc":{"start":{"line":408,"column":8},"end":{"line":408,"column":65}},"type":"binary-expr","locations":[{"start":{"line":408,"column":8},"end":{"line":408,"column":16}},{"start":{"line":408,"column":20},"end":{"line":408,"column":48}},{"start":{"line":408,"column":52},"end":{"line":408,"column":65}}],"line":408},"61":{"loc":{"start":{"line":422,"column":2},"end":{"line":422,"column":null}},"type":"if","locations":[{"start":{"line":422,"column":2},"end":{"line":422,"column":null}},{"start":{},"end":{}}],"line":422},"62":{"loc":{"start":{"line":423,"column":2},"end":{"line":423,"column":null}},"type":"if","locations":[{"start":{"line":423,"column":2},"end":{"line":423,"column":null}},{"start":{},"end":{}}],"line":423},"63":{"loc":{"start":{"line":424,"column":2},"end":{"line":426,"column":null}},"type":"if","locations":[{"start":{"line":424,"column":2},"end":{"line":426,"column":null}},{"start":{},"end":{}}],"line":424},"64":{"loc":{"start":{"line":424,"column":6},"end":{"line":424,"column":99}},"type":"binary-expr","locations":[{"start":{"line":424,"column":6},"end":{"line":424,"column":26}},{"start":{"line":424,"column":30},"end":{"line":424,"column":70}},{"start":{"line":424,"column":74},"end":{"line":424,"column":99}}],"line":424},"65":{"loc":{"start":{"line":437,"column":2},"end":{"line":437,"column":null}},"type":"if","locations":[{"start":{"line":437,"column":2},"end":{"line":437,"column":null}},{"start":{},"end":{}}],"line":437},"66":{"loc":{"start":{"line":437,"column":6},"end":{"line":437,"column":45}},"type":"binary-expr","locations":[{"start":{"line":437,"column":6},"end":{"line":437,"column":14}},{"start":{"line":437,"column":18},"end":{"line":437,"column":45}}],"line":437},"67":{"loc":{"start":{"line":438,"column":2},"end":{"line":438,"column":null}},"type":"if","locations":[{"start":{"line":438,"column":2},"end":{"line":438,"column":null}},{"start":{},"end":{}}],"line":438},"68":{"loc":{"start":{"line":441,"column":2},"end":{"line":443,"column":null}},"type":"if","locations":[{"start":{"line":441,"column":2},"end":{"line":443,"column":null}},{"start":{},"end":{}}],"line":441},"69":{"loc":{"start":{"line":441,"column":6},"end":{"line":441,"column":57}},"type":"binary-expr","locations":[{"start":{"line":441,"column":6},"end":{"line":441,"column":22}},{"start":{"line":441,"column":26},"end":{"line":441,"column":57}}],"line":441},"70":{"loc":{"start":{"line":446,"column":2},"end":{"line":448,"column":null}},"type":"if","locations":[{"start":{"line":446,"column":2},"end":{"line":448,"column":null}},{"start":{},"end":{}}],"line":446},"71":{"loc":{"start":{"line":446,"column":6},"end":{"line":446,"column":61}},"type":"binary-expr","locations":[{"start":{"line":446,"column":6},"end":{"line":446,"column":24}},{"start":{"line":446,"column":28},"end":{"line":446,"column":61}}],"line":446},"72":{"loc":{"start":{"line":451,"column":2},"end":{"line":453,"column":null}},"type":"if","locations":[{"start":{"line":451,"column":2},"end":{"line":453,"column":null}},{"start":{},"end":{}}],"line":451},"73":{"loc":{"start":{"line":464,"column":2},"end":{"line":464,"column":null}},"type":"if","locations":[{"start":{"line":464,"column":2},"end":{"line":464,"column":null}},{"start":{},"end":{}}],"line":464},"74":{"loc":{"start":{"line":465,"column":2},"end":{"line":467,"column":null}},"type":"if","locations":[{"start":{"line":465,"column":2},"end":{"line":467,"column":null}},{"start":{},"end":{}}],"line":465},"75":{"loc":{"start":{"line":465,"column":6},"end":{"line":465,"column":99}},"type":"binary-expr","locations":[{"start":{"line":465,"column":6},"end":{"line":465,"column":33}},{"start":{"line":465,"column":37},"end":{"line":465,"column":66}},{"start":{"line":465,"column":70},"end":{"line":465,"column":99}}],"line":465},"76":{"loc":{"start":{"line":468,"column":2},"end":{"line":470,"column":null}},"type":"if","locations":[{"start":{"line":468,"column":2},"end":{"line":470,"column":null}},{"start":{},"end":{}}],"line":468},"77":{"loc":{"start":{"line":468,"column":6},"end":{"line":468,"column":70}},"type":"binary-expr","locations":[{"start":{"line":468,"column":6},"end":{"line":468,"column":35}},{"start":{"line":468,"column":39},"end":{"line":468,"column":70}}],"line":468},"78":{"loc":{"start":{"line":471,"column":2},"end":{"line":471,"column":null}},"type":"if","locations":[{"start":{"line":471,"column":2},"end":{"line":471,"column":null}},{"start":{},"end":{}}],"line":471},"79":{"loc":{"start":{"line":472,"column":2},"end":{"line":472,"column":null}},"type":"if","locations":[{"start":{"line":472,"column":2},"end":{"line":472,"column":null}},{"start":{},"end":{}}],"line":472},"80":{"loc":{"start":{"line":482,"column":2},"end":{"line":482,"column":null}},"type":"if","locations":[{"start":{"line":482,"column":2},"end":{"line":482,"column":null}},{"start":{},"end":{}}],"line":482},"81":{"loc":{"start":{"line":483,"column":2},"end":{"line":483,"column":null}},"type":"if","locations":[{"start":{"line":483,"column":2},"end":{"line":483,"column":null}},{"start":{},"end":{}}],"line":483},"82":{"loc":{"start":{"line":484,"column":2},"end":{"line":484,"column":null}},"type":"if","locations":[{"start":{"line":484,"column":2},"end":{"line":484,"column":null}},{"start":{},"end":{}}],"line":484},"83":{"loc":{"start":{"line":495,"column":2},"end":{"line":497,"column":null}},"type":"if","locations":[{"start":{"line":495,"column":2},"end":{"line":497,"column":null}},{"start":{},"end":{}}],"line":495},"84":{"loc":{"start":{"line":498,"column":2},"end":{"line":500,"column":null}},"type":"if","locations":[{"start":{"line":498,"column":2},"end":{"line":500,"column":null}},{"start":{},"end":{}}],"line":498},"85":{"loc":{"start":{"line":501,"column":2},"end":{"line":503,"column":null}},"type":"if","locations":[{"start":{"line":501,"column":2},"end":{"line":503,"column":null}},{"start":{},"end":{}}],"line":501},"86":{"loc":{"start":{"line":501,"column":6},"end":{"line":501,"column":54}},"type":"binary-expr","locations":[{"start":{"line":501,"column":6},"end":{"line":501,"column":37}},{"start":{"line":501,"column":41},"end":{"line":501,"column":54}}],"line":501},"87":{"loc":{"start":{"line":504,"column":2},"end":{"line":506,"column":null}},"type":"if","locations":[{"start":{"line":504,"column":2},"end":{"line":506,"column":null}},{"start":{},"end":{}}],"line":504},"88":{"loc":{"start":{"line":504,"column":6},"end":{"line":504,"column":63}},"type":"binary-expr","locations":[{"start":{"line":504,"column":6},"end":{"line":504,"column":37}},{"start":{"line":504,"column":41},"end":{"line":504,"column":63}}],"line":504},"89":{"loc":{"start":{"line":518,"column":2},"end":{"line":518,"column":null}},"type":"if","locations":[{"start":{"line":518,"column":2},"end":{"line":518,"column":null}},{"start":{},"end":{}}],"line":518},"90":{"loc":{"start":{"line":518,"column":6},"end":{"line":518,"column":25}},"type":"binary-expr","locations":[{"start":{"line":518,"column":6},"end":{"line":518,"column":11}},{"start":{"line":518,"column":15},"end":{"line":518,"column":25}}],"line":518},"91":{"loc":{"start":{"line":524,"column":2},"end":{"line":524,"column":null}},"type":"if","locations":[{"start":{"line":524,"column":2},"end":{"line":524,"column":null}},{"start":{},"end":{}}],"line":524},"92":{"loc":{"start":{"line":528,"column":2},"end":{"line":528,"column":null}},"type":"if","locations":[{"start":{"line":528,"column":2},"end":{"line":528,"column":null}},{"start":{},"end":{}}],"line":528},"93":{"loc":{"start":{"line":531,"column":2},"end":{"line":535,"column":null}},"type":"if","locations":[{"start":{"line":531,"column":2},"end":{"line":535,"column":null}},{"start":{},"end":{}}],"line":531},"94":{"loc":{"start":{"line":531,"column":6},"end":{"line":531,"column":51}},"type":"binary-expr","locations":[{"start":{"line":531,"column":6},"end":{"line":531,"column":38}},{"start":{"line":531,"column":42},"end":{"line":531,"column":51}}],"line":531},"95":{"loc":{"start":{"line":532,"column":4},"end":{"line":534,"column":null}},"type":"if","locations":[{"start":{"line":532,"column":4},"end":{"line":534,"column":null}},{"start":{},"end":{}}],"line":532},"96":{"loc":{"start":{"line":548,"column":2},"end":{"line":548,"column":null}},"type":"if","locations":[{"start":{"line":548,"column":2},"end":{"line":548,"column":null}},{"start":{},"end":{}}],"line":548},"97":{"loc":{"start":{"line":549,"column":2},"end":{"line":549,"column":null}},"type":"if","locations":[{"start":{"line":549,"column":2},"end":{"line":549,"column":null}},{"start":{},"end":{}}],"line":549},"98":{"loc":{"start":{"line":554,"column":2},"end":{"line":554,"column":null}},"type":"if","locations":[{"start":{"line":554,"column":2},"end":{"line":554,"column":null}},{"start":{},"end":{}}],"line":554},"99":{"loc":{"start":{"line":569,"column":2},"end":{"line":574,"column":null}},"type":"if","locations":[{"start":{"line":569,"column":2},"end":{"line":574,"column":null}},{"start":{},"end":{}}],"line":569},"100":{"loc":{"start":{"line":571,"column":4},"end":{"line":573,"column":null}},"type":"if","locations":[{"start":{"line":571,"column":4},"end":{"line":573,"column":null}},{"start":{},"end":{}}],"line":571},"101":{"loc":{"start":{"line":585,"column":9},"end":{"line":587,"column":90}},"type":"binary-expr","locations":[{"start":{"line":585,"column":10},"end":{"line":585,"column":50}},{"start":{"line":585,"column":54},"end":{"line":585,"column":91}},{"start":{"line":586,"column":10},"end":{"line":586,"column":54}},{"start":{"line":586,"column":58},"end":{"line":586,"column":99}},{"start":{"line":587,"column":10},"end":{"line":587,"column":49}},{"start":{"line":587,"column":53},"end":{"line":587,"column":89}}],"line":585},"102":{"loc":{"start":{"line":600,"column":4},"end":{"line":603,"column":null}},"type":"if","locations":[{"start":{"line":600,"column":4},"end":{"line":603,"column":null}},{"start":{},"end":{}}],"line":600},"103":{"loc":{"start":{"line":600,"column":8},"end":{"line":600,"column":59}},"type":"binary-expr","locations":[{"start":{"line":600,"column":8},"end":{"line":600,"column":23}},{"start":{"line":600,"column":27},"end":{"line":600,"column":59}}],"line":600},"104":{"loc":{"start":{"line":605,"column":2},"end":{"line":608,"column":null}},"type":"if","locations":[{"start":{"line":605,"column":2},"end":{"line":608,"column":null}},{"start":{},"end":{}}],"line":605},"105":{"loc":{"start":{"line":620,"column":2},"end":{"line":620,"column":null}},"type":"if","locations":[{"start":{"line":620,"column":2},"end":{"line":620,"column":null}},{"start":{},"end":{}}],"line":620},"106":{"loc":{"start":{"line":624,"column":9},"end":{"line":624,"column":81}},"type":"binary-expr","locations":[{"start":{"line":624,"column":9},"end":{"line":624,"column":44}},{"start":{"line":624,"column":48},"end":{"line":624,"column":81}}],"line":624},"107":{"loc":{"start":{"line":637,"column":4},"end":{"line":642,"column":null}},"type":"if","locations":[{"start":{"line":637,"column":4},"end":{"line":642,"column":null}},{"start":{},"end":{}}],"line":637},"108":{"loc":{"start":{"line":638,"column":6},"end":{"line":641,"column":null}},"type":"if","locations":[{"start":{"line":638,"column":6},"end":{"line":641,"column":null}},{"start":{},"end":{}}],"line":638},"109":{"loc":{"start":{"line":660,"column":4},"end":{"line":662,"column":null}},"type":"if","locations":[{"start":{"line":660,"column":4},"end":{"line":662,"column":null}},{"start":{},"end":{}}],"line":660},"110":{"loc":{"start":{"line":671,"column":4},"end":{"line":675,"column":null}},"type":"if","locations":[{"start":{"line":671,"column":4},"end":{"line":675,"column":null}},{"start":{"line":673,"column":11},"end":{"line":675,"column":null}}],"line":671},"111":{"loc":{"start":{"line":671,"column":8},"end":{"line":671,"column":61}},"type":"binary-expr","locations":[{"start":{"line":671,"column":8},"end":{"line":671,"column":27}},{"start":{"line":671,"column":31},"end":{"line":671,"column":61}}],"line":671},"112":{"loc":{"start":{"line":688,"column":2},"end":{"line":688,"column":null}},"type":"if","locations":[{"start":{"line":688,"column":2},"end":{"line":688,"column":null}},{"start":{},"end":{}}],"line":688},"113":{"loc":{"start":{"line":695,"column":4},"end":{"line":703,"column":null}},"type":"if","locations":[{"start":{"line":695,"column":4},"end":{"line":703,"column":null}},{"start":{},"end":{}}],"line":695},"114":{"loc":{"start":{"line":695,"column":8},"end":{"line":697,"column":41}},"type":"binary-expr","locations":[{"start":{"line":695,"column":8},"end":{"line":695,"column":21}},{"start":{"line":696,"column":8},"end":{"line":696,"column":41}},{"start":{"line":697,"column":8},"end":{"line":697,"column":41}}],"line":695},"115":{"loc":{"start":{"line":699,"column":6},"end":{"line":702,"column":null}},"type":"if","locations":[{"start":{"line":699,"column":6},"end":{"line":702,"column":null}},{"start":{},"end":{}}],"line":699},"116":{"loc":{"start":{"line":717,"column":2},"end":{"line":717,"column":null}},"type":"if","locations":[{"start":{"line":717,"column":2},"end":{"line":717,"column":null}},{"start":{},"end":{}}],"line":717},"117":{"loc":{"start":{"line":721,"column":2},"end":{"line":721,"column":n
[...]
e":10,"column":10},"end":{"line":10,"column":null}},"3":{"start":{"line":13,"column":4},"end":{"line":15,"column":null}},"4":{"start":{"line":14,"column":6},"end":{"line":14,"column":null}},"5":{"start":{"line":18,"column":18},"end":{"line":18,"column":null}},"6":{"start":{"line":19,"column":14},"end":{"line":19,"column":null}},"7":{"start":{"line":20,"column":14},"end":{"line":20,"column":null}},"8":{"start":{"line":21,"column":14},"end":{"line":21,"column":null}},"9":{"start":{"line":23,"column":4},"end":{"line":23,"column":null}},"10":{"start":{"line":25,"column":4},"end":{"line":25,"column":null}},"11":{"start":{"line":26,"column":4},"end":{"line":26,"column":null}},"12":{"start":{"line":37,"column":2},"end":{"line":44,"column":null}},"13":{"start":{"line":38,"column":10},"end":{"line":38,"column":null}},"14":{"start":{"line":39,"column":10},"end":{"line":39,"column":null}},"15":{"start":{"line":40,"column":4},"end":{"line":40,"column":null}},"16":{"start":{"line":42,"column":4},"end":{"line":42,"column":null}},"17":{"start":{"line":43,"column":4},"end":{"line":43,"column":null}},"18":{"start":{"line":52,"column":2},"end":{"line":52,"column":null}},"19":{"start":{"line":52,"column":18},"end":{"line":52,"column":null}},"20":{"start":{"line":53,"column":2},"end":{"line":53,"column":null}},"21":{"start":{"line":53,"column":20},"end":{"line":53,"column":null}},"22":{"start":{"line":54,"column":2},"end":{"line":54,"column":null}},"23":{"start":{"line":92,"column":34},"end":{"line":92,"column":null}},"24":{"start":{"line":95,"column":20},"end":{"line":102,"column":null}},"25":{"start":{"line":96,"column":4},"end":{"line":101,"column":null}},"26":{"start":{"line":97,"column":6},"end":{"line":97,"column":null}},"27":{"start":{"line":99,"column":6},"end":{"line":99,"column":null}},"28":{"start":{"line":100,"column":6},"end":{"line":100,"column":null}},"29":{"start":{"line":105,"column":20},"end":{"line":105,"column":null}},"30":{"start":{"line":106,"column":18},"end":{"line":106,"column":null}},"31":{"start":{"line":107,"column":23},"end":{"line":107,"column":null}},"32":{"start":{"line":108,"column":31},"end":{"line":108,"column":null}},"33":{"start":{"line":109,"column":23},"end":{"line":109,"column":null}},"34":{"start":{"line":110,"column":27},"end":{"line":110,"column":null}},"35":{"start":{"line":111,"column":24},"end":{"line":111,"column":null}},"36":{"start":{"line":112,"column":20},"end":{"line":112,"column":null}},"37":{"start":{"line":113,"column":24},"end":{"line":113,"column":null}},"38":{"start":{"line":114,"column":25},"end":{"line":114,"column":null}},"39":{"start":{"line":115,"column":22},"end":{"line":115,"column":null}},"40":{"start":{"line":116,"column":24},"end":{"line":116,"column":null}},"41":{"start":{"line":117,"column":24},"end":{"line":117,"column":null}},"42":{"start":{"line":120,"column":36},"end":{"line":131,"column":null}},"43":{"start":{"line":124,"column":4},"end":{"line":124,"column":null}},"44":{"start":{"line":124,"column":28},"end":{"line":124,"column":null}},"45":{"start":{"line":125,"column":4},"end":{"line":130,"column":null}},"46":{"start":{"line":126,"column":6},"end":{"line":126,"column":null}},"47":{"start":{"line":128,"column":6},"end":{"line":128,"column":null}},"48":{"start":{"line":129,"column":6},"end":{"line":129,"column":null}},"49":{"start":{"line":134,"column":28},"end":{"line":153,"column":null}},"50":{"start":{"line":142,"column":18},"end":{"line":142,"column":null}},"51":{"start":{"line":143,"column":4},"end":{"line":152,"column":null}},"52":{"start":{"line":144,"column":6},"end":{"line":151,"column":null}},"53":{"start":{"line":156,"column":31},"end":{"line":176,"column":null}},"54":{"start":{"line":163,"column":20},"end":{"line":163,"column":null}},"55":{"start":{"line":164,"column":28},"end":{"line":164,"column":null}},"56":{"start":{"line":165,"column":18},"end":{"line":165,"column":null}},"57":{"start":{"line":166,"column":4},"end":{"line":175,"column":null}},"58":{"start":{"line":167,"column":6},"end":{"line":174,"column":null}},"59":{"start":{"line":179,"column":31},"end":{"line":206,"column":null}},"60":{"start":{"line":187,"column":4},"end":{"line":187,"column":null}},"61":{"start":{"line":187,"column":20},"end":{"line":187,"column":null}},"62":{"start":{"line":188,"column":4},"end":{"line":205,"column":null}},"63":{"start":{"line":189,"column":30},"end":{"line":189,"column":null}},"64":{"start":{"line":190,"column":22},"end":{"line":190,"column":null}},"65":{"start":{"line":191,"column":30},"end":{"line":191,"column":null}},"66":{"start":{"line":192,"column":20},"end":{"line":192,"column":null}},"67":{"start":{"line":193,"column":6},"end":{"line":202,"column":null}},"68":{"start":{"line":194,"column":8},"end":{"line":201,"column":null}},"69":{"start":{"line":204,"column":6},"end":{"line":204,"column":null}},"70":{"start":{"line":209,"column":32},"end":{"line":236,"column":null}},"71":{"start":{"line":217,"column":4},"end":{"line":217,"column":null}},"72":{"start":{"line":217,"column":26},"end":{"line":217,"column":null}},"73":{"start":{"line":218,"column":23},"end":{"line":218,"column":null}},"74":{"start":{"line":219,"column":21},"end":{"line":219,"column":null}},"75":{"start":{"line":220,"column":26},"end":{"line":220,"column":null}},"76":{"start":{"line":221,"column":24},"end":{"line":221,"column":null}},"77":{"start":{"line":223,"column":23},"end":{"line":223,"column":null}},"78":{"start":{"line":224,"column":21},"end":{"line":224,"column":null}},"79":{"start":{"line":225,"column":4},"end":{"line":235,"column":null}},"80":{"start":{"line":226,"column":23},"end":{"line":226,"column":null}},"81":{"start":{"line":227,"column":6},"end":{"line":234,"column":null}},"82":{"start":{"line":239,"column":2},"end":{"line":239,"column":null}},"83":{"start":{"line":240,"column":2},"end":{"line":240,"column":null}},"84":{"start":{"line":241,"column":2},"end":{"line":241,"column":null}},"85":{"start":{"line":242,"column":2},"end":{"line":242,"column":null}},"86":{"start":{"line":243,"column":2},"end":{"line":243,"column":null}},"87":{"start":{"line":244,"column":2},"end":{"line":244,"column":null}},"88":{"start":{"line":245,"column":2},"end":{"line":245,"column":null}},"89":{"start":{"line":246,"column":2},"end":{"line":246,"column":null}},"90":{"start":{"line":247,"column":2},"end":{"line":247,"column":null}},"91":{"start":{"line":248,"column":2},"end":{"line":248,"column":null}},"92":{"start":{"line":249,"column":2},"end":{"line":249,"column":null}},"93":{"start":{"line":252,"column":2},"end":{"line":252,"column":null}},"94":{"start":{"line":253,"column":2},"end":{"line":253,"column":null}},"95":{"start":{"line":254,"column":2},"end":{"line":254,"column":null}},"96":{"start":{"line":257,"column":2},"end":{"line":257,"column":null}},"97":{"start":{"line":258,"column":2},"end":{"line":258,"column":null}},"98":{"start":{"line":259,"column":32},"end":{"line":259,"column":null}},"99":{"start":{"line":260,"column":2},"end":{"line":260,"column":null}},"100":{"start":{"line":261,"column":2},"end":{"line":261,"column":null}},"101":{"start":{"line":264,"column":2},"end":{"line":264,"column":null}},"102":{"start":{"line":265,"column":2},"end":{"line":265,"column":null}},"103":{"start":{"line":266,"column":2},"end":{"line":266,"column":null}},"104":{"start":{"line":267,"column":2},"end":{"line":267,"column":null}},"105":{"start":{"line":269,"column":2},"end":{"line":269,"column":null}}},"fnMap":{"0":{"name":"blendColor","decl":{"start":{"line":7,"column":9},"end":{"line":7,"column":20}},"loc":{"start":{"line":7,"column":68},"end":{"line":28,"column":null}},"line":7},"1":{"name":"getContrastRatio","decl":{"start":{"line":36,"column":16},"end":{"line":36,"column":33}},"loc":{"start":{"line":36,"column":73},"end":{"line":45,"column":null}},"line":36},"2":{"name":"getContrastLevel","decl":{"start":{"line":51,"column":16},"end":{"line":51,"column":33}},"loc":{"start":{"line":51,"column":71},"end":{"line":55,"column":null}},"line":51},"3":{"name":"checkContrastIssues","decl":{"start":{"line":70,"column":16},"end":{"line":70,"column":36}},"loc":{"start":{"line":91,"column":20},"end":{"line":270,"column":null}},"line":91},"4":{"name":"(anonymous_4)","decl":{"start":{"line":95,"column":20},"end":{"line":95,"column":21}},"loc":{"start":{"line":95,"column":78},"end":{"line":102,"column":null}},"line":95},"5":{"name":"(anonymous_5)","decl":{"start":{"line":120,"column":36},"end":{"line":120,"column":null}},"loc":{"start":{"line":123,"column":15},"end":{"line":131,"column":null}},"line":123},"6":{"name":"(anonymous_6)","decl":{"start":{"line":134,"column":28},"end":{"line":134,"column":null}},"loc":{"start":{"line":141,"column":13},"end":{"line":153,"column":null}},"line":141},"7":{"name":"(anonymous_7)","decl":{"start":{"line":156,"column":31},"end":{"line":156,"column":null}},"loc":{"start":{"line":162,"column":13},"end":{"line":176,"column":null}},"line":162},"8":{"name":"(anonymous_8)","decl":{"start":{"line":179,"column":31},"end":{"line":179,"column":null}},"loc":{"start":{"line":186,"column":13},"end":{"line":206,"column":null}},"line":186},"9":{"name":"(anonymous_9)","decl":{"start":{"line":209,"column":32},"end":{"line":209,"column":null}},"loc":{"start":{"line":216,"column":13},"end":{"line":236,"column":null}},"line":216}},"branchMap":{"0":{"loc":{"start":{"line":13,"column":4},"end":{"line":15,"column":null}},"type":"if","locations":[{"start":{"line":13,"column":4},"end":{"line":15,"column":null}},{"start":{},"end":{}}],"line":13},"1":{"loc":{"start":{"line":52,"column":2},"end":{"line":52,"column":null}},"type":"if","locations":[{"start":{"line":52,"column":2},"end":{"line":52,"column":null}},{"start":{},"end":{}}],"line":52},"2":{"loc":{"start":{"line":53,"column":2},"end":{"line":53,"column":null}},"type":"if","locations":[{"start":{"line":53,"column":2},"end":{"line":53,"column":null}},{"start":{},"end":{}}],"line":53},"3":{"loc":{"start":{"line":124,"column":4},"end":{"line":124,"column":null}},"type":"if","locations":[{"start":{"line":124,"column":4},"end":{"line":124,"column":null}},{"start":{},"end":{}}],"line":124},"4":{"loc":{"start":{"line":124,"column":8},"end":{"line":124,"column":28}},"type":"binary-expr","locations":[{"start":{"line":124,"column":8},"end":{"line":124,"column":19}},{"start":{"line":124,"column":19},"end":{"line":124,"column":28}}],"line":124},"5":{"loc":{"start":{"line":143,"column":4},"end":{"line":152,"column":null}},"type":"if","locations":[{"start":{"line":143,"column":4},"end":{"line":152,"column":null}},{"start":{},"end":{}}],"line":143},"6":{"loc":{"start":{"line":166,"column":4},"end":{"line":175,"column":null}},"type":"if","locations":[{"start":{"line":166,"column":4},"end":{"line":175,"column":null}},{"start":{},"end":{}}],"line":166},"7":{"loc":{"start":{"line":187,"column":4},"end":{"line":187,"column":null}},"type":"if","locations":[{"start":{"line":187,"column":4},"end":{"line":187,"column":null}},{"start":{},"end":{}}],"line":187},"8":{"loc":{"start":{"line":193,"column":6},"end":{"line":202,"column":null}},"type":"if","locations":[{"start":{"line":193,"column":6},"end":{"line":202,"column":null}},{"start":{},"end":{}}],"line":193},"9":{"loc":{"start":{"line":217,"column":4},"end":{"line":217,"column":null}},"type":"if","locations":[{"start":{"line":217,"column":4},"end":{"line":217,"column":null}},{"start":{},"end":{}}],"line":217},"10":{"loc":{"start":{"line":225,"column":4},"end":{"line":235,"column":null}},"type":"if","locations":[{"start":{"line":225,"column":4},"end":{"line":235,"column":null}},{"start":{},"end":{}}],"line":225},"11":{"loc":{"start":{"line":225,"column":8},"end":{"line":225,"column":44}},"type":"binary-expr","locations":[{"start":{"line":225,"column":8},"end":{"line":225,"column":28}},{"start":{"line":225,"column":28},"end":{"line":225,"column":44}}],"line":225}},"s":{"0":585,"1":585,"2":585,"3":585,"4":320,"5":255,"6":255,"7":255,"8":255,"9":255,"10":10,"11":10,"12":8,"13":8,"14":8,"15":8,"16":3,"17":3,"18":139,"19":4,"20":135,"21":5,"22":130,"23":39,"24":39,"25":1092,"26":1092,"27":6,"28":6,"29":39,"30":39,"31":39,"32":39,"33":39,"34":39,"35":39,"36":39,"37":39,"38":39,"39":39,"40":39,"41":39,"42":39,"43":1014,"44":12,"45":1002,"46":1002,"47":0,"48":0,"49":39,"50":468,"51":468,"52":58,"53":39,"54":117,"55":117,"56":117,"57":117,"58":13,"59":39,"60":117,"61":0,"62":117,"63":117,"64":117,"65":117,"66":117,"67":117,"68":30,"69":0,"70":39,"71":156,"72":0,"73":156,"74":156,"75":156,"76":156,"77":156,"78":156,"79":156,"80":25,"81":25,"82":39,"83":39,"84":39,"85":39,"86":39,"87":39,"88":39,"89":39,"90":39,"91":39,"92":39,"93":39,"94":39,"95":39,"96":39,"97":39,"98":39,"99":39,"100":39,"101":39,"102":39,"103":39,"104":39,"105":39},"f":{"0":585,"1":8,"2":139,"3":39,"4":1092,"5":1014,"6":468,"7":117,"8":117,"9":156},"b":{"0":[320,265],"1":[4,135],"2":[5,130],"3":[12,1002],"4":[1014,1010],"5":[58,410],"6":[13,104],"7":[0,117],"8":[30,87],"9":[0,156],"10":[25,131],"11":[156,133]},"meta":{"lastBranch":12,"lastFunction":10,"lastStatement":106,"seen":{"f:7:9:7:20":0,"s:8:2:27:Infinity":0,"s:9:10:9:Infinity":1,"s:10:10:10:Infinity":2,"b:13:4:15:Infinity:undefined:undefined:undefined:undefined":0,"s:13:4:15:Infinity":3,"s:14:6:14:Infinity":4,"s:18:18:18:Infinity":5,"s:19:14:19:Infinity":6,"s:20:14:20:Infinity":7,"s:21:14:21:Infinity":8,"s:23:4:23:Infinity":9,"s:25:4:25:Infinity":10,"s:26:4:26:Infinity":11,"f:36:16:36:33":1,"s:37:2:44:Infinity":12,"s:38:10:38:Infinity":13,"s:39:10:39:Infinity":14,"s:40:4:40:Infinity":15,"s:42:4:42:Infinity":16,"s:43:4:43:Infinity":17,"f:51:16:51:33":2,"b:52:2:52:Infinity:undefined:undefined:undefined:undefined":1,"s:52:2:52:Infinity":18,"s:52:18:52:Infinity":19,"b:53:2:53:Infinity:undefined:undefined:undefined:undefined":2,"s:53:2:53:Infinity":20,"s:53:20:53:Infinity":21,"s:54:2:54:Infinity":22,"f:70:16:70:36":3,"s:92:34:92:Infinity":23,"s:95:20:102:Infinity":24,"f:95:20:95:21":4,"s:96:4:101:Infinity":25,"s:97:6:97:Infinity":26,"s:99:6:99:Infinity":27,"s:100:6:100:Infinity":28,"s:105:20:105:Infinity":29,"s:106:18:106:Infinity":30,"s:107:23:107:Infinity":31,"s:108:31:108:Infinity":32,"s:109:23:109:Infinity":33,"s:110:27:110:Infinity":34,"s:111:24:111:Infinity":35,"s:112:20:112:Infinity":36,"s:113:24:113:Infinity":37,"s:114:25:114:Infinity":38,"s:115:22:115:Infinity":39,"s:116:24:116:Infinity":40,"s:117:24:117:Infinity":41,"s:120:36:131:Infinity":42,"f:120:36:120:Infinity":5,"b:124:4:124:Infinity:undefined:undefined:undefined:undefined":3,"s:124:4:124:Infinity":43,"b:124:8:124:19:124:19:124:28":4,"s:124:28:124:Infinity":44,"s:125:4:130:Infinity":45,"s:126:6:126:Infinity":46,"s:128:6:128:Infinity":47,"s:129:6:129:Infinity":48,"s:134:28:153:Infinity":49,"f:134:28:134:Infinity":6,"s:142:18:142:Infinity":50,"b:143:4:152:Infinity:undefined:undefined:undefined:undefined":5,"s:143:4:152:Infinity":51,"s:144:6:151:Infinity":52,"s:156:31:176:Infinity":53,"f:156:31:156:Infinity":7,"s:163:20:163:Infinity":54,"s:164:28:164:Infinity":55,"s:165:18:165:Infinity":56,"b:166:4:175:Infinity:undefined:undefined:undefined:undefined":6,"s:166:4:175:Infinity":57,"s:167:6:174:Infinity":58,"s:179:31:206:Infinity":59,"f:179:31:179:Infinity":8,"b:187:4:187:Infinity:undefined:undefined:undefined:undefined":7,"s:187:4:187:Infinity":60,"s:187:20:187:Infinity":61,"s:188:4:205:Infinity":62,"s:189:30:189:Infinity":63,"s:190:22:190:Infinity":64,"s:191:30:191:Infinity":65,"s:192:20:192:Infinity":66,"b:193:6:202:Infinity:undefined:undefined:undefined:undefined":8,"s:193:6:202:Infinity":67,"s:194:8:201:Infinity":68,"s:204:6:204:Infinity":69,"s:209:32:236:Infinity":70,"f:209:32:209:Infinity":9,"b:217:4:217:Infinity:undefined:undefined:undefined:undefined":9,"s:217:4:217:Infinity":71,"s:217:26:217:Infinity":72,"s:218:23:218:Infinity":73,"s:219:21:219:Infinity":74,"s:220:26:220:Infinity":75,"s:221:24:221:Infinity":76,"s:223:23:223:Infinity":77,"s:224:21:224:Infinity":78,"b:225:4:235:Infinity:undefined:undefined:undefined:undefined":10,"s:225:4:235:Infinity":79,"b:225:8:225:28:225:28:225:44":11,"s:226:23:226:Infinity":80,"s:227:6:234:Infinity":81,"s:239:2:239:Infinity":82,"s:240:2:240:Infinity":83,"s:241:2:241:Infinity":84,"s:242:2:242:Infinity":85,"s:243:2:243:Infinity":86,"s:244:2:244:Infinity":87,"s:245:2:245:Infinity":88,"s:246:2:246:Infinity":89,"s:247:2:247:Infinity":90,"s:248:2:248:Infinity":91,"s:249:2:249:Infinity":92,"s:252:2:252:Infinity":93,"s:253:2:253:Infinity":94,"s:254:2:254:Infinity":95,"s:257:2:257:Infinity":96,"s:258:2:258:Infinity":97,"s:259:32:259:Infinity":98,"s:260:2:260:Infinity":99,"s:261:2:261:Infinity":100,"s:264:2:264:Infinity":101,"s:265:2:265:Infinity":102,"s:266:2:266:Infinity":103,"s:267:2:267:Infinity":104,"s:269:2:269:Infinity":105}}}
,"/Users/johnnyhammond/Documents/new-years-project/src/utils/imageGrayscale.ts": {"path":"/Users/johnnyhammond/Documents/new-years-project/src/utils/imageGrayscale.ts","statementMap":{"0":{"start":{"line":12,"column":2},"end":{"line":14,"column":null}},"1":{"start":{"line":13,"column":4},"end":{"line":13,"column":null}},"2":{"start":{"line":17,"column":2},"end":{"line":24,"column":null}},"3":{"start":{"line":19,"column":21},"end":{"line":19,"column":null}},"4":{"start":{"line":20,"column":22},"end":{"line":20,"column":null}},"5":{"start":{"line":23,"column":4},"end":{"line":23,"column":null}},"6":{"start":{"line":27,"column":2},"end":{"line":27,"column":null}},"7":{"start":{"line":36,"column":2},"end":{"line":36,"column":null}}},"fnMap":{"0":{"name":"getGrayscaleImageUrl","decl":{"start":{"line":11,"column":16},"end":{"line":11,"column":37}},"loc":{"start":{"line":11,"column":85},"end":{"line":28,"column":null}},"line":11},"1":{"name":"getGrayscaleFilter","decl":{"start":{"line":35,"column":16},"end":{"line":35,"column":35}},"loc":{"start":{"line":35,"column":77},"end":{"line":37,"column":null}},"line":35}},"branchMap":{"0":{"loc":{"start":{"line":12,"column":2},"end":{"line":14,"column":null}},"type":"if","locations":[{"start":{"line":12,"column":2},"end":{"line":14,"column":null}},{"start":{},"end":{}}],"line":12},"1":{"loc":{"start":{"line":17,"column":2},"end":{"line":24,"column":null}},"type":"if","locations":[{"start":{"line":17,"column":2},"end":{"line":24,"column":null}},{"start":{},"end":{}}],"line":17},"2":{"loc":{"start":{"line":20,"column":22},"end":{"line":20,"column":null}},"type":"cond-expr","locations":[{"start":{"line":20,"column":33},"end":{"line":20,"column":39}},{"start":{"line":20,"column":39},"end":{"line":20,"column":null}}],"line":20},"3":{"loc":{"start":{"line":36,"column":9},"end":{"line":36,"column":null}},"type":"cond-expr","locations":[{"start":{"line":36,"column":23},"end":{"line":36,"column":43}},{"start":{"line":36,"column":43},"end":{"line":36,"column":null}}],"line":36}},"s":{"0":67,"1":59,"2":8,"3":6,"4":6,"5":6,"6":2,"7":72},"f":{"0":67,"1":72},"b":{"0":[59,8],"1":[6,2],"2":[3,3],"3":[1,71]},"meta":{"lastBranch":4,"lastFunction":2,"lastStatement":8,"seen":{"f:11:16:11:37":0,"b:12:2:14:Infinity:undefined:undefined:undefined:undefined":0,"s:12:2:14:Infinity":0,"s:13:4:13:Infinity":1,"b:17:2:24:Infinity:undefined:undefined:undefined:undefined":1,"s:17:2:24:Infinity":2,"s:19:21:19:Infinity":3,"s:20:22:20:Infinity":4,"b:20:33:20:39:20:39:20:Infinity":2,"s:23:4:23:Infinity":5,"s:27:2:27:Infinity":6,"f:35:16:35:35":1,"s:36:2:36:Infinity":7,"b:36:23:36:43:36:43:36:Infinity":3}}}
,"/Users/johnnyhammond/Documents/new-years-project/src/utils/slug.ts": {"path":"/Users/johnnyhammond/Documents/new-years-project/src/utils/slug.ts","statementMap":{"0":{"start":{"line":7,"column":2},"end":{"line":12,"column":null}}},"fnMap":{"0":{"name":"slugify","decl":{"start":{"line":6,"column":16},"end":{"line":6,"column":24}},"loc":{"start":{"line":6,"column":46},"end":{"line":13,"column":null}},"line":6}},"branchMap":{},"s":{"0":490},"f":{"0":490},"b":{},"meta":{"lastBranch":0,"lastFunction":1,"lastStatement":1,"seen":{"f:6:16:6:24":0,"s:7:2:12:Infinity":0}}}
}
